{"/Users/nginx-iwnl/-nodejs-backend-architecture-typescript/src/app.ts": {"path":"/Users/nginx-iwnl/-nodejs-backend-architecture-typescript/src/app.ts","statementMap":{"0":{"start":{"line":1,"column":0},"end":{"line":1,"column":67}},"1":{"start":{"line":2,"column":0},"end":{"line":2,"column":35}},"2":{"start":{"line":3,"column":0},"end":{"line":3,"column":37}},"3":{"start":{"line":4,"column":0},"end":{"line":4,"column":24}},"4":{"start":{"line":5,"column":0},"end":{"line":5,"column":48}},"5":{"start":{"line":6,"column":0},"end":{"line":6,"column":20}},"6":{"start":{"line":7,"column":0},"end":{"line":7,"column":73}},"7":{"start":{"line":8,"column":0},"end":{"line":8,"column":35}},"8":{"start":{"line":10,"column":0},"end":{"line":12,"column":3}},"9":{"start":{"line":11,"column":2},"end":{"line":11,"column":18}},"10":{"start":{"line":14,"column":12},"end":{"line":14,"column":21}},"11":{"start":{"line":16,"column":0},"end":{"line":16,"column":44}},"12":{"start":{"line":17,"column":0},"end":{"line":17,"column":89}},"13":{"start":{"line":18,"column":0},"end":{"line":18,"column":62}},"14":{"start":{"line":21,"column":0},"end":{"line":21,"column":25}},"15":{"start":{"line":24,"column":0},"end":{"line":24,"column":55}},"16":{"start":{"line":24,"column":28},"end":{"line":24,"column":53}},"17":{"start":{"line":28,"column":0},"end":{"line":38,"column":3}},"18":{"start":{"line":29,"column":2},"end":{"line":37,"column":null}},"19":{"start":{"line":30,"column":4},"end":{"line":30,"column":30}},"20":{"start":{"line":32,"column":4},"end":{"line":35,"column":null}},"21":{"start":{"line":33,"column":6},"end":{"line":33,"column":24}},"22":{"start":{"line":34,"column":6},"end":{"line":34,"column":47}},"23":{"start":{"line":36,"column":4},"end":{"line":36,"column":46}},"24":{"start":{"line":40,"column":0},"end":{"line":40,"column":19}}},"fnMap":{"0":{"name":"(anonymous_1)","decl":{"start":{"line":10,"column":32},"end":{"line":10,"column":33}},"loc":{"start":{"line":10,"column":38},"end":{"line":12,"column":1}}},"1":{"name":"(anonymous_2)","decl":{"start":{"line":24,"column":8},"end":{"line":24,"column":9}},"loc":{"start":{"line":24,"column":28},"end":{"line":24,"column":53}}},"2":{"name":"(anonymous_3)","decl":{"start":{"line":28,"column":8},"end":{"line":28,"column":9}},"loc":{"start":{"line":28,"column":72},"end":{"line":38,"column":1}}}},"branchMap":{"0":{"loc":{"start":{"line":29,"column":2},"end":{"line":37,"column":null}},"type":"if","locations":[{"start":{"line":29,"column":2},"end":{"line":37,"column":null}},{"start":{"line":29,"column":2},"end":{"line":37,"column":null}}]},"1":{"loc":{"start":{"line":32,"column":4},"end":{"line":35,"column":null}},"type":"if","locations":[{"start":{"line":32,"column":4},"end":{"line":35,"column":null}},{"start":{"line":32,"column":4},"end":{"line":35,"column":null}}]}},"s":{"0":8,"1":8,"2":8,"3":8,"4":8,"5":8,"6":8,"7":8,"8":8,"9":0,"10":8,"11":8,"12":8,"13":8,"14":8,"15":8,"16":3,"17":8,"18":47,"19":47,"20":0,"21":0,"22":0,"23":0,"24":8},"f":{"0":0,"1":3,"2":47},"b":{"0":[47,0],"1":[0,0]}}
,"/Users/nginx-iwnl/-nodejs-backend-architecture-typescript/src/config.ts": {"path":"/Users/nginx-iwnl/-nodejs-backend-architecture-typescript/src/config.ts","statementMap":{"0":{"start":{"line":2,"column":13},"end":{"line":2,"column":48}},"1":{"start":{"line":3,"column":13},"end":{"line":3,"column":37}},"2":{"start":{"line":5,"column":13},"end":{"line":11,"column":2}},"3":{"start":{"line":13,"column":13},"end":{"line":13,"column":44}},"4":{"start":{"line":15,"column":13},"end":{"line":20,"column":2}},"5":{"start":{"line":22,"column":13},"end":{"line":22,"column":48}}},"fnMap":{},"branchMap":{"0":{"loc":{"start":{"line":6,"column":8},"end":{"line":6,"column":27}},"type":"binary-expr","locations":[{"start":{"line":6,"column":8},"end":{"line":6,"column":27}},{"start":{"line":6,"column":31},"end":{"line":6,"column":33}}]},"1":{"loc":{"start":{"line":7,"column":8},"end":{"line":7,"column":27}},"type":"binary-expr","locations":[{"start":{"line":7,"column":8},"end":{"line":7,"column":27}},{"start":{"line":7,"column":31},"end":{"line":7,"column":33}}]},"2":{"loc":{"start":{"line":8,"column":8},"end":{"line":8,"column":27}},"type":"binary-expr","locations":[{"start":{"line":8,"column":8},"end":{"line":8,"column":27}},{"start":{"line":8,"column":31},"end":{"line":8,"column":33}}]},"3":{"loc":{"start":{"line":9,"column":8},"end":{"line":9,"column":27}},"type":"binary-expr","locations":[{"start":{"line":9,"column":8},"end":{"line":9,"column":27}},{"start":{"line":9,"column":31},"end":{"line":9,"column":33}}]},"4":{"loc":{"start":{"line":10,"column":12},"end":{"line":10,"column":35}},"type":"binary-expr","locations":[{"start":{"line":10,"column":12},"end":{"line":10,"column":35}},{"start":{"line":10,"column":39},"end":{"line":10,"column":41}}]},"5":{"loc":{"start":{"line":16,"column":36},"end":{"line":16,"column":73}},"type":"binary-expr","locations":[{"start":{"line":16,"column":36},"end":{"line":16,"column":73}},{"start":{"line":16,"column":77},"end":{"line":16,"column":80}}]},"6":{"loc":{"start":{"line":17,"column":37},"end":{"line":17,"column":75}},"type":"binary-expr","locations":[{"start":{"line":17,"column":37},"end":{"line":17,"column":75}},{"start":{"line":17,"column":79},"end":{"line":17,"column":82}}]},"7":{"loc":{"start":{"line":18,"column":10},"end":{"line":18,"column":34}},"type":"binary-expr","locations":[{"start":{"line":18,"column":10},"end":{"line":18,"column":34}},{"start":{"line":18,"column":38},"end":{"line":18,"column":40}}]},"8":{"loc":{"start":{"line":19,"column":12},"end":{"line":19,"column":38}},"type":"binary-expr","locations":[{"start":{"line":19,"column":12},"end":{"line":19,"column":38}},{"start":{"line":19,"column":42},"end":{"line":19,"column":44}}]}},"s":{"0":10,"1":10,"2":10,"3":10,"4":10,"5":10},"f":{},"b":{"0":[10,0],"1":[10,0],"2":[10,0],"3":[10,0],"4":[10,0],"5":[10,10],"6":[10,10],"7":[10,0],"8":[10,0]}}
,"/Users/nginx-iwnl/-nodejs-backend-architecture-typescript/src/auth/apikey.ts": {"path":"/Users/nginx-iwnl/-nodejs-backend-architecture-typescript/src/auth/apikey.ts","statementMap":{"0":{"start":{"line":1,"column":0},"end":{"line":1,"column":30}},"1":{"start":{"line":2,"column":0},"end":{"line":2,"column":59}},"2":{"start":{"line":3,"column":0},"end":{"line":3,"column":50}},"3":{"start":{"line":4,"column":0},"end":{"line":4,"column":36}},"4":{"start":{"line":6,"column":0},"end":{"line":6,"column":30}},"5":{"start":{"line":7,"column":0},"end":{"line":7,"column":67}},"6":{"start":{"line":8,"column":0},"end":{"line":8,"column":51}},"7":{"start":{"line":10,"column":15},"end":{"line":10,"column":31}},"8":{"start":{"line":12,"column":0},"end":{"line":24,"column":2}},"9":{"start":{"line":16,"column":4},"end":{"line":16,"column":53}},"10":{"start":{"line":18,"column":19},"end":{"line":18,"column":57}},"11":{"start":{"line":19,"column":4},"end":{"line":19,"column":24}},"12":{"start":{"line":21,"column":4},"end":{"line":21,"column":44}},"13":{"start":{"line":21,"column":17},"end":{"line":21,"column":44}},"14":{"start":{"line":22,"column":4},"end":{"line":22,"column":18}}},"fnMap":{"0":{"name":"(anonymous_7)","decl":{"start":{"line":14,"column":15},"end":{"line":14,"column":20}},"loc":{"start":{"line":14,"column":55},"end":{"line":23,"column":3}}}},"branchMap":{"0":{"loc":{"start":{"line":21,"column":4},"end":{"line":21,"column":44}},"type":"if","locations":[{"start":{"line":21,"column":4},"end":{"line":21,"column":44}},{"start":{"line":21,"column":4},"end":{"line":21,"column":44}}]}},"s":{"0":8,"1":8,"2":8,"3":8,"4":8,"5":8,"6":8,"7":8,"8":8,"9":55,"10":55,"11":55,"12":55,"13":1,"14":54},"f":{"0":55},"b":{"0":[1,54]}}
,"/Users/nginx-iwnl/-nodejs-backend-architecture-typescript/src/auth/authUtils.ts": {"path":"/Users/nginx-iwnl/-nodejs-backend-architecture-typescript/src/auth/authUtils.ts","statementMap":{"0":{"start":{"line":2,"column":0},"end":{"line":2,"column":67}},"1":{"start":{"line":3,"column":0},"end":{"line":3,"column":46}},"2":{"start":{"line":4,"column":0},"end":{"line":4,"column":33}},"3":{"start":{"line":6,"column":0},"end":{"line":6,"column":38}},"4":{"start":{"line":8,"column":13},"end":{"line":12,"column":2}},"5":{"start":{"line":9,"column":2},"end":{"line":9,"column":74}},"6":{"start":{"line":9,"column":22},"end":{"line":9,"column":74}},"7":{"start":{"line":10,"column":2},"end":{"line":10,"column":96}},"8":{"start":{"line":10,"column":44},"end":{"line":10,"column":96}},"9":{"start":{"line":11,"column":2},"end":{"line":11,"column":37}},"10":{"start":{"line":14,"column":13},"end":{"line":27,"column":2}},"11":{"start":{"line":15,"column":2},"end":{"line":25,"column":55}},"12":{"start":{"line":25,"column":4},"end":{"line":25,"column":55}},"13":{"start":{"line":26,"column":2},"end":{"line":26,"column":14}},"14":{"start":{"line":29,"column":13},"end":{"line":62,"column":2}},"15":{"start":{"line":34,"column":22},"end":{"line":41,"column":null}},"16":{"start":{"line":44,"column":2},"end":{"line":44,"column":46}},"17":{"start":{"line":44,"column":20},"end":{"line":44,"column":46}},"18":{"start":{"line":46,"column":23},"end":{"line":53,"column":null}},"19":{"start":{"line":56,"column":2},"end":{"line":56,"column":47}},"20":{"start":{"line":56,"column":21},"end":{"line":56,"column":47}},"21":{"start":{"line":58,"column":2},"end":{"line":61,"column":14}}},"fnMap":{"0":{"name":"(anonymous_6)","decl":{"start":{"line":8,"column":30},"end":{"line":8,"column":31}},"loc":{"start":{"line":8,"column":57},"end":{"line":12,"column":1}}},"1":{"name":"(anonymous_7)","decl":{"start":{"line":14,"column":33},"end":{"line":14,"column":34}},"loc":{"start":{"line":14,"column":66},"end":{"line":27,"column":1}}},"2":{"name":"(anonymous_8)","decl":{"start":{"line":29,"column":28},"end":{"line":29,"column":33}},"loc":{"start":{"line":33,"column":21},"end":{"line":62,"column":1}}}},"branchMap":{"0":{"loc":{"start":{"line":9,"column":2},"end":{"line":9,"column":74}},"type":"if","locations":[{"start":{"line":9,"column":2},"end":{"line":9,"column":74}},{"start":{"line":9,"column":2},"end":{"line":9,"column":74}}]},"1":{"loc":{"start":{"line":10,"column":2},"end":{"line":10,"column":96}},"type":"if","locations":[{"start":{"line":10,"column":2},"end":{"line":10,"column":96}},{"start":{"line":10,"column":2},"end":{"line":10,"column":96}}]},"2":{"loc":{"start":{"line":15,"column":2},"end":{"line":25,"column":55}},"type":"if","locations":[{"start":{"line":15,"column":2},"end":{"line":25,"column":55}},{"start":{"line":15,"column":2},"end":{"line":25,"column":55}}]},"3":{"loc":{"start":{"line":16,"column":4},"end":{"line":16,"column":12}},"type":"binary-expr","locations":[{"start":{"line":16,"column":4},"end":{"line":16,"column":12}},{"start":{"line":17,"column":4},"end":{"line":17,"column":16}},{"start":{"line":18,"column":4},"end":{"line":18,"column":16}},{"start":{"line":19,"column":4},"end":{"line":19,"column":16}},{"start":{"line":20,"column":4},"end":{"line":20,"column":16}},{"start":{"line":21,"column":4},"end":{"line":21,"column":36}},{"start":{"line":22,"column":4},"end":{"line":22,"column":38}},{"start":{"line":23,"column":4},"end":{"line":23,"column":40}}]},"4":{"loc":{"start":{"line":44,"column":2},"end":{"line":44,"column":46}},"type":"if","locations":[{"start":{"line":44,"column":2},"end":{"line":44,"column":46}},{"start":{"line":44,"column":2},"end":{"line":44,"column":46}}]},"5":{"loc":{"start":{"line":56,"column":2},"end":{"line":56,"column":47}},"type":"if","locations":[{"start":{"line":56,"column":2},"end":{"line":56,"column":47}},{"start":{"line":56,"column":2},"end":{"line":56,"column":47}}]}},"s":{"0":9,"1":9,"2":9,"3":9,"4":9,"5":28,"6":0,"7":28,"8":0,"9":28,"10":9,"11":30,"12":1,"13":29,"14":9,"15":3,"16":3,"17":0,"18":3,"19":3,"20":0,"21":3},"f":{"0":28,"1":30,"2":3},"b":{"0":[0,28],"1":[0,28],"2":[1,29],"3":[30,30,30,30,30,30,30,30],"4":[0,3],"5":[0,3]}}
,"/Users/nginx-iwnl/-nodejs-backend-architecture-typescript/src/auth/authentication.ts": {"path":"/Users/nginx-iwnl/-nodejs-backend-architecture-typescript/src/auth/authentication.ts","statementMap":{"0":{"start":{"line":1,"column":0},"end":{"line":1,"column":30}},"1":{"start":{"line":3,"column":0},"end":{"line":3,"column":55}},"2":{"start":{"line":4,"column":0},"end":{"line":4,"column":89}},"3":{"start":{"line":5,"column":0},"end":{"line":5,"column":30}},"4":{"start":{"line":6,"column":0},"end":{"line":6,"column":63}},"5":{"start":{"line":7,"column":0},"end":{"line":7,"column":33}},"6":{"start":{"line":8,"column":0},"end":{"line":8,"column":64}},"7":{"start":{"line":9,"column":0},"end":{"line":9,"column":67}},"8":{"start":{"line":10,"column":0},"end":{"line":10,"column":30}},"9":{"start":{"line":11,"column":0},"end":{"line":11,"column":51}},"10":{"start":{"line":13,"column":15},"end":{"line":13,"column":31}},"11":{"start":{"line":15,"column":0},"end":{"line":38,"column":2}},"12":{"start":{"line":18,"column":4},"end":{"line":18,"column":64}},"13":{"start":{"line":20,"column":4},"end":{"line":36,"column":null}},"14":{"start":{"line":21,"column":22},"end":{"line":21,"column":57}},"15":{"start":{"line":22,"column":6},"end":{"line":22,"column":33}},"16":{"start":{"line":24,"column":19},"end":{"line":24,"column":75}},"17":{"start":{"line":25,"column":6},"end":{"line":25,"column":67}},"18":{"start":{"line":25,"column":17},"end":{"line":25,"column":67}},"19":{"start":{"line":26,"column":6},"end":{"line":26,"column":22}},"20":{"start":{"line":28,"column":23},"end":{"line":28,"column":79}},"21":{"start":{"line":29,"column":6},"end":{"line":29,"column":72}},"22":{"start":{"line":29,"column":21},"end":{"line":29,"column":72}},"23":{"start":{"line":30,"column":6},"end":{"line":30,"column":30}},"24":{"start":{"line":32,"column":6},"end":{"line":32,"column":20}},"25":{"start":{"line":34,"column":6},"end":{"line":34,"column":80}},"26":{"start":{"line":34,"column":42},"end":{"line":34,"column":80}},"27":{"start":{"line":35,"column":6},"end":{"line":35,"column":14}}},"fnMap":{"0":{"name":"(anonymous_7)","decl":{"start":{"line":17,"column":15},"end":{"line":17,"column":20}},"loc":{"start":{"line":17,"column":58},"end":{"line":37,"column":3}}}},"branchMap":{"0":{"loc":{"start":{"line":25,"column":6},"end":{"line":25,"column":67}},"type":"if","locations":[{"start":{"line":25,"column":6},"end":{"line":25,"column":67}},{"start":{"line":25,"column":6},"end":{"line":25,"column":67}}]},"1":{"loc":{"start":{"line":29,"column":6},"end":{"line":29,"column":72}},"type":"if","locations":[{"start":{"line":29,"column":6},"end":{"line":29,"column":72}},{"start":{"line":29,"column":6},"end":{"line":29,"column":72}}]},"2":{"loc":{"start":{"line":34,"column":6},"end":{"line":34,"column":80}},"type":"if","locations":[{"start":{"line":34,"column":6},"end":{"line":34,"column":80}},{"start":{"line":34,"column":6},"end":{"line":34,"column":80}}]}},"s":{"0":8,"1":8,"2":8,"3":8,"4":8,"5":8,"6":8,"7":8,"8":8,"9":8,"10":8,"11":8,"12":28,"13":28,"14":28,"15":27,"16":27,"17":27,"18":0,"19":27,"20":27,"21":27,"22":0,"23":27,"24":27,"25":1,"26":0,"27":1},"f":{"0":28},"b":{"0":[0,27],"1":[0,27],"2":[0,1]}}
,"/Users/nginx-iwnl/-nodejs-backend-architecture-typescript/src/auth/authorization.ts": {"path":"/Users/nginx-iwnl/-nodejs-backend-architecture-typescript/src/auth/authorization.ts","statementMap":{"0":{"start":{"line":1,"column":0},"end":{"line":1,"column":30}},"1":{"start":{"line":3,"column":0},"end":{"line":3,"column":52}},"2":{"start":{"line":4,"column":0},"end":{"line":4,"column":55}},"3":{"start":{"line":5,"column":0},"end":{"line":5,"column":51}},"4":{"start":{"line":7,"column":15},"end":{"line":7,"column":31}},"5":{"start":{"line":9,"column":0},"end":{"line":25,"column":2}},"6":{"start":{"line":11,"column":4},"end":{"line":12,"column":54}},"7":{"start":{"line":12,"column":6},"end":{"line":12,"column":54}},"8":{"start":{"line":14,"column":17},"end":{"line":14,"column":63}},"9":{"start":{"line":15,"column":4},"end":{"line":15,"column":63}},"10":{"start":{"line":15,"column":15},"end":{"line":15,"column":63}},"11":{"start":{"line":17,"column":23},"end":{"line":18,"column":null}},"12":{"start":{"line":18,"column":20},"end":{"line":18,"column":73}},"13":{"start":{"line":21,"column":4},"end":{"line":21,"column":95}},"14":{"start":{"line":21,"column":47},"end":{"line":21,"column":95}},"15":{"start":{"line":23,"column":4},"end":{"line":23,"column":18}}},"fnMap":{"0":{"name":"(anonymous_1)","decl":{"start":{"line":10,"column":15},"end":{"line":10,"column":20}},"loc":{"start":{"line":10,"column":58},"end":{"line":24,"column":3}}},"1":{"name":"(anonymous_2)","decl":{"start":{"line":18,"column":6},"end":{"line":18,"column":7}},"loc":{"start":{"line":18,"column":20},"end":{"line":18,"column":73}}}},"branchMap":{"0":{"loc":{"start":{"line":11,"column":4},"end":{"line":12,"column":54}},"type":"if","locations":[{"start":{"line":11,"column":4},"end":{"line":12,"column":54}},{"start":{"line":11,"column":4},"end":{"line":12,"column":54}}]},"1":{"loc":{"start":{"line":11,"column":8},"end":{"line":11,"column":17}},"type":"binary-expr","locations":[{"start":{"line":11,"column":8},"end":{"line":11,"column":17}},{"start":{"line":11,"column":21},"end":{"line":11,"column":36}},{"start":{"line":11,"column":40},"end":{"line":11,"column":60}}]},"2":{"loc":{"start":{"line":15,"column":4},"end":{"line":15,"column":63}},"type":"if","locations":[{"start":{"line":15,"column":4},"end":{"line":15,"column":63}},{"start":{"line":15,"column":4},"end":{"line":15,"column":63}}]},"3":{"loc":{"start":{"line":21,"column":4},"end":{"line":21,"column":95}},"type":"if","locations":[{"start":{"line":21,"column":4},"end":{"line":21,"column":95}},{"start":{"line":21,"column":4},"end":{"line":21,"column":95}}]},"4":{"loc":{"start":{"line":21,"column":8},"end":{"line":21,"column":19}},"type":"binary-expr","locations":[{"start":{"line":21,"column":8},"end":{"line":21,"column":19}},{"start":{"line":21,"column":23},"end":{"line":21,"column":45}}]}},"s":{"0":8,"1":8,"2":8,"3":8,"4":8,"5":8,"6":26,"7":0,"8":26,"9":26,"10":0,"11":26,"12":50,"13":26,"14":2,"15":24},"f":{"0":26,"1":50},"b":{"0":[0,26],"1":[26,26,26],"2":[0,26],"3":[2,24],"4":[26,26]}}
,"/Users/nginx-iwnl/-nodejs-backend-architecture-typescript/src/auth/schema.ts": {"path":"/Users/nginx-iwnl/-nodejs-backend-architecture-typescript/src/auth/schema.ts","statementMap":{"0":{"start":{"line":1,"column":0},"end":{"line":1,"column":28}},"1":{"start":{"line":2,"column":0},"end":{"line":2,"column":53}},"2":{"start":{"line":4,"column":0},"end":{"line":15,"column":2}}},"fnMap":{},"branchMap":{},"s":{"0":8,"1":8,"2":8},"f":{},"b":{}}
,"/Users/nginx-iwnl/-nodejs-backend-architecture-typescript/src/core/ApiError.ts": {"path":"/Users/nginx-iwnl/-nodejs-backend-architecture-typescript/src/core/ApiError.ts","statementMap":{"0":{"start":{"line":2,"column":0},"end":{"line":2,"column":40}},"1":{"start":{"line":3,"column":0},"end":{"line":3,"column":null}},"2":{"start":{"line":12,"column":0},"end":{"line":12,"column":null}},"3":{"start":{"line":13,"column":2},"end":{"line":13,"column":null}},"4":{"start":{"line":14,"column":2},"end":{"line":14,"column":null}},"5":{"start":{"line":15,"column":2},"end":{"line":15,"column":null}},"6":{"start":{"line":16,"column":2},"end":{"line":16,"column":null}},"7":{"start":{"line":17,"column":2},"end":{"line":17,"column":null}},"8":{"start":{"line":18,"column":2},"end":{"line":18,"column":null}},"9":{"start":{"line":19,"column":2},"end":{"line":19,"column":null}},"10":{"start":{"line":20,"column":2},"end":{"line":20,"column":null}},"11":{"start":{"line":21,"column":2},"end":{"line":21,"column":null}},"12":{"start":{"line":22,"column":2},"end":{"line":22,"column":null}},"13":{"start":{"line":27,"column":4},"end":{"line":27,"column":16}},"14":{"start":{"line":26,"column":21},"end":{"line":26,"column":36}},"15":{"start":{"line":26,"column":45},"end":{"line":26,"column":63}},"16":{"start":{"line":31,"column":4},"end":{"line":54,"column":null}},"17":{"start":{"line":35,"column":8},"end":{"line":35,"column":62}},"18":{"start":{"line":37,"column":8},"end":{"line":37,"column":67}},"19":{"start":{"line":39,"column":8},"end":{"line":39,"column":64}},"20":{"start":{"line":43,"column":8},"end":{"line":43,"column":59}},"21":{"start":{"line":45,"column":8},"end":{"line":45,"column":61}},"22":{"start":{"line":47,"column":8},"end":{"line":47,"column":60}},"23":{"start":{"line":49,"column":22},"end":{"line":49,"column":33}},"24":{"start":{"line":51,"column":8},"end":{"line":51,"column":80}},"25":{"start":{"line":51,"column":42},"end":{"line":51,"column":80}},"26":{"start":{"line":52,"column":8},"end":{"line":52,"column":60}},"27":{"start":{"line":25,"column":0},"end":{"line":25,"column":22}},"28":{"start":{"line":60,"column":4},"end":{"line":60,"column":43}},"29":{"start":{"line":58,"column":0},"end":{"line":58,"column":13}},"30":{"start":{"line":66,"column":4},"end":{"line":66,"column":39}},"31":{"start":{"line":64,"column":0},"end":{"line":64,"column":13}},"32":{"start":{"line":72,"column":4},"end":{"line":72,"column":42}},"33":{"start":{"line":70,"column":0},"end":{"line":70,"column":13}},"34":{"start":{"line":78,"column":4},"end":{"line":78,"column":40}},"35":{"start":{"line":76,"column":0},"end":{"line":76,"column":13}},"36":{"start":{"line":84,"column":4},"end":{"line":84,"column":40}},"37":{"start":{"line":82,"column":0},"end":{"line":82,"column":13}},"38":{"start":{"line":90,"column":4},"end":{"line":90,"column":39}},"39":{"start":{"line":88,"column":0},"end":{"line":88,"column":13}},"40":{"start":{"line":96,"column":4},"end":{"line":96,"column":40}},"41":{"start":{"line":94,"column":0},"end":{"line":94,"column":13}},"42":{"start":{"line":102,"column":4},"end":{"line":102,"column":44}},"43":{"start":{"line":100,"column":0},"end":{"line":100,"column":13}},"44":{"start":{"line":108,"column":4},"end":{"line":108,"column":38}},"45":{"start":{"line":106,"column":0},"end":{"line":106,"column":13}},"46":{"start":{"line":114,"column":4},"end":{"line":114,"column":43}},"47":{"start":{"line":112,"column":0},"end":{"line":112,"column":13}}},"fnMap":{"0":{"name":"(anonymous_0)","decl":{"start":{"line":12,"column":0},"end":{"line":12,"column":5}},"loc":{"start":{"line":12,"column":14},"end":{"line":23,"column":1}}},"1":{"name":"(anonymous_1)","decl":{"start":{"line":26,"column":2},"end":{"line":26,"column":21}},"loc":{"start":{"line":26,"column":70},"end":{"line":28,"column":3}}},"2":{"name":"(anonymous_2)","decl":{"start":{"line":30,"column":9},"end":{"line":30,"column":15}},"loc":{"start":{"line":30,"column":51},"end":{"line":55,"column":3}}},"3":{"name":"(anonymous_3)","decl":{"start":{"line":59,"column":2},"end":{"line":59,"column":14}},"loc":{"start":{"line":59,"column":45},"end":{"line":61,"column":3}}},"4":{"name":"(anonymous_4)","decl":{"start":{"line":65,"column":2},"end":{"line":65,"column":14}},"loc":{"start":{"line":65,"column":40},"end":{"line":67,"column":3}}},"5":{"name":"(anonymous_5)","decl":{"start":{"line":71,"column":2},"end":{"line":71,"column":14}},"loc":{"start":{"line":71,"column":37},"end":{"line":73,"column":3}}},"6":{"name":"(anonymous_6)","decl":{"start":{"line":77,"column":2},"end":{"line":77,"column":14}},"loc":{"start":{"line":77,"column":35},"end":{"line":79,"column":3}}},"7":{"name":"(anonymous_7)","decl":{"start":{"line":83,"column":2},"end":{"line":83,"column":14}},"loc":{"start":{"line":83,"column":43},"end":{"line":85,"column":3}}},"8":{"name":"(anonymous_8)","decl":{"start":{"line":89,"column":2},"end":{"line":89,"column":14}},"loc":{"start":{"line":89,"column":44},"end":{"line":91,"column":3}}},"9":{"name":"(anonymous_9)","decl":{"start":{"line":95,"column":2},"end":{"line":95,"column":14}},"loc":{"start":{"line":95,"column":44},"end":{"line":97,"column":3}}},"10":{"name":"(anonymous_10)","decl":{"start":{"line":101,"column":2},"end":{"line":101,"column":14}},"loc":{"start":{"line":101,"column":42},"end":{"line":103,"column":3}}},"11":{"name":"(anonymous_11)","decl":{"start":{"line":107,"column":2},"end":{"line":107,"column":14}},"loc":{"start":{"line":107,"column":43},"end":{"line":109,"column":3}}},"12":{"name":"(anonymous_12)","decl":{"start":{"line":113,"column":2},"end":{"line":113,"column":14}},"loc":{"start":{"line":113,"column":46},"end":{"line":115,"column":3}}}},"branchMap":{"0":{"loc":{"start":{"line":12,"column":5},"end":{"line":12,"column":14}},"type":"binary-expr","locations":[{"start":{"line":12,"column":5},"end":{"line":12,"column":14}},{"start":{"line":12,"column":5},"end":{"line":12,"column":null}}]},"1":{"loc":{"start":{"line":26,"column":63},"end":{"line":26,"column":70}},"type":"default-arg","locations":[{"start":{"line":26,"column":63},"end":{"line":26,"column":70}}]},"2":{"loc":{"start":{"line":32,"column":6},"end":{"line":32,"column":31}},"type":"switch","locations":[{"start":{"line":32,"column":6},"end":{"line":32,"column":31}},{"start":{"line":33,"column":6},"end":{"line":33,"column":35}},{"start":{"line":34,"column":6},"end":{"line":35,"column":62}},{"start":{"line":36,"column":6},"end":{"line":37,"column":67}},{"start":{"line":38,"column":6},"end":{"line":39,"column":64}},{"start":{"line":40,"column":6},"end":{"line":40,"column":31}},{"start":{"line":41,"column":6},"end":{"line":41,"column":30}},{"start":{"line":42,"column":6},"end":{"line":43,"column":59}},{"start":{"line":44,"column":6},"end":{"line":45,"column":61}},{"start":{"line":46,"column":6},"end":{"line":47,"column":60}},{"start":{"line":48,"column":6},"end":{"line":53,"column":null}}]},"3":{"loc":{"start":{"line":51,"column":8},"end":{"line":51,"column":80}},"type":"if","locations":[{"start":{"line":51,"column":8},"end":{"line":51,"column":80}},{"start":{"line":51,"column":8},"end":{"line":51,"column":80}}]},"4":{"loc":{"start":{"line":59,"column":24},"end":{"line":59,"column":45}},"type":"default-arg","locations":[{"start":{"line":59,"column":24},"end":{"line":59,"column":45}}]},"5":{"loc":{"start":{"line":65,"column":24},"end":{"line":65,"column":40}},"type":"default-arg","locations":[{"start":{"line":65,"column":24},"end":{"line":65,"column":40}}]},"6":{"loc":{"start":{"line":71,"column":24},"end":{"line":71,"column":37}},"type":"default-arg","locations":[{"start":{"line":71,"column":24},"end":{"line":71,"column":37}}]},"7":{"loc":{"start":{"line":77,"column":24},"end":{"line":77,"column":35}},"type":"default-arg","locations":[{"start":{"line":77,"column":24},"end":{"line":77,"column":35}}]},"8":{"loc":{"start":{"line":83,"column":24},"end":{"line":83,"column":43}},"type":"default-arg","locations":[{"start":{"line":83,"column":24},"end":{"line":83,"column":43}}]},"9":{"loc":{"start":{"line":89,"column":24},"end":{"line":89,"column":44}},"type":"default-arg","locations":[{"start":{"line":89,"column":24},"end":{"line":89,"column":44}}]},"10":{"loc":{"start":{"line":95,"column":24},"end":{"line":95,"column":44}},"type":"default-arg","locations":[{"start":{"line":95,"column":24},"end":{"line":95,"column":44}}]},"11":{"loc":{"start":{"line":101,"column":24},"end":{"line":101,"column":42}},"type":"default-arg","locations":[{"start":{"line":101,"column":24},"end":{"line":101,"column":42}}]},"12":{"loc":{"start":{"line":107,"column":24},"end":{"line":107,"column":43}},"type":"default-arg","locations":[{"start":{"line":107,"column":24},"end":{"line":107,"column":43}}]},"13":{"loc":{"start":{"line":113,"column":24},"end":{"line":113,"column":46}},"type":"default-arg","locations":[{"start":{"line":113,"column":24},"end":{"line":113,"column":46}}]}},"s":{"0":10,"1":10,"2":10,"3":10,"4":10,"5":10,"6":10,"7":10,"8":10,"9":10,"10":10,"11":10,"12":10,"13":51,"14":51,"15":51,"16":47,"17":4,"18":0,"19":0,"20":3,"21":38,"22":2,"23":0,"24":0,"25":0,"26":0,"27":10,"28":4,"29":10,"30":0,"31":10,"32":38,"33":10,"34":3,"35":10,"36":2,"37":10,"38":0,"39":10,"40":3,"41":10,"42":1,"43":10,"44":0,"45":10,"46":0,"47":10},"f":{"0":10,"1":51,"2":47,"3":4,"4":0,"5":38,"6":3,"7":2,"8":0,"9":3,"10":1,"11":0,"12":0},"b":{"0":[10,10],"1":[0],"2":[1,1,4,0,0,3,3,3,38,2,0],"3":[0,0],"4":[0],"5":[0],"6":[0],"7":[3],"8":[1],"9":[0],"10":[3],"11":[1],"12":[0],"13":[0]}}
,"/Users/nginx-iwnl/-nodejs-backend-architecture-typescript/src/core/ApiResponse.ts": {"path":"/Users/nginx-iwnl/-nodejs-backend-architecture-typescript/src/core/ApiResponse.ts","statementMap":{"0":{"start":{"line":4,"column":0},"end":{"line":4,"column":null}},"1":{"start":{"line":5,"column":2},"end":{"line":5,"column":null}},"2":{"start":{"line":6,"column":2},"end":{"line":6,"column":null}},"3":{"start":{"line":7,"column":2},"end":{"line":7,"column":null}},"4":{"start":{"line":8,"column":2},"end":{"line":8,"column":null}},"5":{"start":{"line":11,"column":0},"end":{"line":11,"column":null}},"6":{"start":{"line":12,"column":2},"end":{"line":12,"column":null}},"7":{"start":{"line":13,"column":2},"end":{"line":13,"column":null}},"8":{"start":{"line":14,"column":2},"end":{"line":14,"column":null}},"9":{"start":{"line":15,"column":2},"end":{"line":15,"column":null}},"10":{"start":{"line":16,"column":2},"end":{"line":16,"column":null}},"11":{"start":{"line":17,"column":2},"end":{"line":17,"column":null}},"12":{"start":{"line":22,"column":14},"end":{"line":22,"column":36}},"13":{"start":{"line":23,"column":14},"end":{"line":23,"column":36}},"14":{"start":{"line":24,"column":14},"end":{"line":24,"column":29}},"15":{"start":{"line":28,"column":4},"end":{"line":28,"column":72}},"16":{"start":{"line":32,"column":4},"end":{"line":32,"column":48}},"17":{"start":{"line":36,"column":21},"end":{"line":36,"column":28}},"18":{"start":{"line":37,"column":4},"end":{"line":37,"column":35}},"19":{"start":{"line":39,"column":4},"end":{"line":39,"column":24}},"20":{"start":{"line":40,"column":4},"end":{"line":40,"column":80}},"21":{"start":{"line":40,"column":27},"end":{"line":40,"column":80}},"22":{"start":{"line":40,"column":64},"end":{"line":40,"column":80}},"23":{"start":{"line":41,"column":4},"end":{"line":41,"column":17}},"24":{"start":{"line":47,"column":4},"end":{"line":47,"column":68}},"25":{"start":{"line":45,"column":0},"end":{"line":45,"column":13}},"26":{"start":{"line":55,"column":4},"end":{"line":55,"column":65}},"27":{"start":{"line":59,"column":4},"end":{"line":59,"column":36}},"28":{"start":{"line":60,"column":4},"end":{"line":60,"column":54}},"29":{"start":{"line":51,"column":0},"end":{"line":51,"column":13}},"30":{"start":{"line":66,"column":4},"end":{"line":66,"column":65}},"31":{"start":{"line":64,"column":0},"end":{"line":64,"column":13}},"32":{"start":{"line":72,"column":4},"end":{"line":72,"column":67}},"33":{"start":{"line":70,"column":0},"end":{"line":70,"column":13}},"34":{"start":{"line":78,"column":4},"end":{"line":78,"column":70}},"35":{"start":{"line":76,"column":0},"end":{"line":76,"column":13}},"36":{"start":{"line":84,"column":4},"end":{"line":84,"column":63}},"37":{"start":{"line":82,"column":0},"end":{"line":82,"column":13}},"38":{"start":{"line":90,"column":4},"end":{"line":90,"column":63}},"39":{"start":{"line":88,"column":0},"end":{"line":88,"column":13}},"40":{"start":{"line":96,"column":4},"end":{"line":96,"column":63}},"41":{"start":{"line":95,"column":39},"end":{"line":95,"column":46}},"42":{"start":{"line":100,"column":4},"end":{"line":100,"column":56}},"43":{"start":{"line":94,"column":0},"end":{"line":94,"column":13}},"44":{"start":{"line":108,"column":4},"end":{"line":108,"column":81}},"45":{"start":{"line":105,"column":10},"end":{"line":105,"column":40}},"46":{"start":{"line":112,"column":4},"end":{"line":112,"column":51}},"47":{"start":{"line":113,"column":4},"end":{"line":113,"column":62}},"48":{"start":{"line":104,"column":0},"end":{"line":104,"column":13}},"49":{"start":{"line":119,"column":4},"end":{"line":119,"column":63}},"50":{"start":{"line":118,"column":39},"end":{"line":118,"column":58}},"51":{"start":{"line":118,"column":68},"end":{"line":118,"column":88}},"52":{"start":{"line":123,"column":4},"end":{"line":123,"column":58}},"53":{"start":{"line":117,"column":0},"end":{"line":117,"column":13}}},"fnMap":{"0":{"name":"(anonymous_0)","decl":{"start":{"line":4,"column":0},"end":{"line":4,"column":5}},"loc":{"start":{"line":4,"column":15},"end":{"line":9,"column":1}}},"1":{"name":"(anonymous_1)","decl":{"start":{"line":11,"column":0},"end":{"line":11,"column":5}},"loc":{"start":{"line":11,"column":19},"end":{"line":18,"column":1}}},"2":{"name":"(anonymous_2)","decl":{"start":{"line":21,"column":2},"end":{"line":21,"column":null}},"loc":{"start":{"line":24,"column":29},"end":{"line":25,"column":6}}},"3":{"name":"(anonymous_3)","decl":{"start":{"line":27,"column":12},"end":{"line":27,"column":19}},"loc":{"start":{"line":27,"column":69},"end":{"line":29,"column":3}}},"4":{"name":"(anonymous_4)","decl":{"start":{"line":31,"column":9},"end":{"line":31,"column":13}},"loc":{"start":{"line":31,"column":27},"end":{"line":33,"column":3}}},"5":{"name":"(anonymous_5)","decl":{"start":{"line":35,"column":10},"end":{"line":35,"column":16}},"loc":{"start":{"line":35,"column":60},"end":{"line":42,"column":3}}},"6":{"name":"(anonymous_6)","decl":{"start":{"line":46,"column":2},"end":{"line":46,"column":14}},"loc":{"start":{"line":46,"column":48},"end":{"line":48,"column":3}}},"7":{"name":"(anonymous_7)","decl":{"start":{"line":54,"column":2},"end":{"line":54,"column":14}},"loc":{"start":{"line":54,"column":35},"end":{"line":56,"column":3}}},"8":{"name":"(anonymous_8)","decl":{"start":{"line":58,"column":2},"end":{"line":58,"column":6}},"loc":{"start":{"line":58,"column":20},"end":{"line":61,"column":3}}},"9":{"name":"(anonymous_9)","decl":{"start":{"line":65,"column":2},"end":{"line":65,"column":14}},"loc":{"start":{"line":65,"column":35},"end":{"line":67,"column":3}}},"10":{"name":"(anonymous_10)","decl":{"start":{"line":71,"column":2},"end":{"line":71,"column":14}},"loc":{"start":{"line":71,"column":40},"end":{"line":73,"column":3}}},"11":{"name":"(anonymous_11)","decl":{"start":{"line":77,"column":2},"end":{"line":77,"column":14}},"loc":{"start":{"line":77,"column":40},"end":{"line":79,"column":3}}},"12":{"name":"(anonymous_12)","decl":{"start":{"line":83,"column":2},"end":{"line":83,"column":14}},"loc":{"start":{"line":83,"column":29},"end":{"line":85,"column":3}}},"13":{"name":"(anonymous_13)","decl":{"start":{"line":89,"column":2},"end":{"line":89,"column":14}},"loc":{"start":{"line":89,"column":29},"end":{"line":91,"column":3}}},"14":{"name":"(anonymous_14)","decl":{"start":{"line":95,"column":2},"end":{"line":95,"column":14}},"loc":{"start":{"line":95,"column":46},"end":{"line":97,"column":3}}},"15":{"name":"(anonymous_15)","decl":{"start":{"line":99,"column":2},"end":{"line":99,"column":6}},"loc":{"start":{"line":99,"column":20},"end":{"line":101,"column":3}}},"16":{"name":"(anonymous_16)","decl":{"start":{"line":107,"column":2},"end":{"line":107,"column":14}},"loc":{"start":{"line":107,"column":46},"end":{"line":109,"column":3}}},"17":{"name":"(anonymous_17)","decl":{"start":{"line":111,"column":2},"end":{"line":111,"column":6}},"loc":{"start":{"line":111,"column":20},"end":{"line":114,"column":3}}},"18":{"name":"(anonymous_18)","decl":{"start":{"line":118,"column":2},"end":{"line":118,"column":14}},"loc":{"start":{"line":118,"column":88},"end":{"line":120,"column":3}}},"19":{"name":"(anonymous_19)","decl":{"start":{"line":122,"column":2},"end":{"line":122,"column":6}},"loc":{"start":{"line":122,"column":20},"end":{"line":124,"column":3}}}},"branchMap":{"0":{"loc":{"start":{"line":4,"column":5},"end":{"line":4,"column":15}},"type":"binary-expr","locations":[{"start":{"line":4,"column":5},"end":{"line":4,"column":15}},{"start":{"line":4,"column":5},"end":{"line":4,"column":null}}]},"1":{"loc":{"start":{"line":11,"column":5},"end":{"line":11,"column":19}},"type":"binary-expr","locations":[{"start":{"line":11,"column":5},"end":{"line":11,"column":19}},{"start":{"line":11,"column":5},"end":{"line":11,"column":null}}]},"2":{"loc":{"start":{"line":40,"column":27},"end":{"line":40,"column":80}},"type":"if","locations":[{"start":{"line":40,"column":27},"end":{"line":40,"column":80}},{"start":{"line":40,"column":27},"end":{"line":40,"column":80}}]},"3":{"loc":{"start":{"line":46,"column":24},"end":{"line":46,"column":48}},"type":"default-arg","locations":[{"start":{"line":46,"column":24},"end":{"line":46,"column":48}}]},"4":{"loc":{"start":{"line":54,"column":24},"end":{"line":54,"column":35}},"type":"default-arg","locations":[{"start":{"line":54,"column":24},"end":{"line":54,"column":35}}]},"5":{"loc":{"start":{"line":59,"column":22},"end":{"line":59,"column":24}},"type":"cond-expr","locations":[{"start":{"line":59,"column":22},"end":{"line":59,"column":24}},{"start":{"line":59,"column":22},"end":{"line":59,"column":35}}]},"6":{"loc":{"start":{"line":59,"column":12},"end":{"line":59,"column":24}},"type":"binary-expr","locations":[{"start":{"line":59,"column":12},"end":{"line":59,"column":24}},{"start":{"line":59,"column":22},"end":{"line":59,"column":24}}]},"7":{"loc":{"start":{"line":65,"column":24},"end":{"line":65,"column":35}},"type":"default-arg","locations":[{"start":{"line":65,"column":24},"end":{"line":65,"column":35}}]},"8":{"loc":{"start":{"line":71,"column":24},"end":{"line":71,"column":40}},"type":"default-arg","locations":[{"start":{"line":71,"column":24},"end":{"line":71,"column":40}}]},"9":{"loc":{"start":{"line":77,"column":24},"end":{"line":77,"column":40}},"type":"default-arg","locations":[{"start":{"line":77,"column":24},"end":{"line":77,"column":40}}]},"10":{"loc":{"start":{"line":107,"column":24},"end":{"line":107,"column":46}},"type":"default-arg","locations":[{"start":{"line":107,"column":24},"end":{"line":107,"column":46}}]}},"s":{"0":10,"1":10,"2":10,"3":10,"4":10,"5":10,"6":10,"7":10,"8":10,"9":10,"10":10,"11":10,"12":56,"13":56,"14":56,"15":56,"16":47,"17":56,"18":56,"19":56,"20":56,"21":121,"22":0,"23":56,"24":4,"25":10,"26":3,"27":3,"28":3,"29":10,"30":2,"31":10,"32":38,"33":10,"34":0,"35":10,"36":3,"37":10,"38":0,"39":10,"40":6,"41":6,"42":6,"43":10,"44":0,"45":0,"46":0,"47":0,"48":10,"49":0,"50":0,"51":0,"52":0,"53":10},"f":{"0":10,"1":10,"2":56,"3":56,"4":47,"5":56,"6":4,"7":3,"8":3,"9":2,"10":38,"11":0,"12":3,"13":0,"14":6,"15":6,"16":0,"17":0,"18":0,"19":0},"b":{"0":[10,10],"1":[10,10],"2":[0,121],"3":[0],"4":[0],"5":[0,3],"6":[3,3],"7":[0],"8":[0],"9":[0],"10":[0]}}
,"/Users/nginx-iwnl/-nodejs-backend-architecture-typescript/src/core/JWT.ts": {"path":"/Users/nginx-iwnl/-nodejs-backend-architecture-typescript/src/core/JWT.ts","statementMap":{"0":{"start":{"line":1,"column":0},"end":{"line":1,"column":24}},"1":{"start":{"line":2,"column":0},"end":{"line":2,"column":30}},"2":{"start":{"line":3,"column":0},"end":{"line":3,"column":33}},"3":{"start":{"line":4,"column":0},"end":{"line":4,"column":44}},"4":{"start":{"line":5,"column":0},"end":{"line":5,"column":77}},"5":{"start":{"line":6,"column":0},"end":{"line":6,"column":30}},"6":{"start":{"line":18,"column":4},"end":{"line":18,"column":86}},"7":{"start":{"line":22,"column":4},"end":{"line":22,"column":87}},"8":{"start":{"line":26,"column":17},"end":{"line":26,"column":44}},"9":{"start":{"line":27,"column":4},"end":{"line":27,"column":67}},"10":{"start":{"line":27,"column":15},"end":{"line":27,"column":67}},"11":{"start":{"line":29,"column":4},"end":{"line":29,"column":73}},"12":{"start":{"line":36,"column":17},"end":{"line":36,"column":43}},"13":{"start":{"line":37,"column":4},"end":{"line":45,"column":null}},"14":{"start":{"line":39,"column":6},"end":{"line":39,"column":66}},"15":{"start":{"line":41,"column":6},"end":{"line":41,"column":22}},"16":{"start":{"line":42,"column":6},"end":{"line":42,"column":77}},"17":{"start":{"line":42,"column":47},"end":{"line":42,"column":77}},"18":{"start":{"line":44,"column":6},"end":{"line":44,"column":32}},"19":{"start":{"line":52,"column":17},"end":{"line":52,"column":43}},"20":{"start":{"line":53,"column":4},"end":{"line":59,"column":null}},"21":{"start":{"line":55,"column":6},"end":{"line":55,"column":94}},"22":{"start":{"line":57,"column":6},"end":{"line":57,"column":22}},"23":{"start":{"line":58,"column":6},"end":{"line":58,"column":32}},"24":{"start":{"line":16,"column":0},"end":{"line":16,"column":21}},"25":{"start":{"line":72,"column":4},"end":{"line":72,"column":22}},"26":{"start":{"line":73,"column":4},"end":{"line":73,"column":24}},"27":{"start":{"line":74,"column":4},"end":{"line":74,"column":23}},"28":{"start":{"line":75,"column":4},"end":{"line":75,"column":45}},"29":{"start":{"line":76,"column":4},"end":{"line":76,"column":50}},"30":{"start":{"line":77,"column":4},"end":{"line":77,"column":21}},"31":{"start":{"line":63,"column":0},"end":{"line":63,"column":13}}},"fnMap":{"0":{"name":"(anonymous_1)","decl":{"start":{"line":17,"column":10},"end":{"line":17,"column":16}},"loc":{"start":{"line":17,"column":30},"end":{"line":19,"column":3}}},"1":{"name":"(anonymous_2)","decl":{"start":{"line":21,"column":10},"end":{"line":21,"column":16}},"loc":{"start":{"line":21,"column":31},"end":{"line":23,"column":3}}},"2":{"name":"(anonymous_3)","decl":{"start":{"line":25,"column":9},"end":{"line":25,"column":15}},"loc":{"start":{"line":25,"column":48},"end":{"line":30,"column":3}}},"3":{"name":"(anonymous_4)","decl":{"start":{"line":35,"column":9},"end":{"line":35,"column":15}},"loc":{"start":{"line":35,"column":44},"end":{"line":46,"column":3}}},"4":{"name":"(anonymous_5)","decl":{"start":{"line":51,"column":9},"end":{"line":51,"column":15}},"loc":{"start":{"line":51,"column":42},"end":{"line":60,"column":3}}},"5":{"name":"(anonymous_6)","decl":{"start":{"line":71,"column":2},"end":{"line":71,"column":14}},"loc":{"start":{"line":71,"column":96},"end":{"line":78,"column":3}}}},"branchMap":{"0":{"loc":{"start":{"line":27,"column":4},"end":{"line":27,"column":67}},"type":"if","locations":[{"start":{"line":27,"column":4},"end":{"line":27,"column":67}},{"start":{"line":27,"column":4},"end":{"line":27,"column":67}}]},"1":{"loc":{"start":{"line":42,"column":6},"end":{"line":42,"column":77}},"type":"if","locations":[{"start":{"line":42,"column":6},"end":{"line":42,"column":77}},{"start":{"line":42,"column":6},"end":{"line":42,"column":77}}]},"2":{"loc":{"start":{"line":42,"column":10},"end":{"line":42,"column":11}},"type":"binary-expr","locations":[{"start":{"line":42,"column":10},"end":{"line":42,"column":11}},{"start":{"line":42,"column":15},"end":{"line":42,"column":45}}]}},"s":{"0":10,"1":10,"2":10,"3":10,"4":10,"5":10,"6":6,"7":11,"8":11,"9":11,"10":0,"11":11,"12":3,"13":3,"14":3,"15":2,"16":2,"17":1,"18":1,"19":3,"20":3,"21":3,"22":1,"23":1,"24":10,"25":12,"26":12,"27":12,"28":12,"29":12,"30":12,"31":10},"f":{"0":6,"1":11,"2":11,"3":3,"4":3,"5":12},"b":{"0":[0,11],"1":[1,1],"2":[2,2]}}
,"/Users/nginx-iwnl/-nodejs-backend-architecture-typescript/src/core/Logger.ts": {"path":"/Users/nginx-iwnl/-nodejs-backend-architecture-typescript/src/core/Logger.ts","statementMap":{"0":{"start":{"line":1,"column":0},"end":{"line":1,"column":59}},"1":{"start":{"line":2,"column":0},"end":{"line":2,"column":20}},"2":{"start":{"line":3,"column":0},"end":{"line":3,"column":24}},"3":{"start":{"line":4,"column":0},"end":{"line":4,"column":56}},"4":{"start":{"line":5,"column":0},"end":{"line":5,"column":54}},"5":{"start":{"line":7,"column":10},"end":{"line":7,"column":22}},"6":{"start":{"line":8,"column":0},"end":{"line":8,"column":37}},"7":{"start":{"line":8,"column":10},"end":{"line":8,"column":37}},"8":{"start":{"line":11,"column":0},"end":{"line":14,"column":null}},"9":{"start":{"line":13,"column":2},"end":{"line":13,"column":20}},"10":{"start":{"line":16,"column":17},"end":{"line":16,"column":65}},"11":{"start":{"line":18,"column":16},"end":{"line":33,"column":2}},"12":{"start":{"line":35,"column":0},"end":{"line":44,"column":3}}},"fnMap":{},"branchMap":{"0":{"loc":{"start":{"line":8,"column":0},"end":{"line":8,"column":37}},"type":"if","locations":[{"start":{"line":8,"column":0},"end":{"line":8,"column":37}},{"start":{"line":8,"column":0},"end":{"line":8,"column":37}}]},"1":{"loc":{"start":{"line":11,"column":0},"end":{"line":14,"column":null}},"type":"if","locations":[{"start":{"line":11,"column":0},"end":{"line":14,"column":null}},{"start":{"line":11,"column":0},"end":{"line":14,"column":null}}]},"2":{"loc":{"start":{"line":16,"column":49},"end":{"line":16,"column":56}},"type":"cond-expr","locations":[{"start":{"line":16,"column":49},"end":{"line":16,"column":56}},{"start":{"line":16,"column":59},"end":{"line":16,"column":65}}]}},"s":{"0":10,"1":10,"2":10,"3":10,"4":10,"5":10,"6":10,"7":10,"8":10,"9":1,"10":10,"11":10,"12":10},"f":{},"b":{"0":[10,0],"1":[1,9],"2":[0,10]}}
,"/Users/nginx-iwnl/-nodejs-backend-architecture-typescript/src/database/index.ts": {"path":"/Users/nginx-iwnl/-nodejs-backend-architecture-typescript/src/database/index.ts","statementMap":{"0":{"start":{"line":1,"column":0},"end":{"line":1,"column":32}},"1":{"start":{"line":2,"column":0},"end":{"line":2,"column":36}},"2":{"start":{"line":3,"column":0},"end":{"line":3,"column":31}},"3":{"start":{"line":6,"column":14},"end":{"line":8,"column":2}},"4":{"start":{"line":10,"column":16},"end":{"line":21,"column":2}},"5":{"start":{"line":23,"column":0},"end":{"line":23,"column":20}},"6":{"start":{"line":26,"column":0},"end":{"line":34,"column":5}},"7":{"start":{"line":29,"column":4},"end":{"line":29,"column":44}},"8":{"start":{"line":32,"column":4},"end":{"line":32,"column":45}},"9":{"start":{"line":33,"column":4},"end":{"line":33,"column":20}},"10":{"start":{"line":38,"column":0},"end":{"line":40,"column":3}},"11":{"start":{"line":39,"column":2},"end":{"line":39,"column":62}},"12":{"start":{"line":43,"column":0},"end":{"line":45,"column":3}},"13":{"start":{"line":44,"column":2},"end":{"line":44,"column":60}},"14":{"start":{"line":48,"column":0},"end":{"line":50,"column":3}},"15":{"start":{"line":49,"column":2},"end":{"line":49,"column":58}},"16":{"start":{"line":53,"column":0},"end":{"line":58,"column":3}},"17":{"start":{"line":54,"column":2},"end":{"line":57,"column":5}},"18":{"start":{"line":55,"column":4},"end":{"line":55,"column":84}},"19":{"start":{"line":56,"column":4},"end":{"line":56,"column":20}}},"fnMap":{"0":{"name":"(anonymous_1)","decl":{"start":{"line":28,"column":8},"end":{"line":28,"column":11}},"loc":{"start":{"line":28,"column":13},"end":{"line":30,"column":3}}},"1":{"name":"(anonymous_2)","decl":{"start":{"line":31,"column":9},"end":{"line":31,"column":10}},"loc":{"start":{"line":31,"column":15},"end":{"line":34,"column":3}}},"2":{"name":"(anonymous_3)","decl":{"start":{"line":38,"column":36},"end":{"line":38,"column":39}},"loc":{"start":{"line":38,"column":41},"end":{"line":40,"column":1}}},"3":{"name":"(anonymous_4)","decl":{"start":{"line":43,"column":32},"end":{"line":43,"column":33}},"loc":{"start":{"line":43,"column":40},"end":{"line":45,"column":1}}},"4":{"name":"(anonymous_5)","decl":{"start":{"line":48,"column":39},"end":{"line":48,"column":42}},"loc":{"start":{"line":48,"column":44},"end":{"line":50,"column":1}}},"5":{"name":"(anonymous_6)","decl":{"start":{"line":53,"column":21},"end":{"line":53,"column":24}},"loc":{"start":{"line":53,"column":26},"end":{"line":58,"column":1}}},"6":{"name":"(anonymous_7)","decl":{"start":{"line":54,"column":28},"end":{"line":54,"column":31}},"loc":{"start":{"line":54,"column":33},"end":{"line":57,"column":3}}}},"branchMap":{},"s":{"0":8,"1":8,"2":8,"3":8,"4":8,"5":8,"6":8,"7":0,"8":8,"9":8,"10":8,"11":0,"12":8,"13":8,"14":8,"15":8,"16":8,"17":0,"18":0,"19":0},"f":{"0":0,"1":8,"2":0,"3":8,"4":8,"5":0,"6":0},"b":{}}
,"/Users/nginx-iwnl/-nodejs-backend-architecture-typescript/src/database/model/ApiKey.ts": {"path":"/Users/nginx-iwnl/-nodejs-backend-architecture-typescript/src/database/model/ApiKey.ts","statementMap":{"0":{"start":{"line":1,"column":0},"end":{"line":1,"column":51}},"1":{"start":{"line":3,"column":13},"end":{"line":3,"column":38}},"2":{"start":{"line":4,"column":13},"end":{"line":4,"column":42}},"3":{"start":{"line":15,"column":15},"end":{"line":50,"column":null}},"4":{"start":{"line":53,"column":13},"end":{"line":53,"column":81}}},"fnMap":{},"branchMap":{},"s":{"0":1,"1":1,"2":1,"3":1,"4":1},"f":{},"b":{}}
,"/Users/nginx-iwnl/-nodejs-backend-architecture-typescript/src/database/model/Blog.ts": {"path":"/Users/nginx-iwnl/-nodejs-backend-architecture-typescript/src/database/model/Blog.ts","statementMap":{"0":{"start":{"line":1,"column":0},"end":{"line":1,"column":51}},"1":{"start":{"line":4,"column":13},"end":{"line":4,"column":36}},"2":{"start":{"line":5,"column":13},"end":{"line":5,"column":39}},"3":{"start":{"line":29,"column":15},"end":{"line":146,"column":null}},"4":{"start":{"line":149,"column":13},"end":{"line":149,"column":77}}},"fnMap":{},"branchMap":{},"s":{"0":6,"1":6,"2":6,"3":6,"4":6},"f":{},"b":{}}
,"/Users/nginx-iwnl/-nodejs-backend-architecture-typescript/src/database/model/Keystore.ts": {"path":"/Users/nginx-iwnl/-nodejs-backend-architecture-typescript/src/database/model/Keystore.ts","statementMap":{"0":{"start":{"line":1,"column":0},"end":{"line":1,"column":51}},"1":{"start":{"line":4,"column":13},"end":{"line":4,"column":40}},"2":{"start":{"line":5,"column":13},"end":{"line":5,"column":43}},"3":{"start":{"line":16,"column":15},"end":{"line":48,"column":null}},"4":{"start":{"line":51,"column":0},"end":{"line":51,"column":43}},"5":{"start":{"line":52,"column":0},"end":{"line":52,"column":60}},"6":{"start":{"line":54,"column":13},"end":{"line":54,"column":85}}},"fnMap":{},"branchMap":{},"s":{"0":2,"1":2,"2":2,"3":2,"4":2,"5":2,"6":2},"f":{},"b":{}}
,"/Users/nginx-iwnl/-nodejs-backend-architecture-typescript/src/database/model/Role.ts": {"path":"/Users/nginx-iwnl/-nodejs-backend-architecture-typescript/src/database/model/Role.ts","statementMap":{"0":{"start":{"line":1,"column":0},"end":{"line":1,"column":51}},"1":{"start":{"line":3,"column":13},"end":{"line":3,"column":36}},"2":{"start":{"line":4,"column":13},"end":{"line":4,"column":39}},"3":{"start":{"line":20,"column":15},"end":{"line":44,"column":null}},"4":{"start":{"line":47,"column":13},"end":{"line":47,"column":77}}},"fnMap":{},"branchMap":{},"s":{"0":6,"1":6,"2":6,"3":6,"4":6},"f":{},"b":{}}
,"/Users/nginx-iwnl/-nodejs-backend-architecture-typescript/src/database/model/User.ts": {"path":"/Users/nginx-iwnl/-nodejs-backend-architecture-typescript/src/database/model/User.ts","statementMap":{"0":{"start":{"line":1,"column":0},"end":{"line":1,"column":51}},"1":{"start":{"line":4,"column":13},"end":{"line":4,"column":36}},"2":{"start":{"line":5,"column":13},"end":{"line":5,"column":39}},"3":{"start":{"line":19,"column":15},"end":{"line":73,"column":null}},"4":{"start":{"line":76,"column":13},"end":{"line":76,"column":77}}},"fnMap":{},"branchMap":{},"s":{"0":2,"1":2,"2":2,"3":2,"4":2},"f":{},"b":{}}
,"/Users/nginx-iwnl/-nodejs-backend-architecture-typescript/src/database/repository/ApiKeyRepo.ts": {"path":"/Users/nginx-iwnl/-nodejs-backend-architecture-typescript/src/database/repository/ApiKeyRepo.ts","statementMap":{"0":{"start":{"line":1,"column":0},"end":{"line":1,"column":54}},"1":{"start":{"line":5,"column":4},"end":{"line":5,"column":81}},"2":{"start":{"line":3,"column":0},"end":{"line":3,"column":21}}},"fnMap":{"0":{"name":"(anonymous_0)","decl":{"start":{"line":4,"column":9},"end":{"line":4,"column":15}},"loc":{"start":{"line":4,"column":43},"end":{"line":6,"column":3}}}},"branchMap":{},"s":{"0":1,"1":0,"2":1},"f":{"0":0},"b":{}}
,"/Users/nginx-iwnl/-nodejs-backend-architecture-typescript/src/database/repository/BlogRepo.ts": {"path":"/Users/nginx-iwnl/-nodejs-backend-architecture-typescript/src/database/repository/BlogRepo.ts","statementMap":{"0":{"start":{"line":1,"column":0},"end":{"line":1,"column":48}},"1":{"start":{"line":12,"column":16},"end":{"line":12,"column":26}},"2":{"start":{"line":13,"column":4},"end":{"line":13,"column":25}},"3":{"start":{"line":14,"column":4},"end":{"line":14,"column":25}},"4":{"start":{"line":15,"column":24},"end":{"line":15,"column":52}},"5":{"start":{"line":16,"column":4},"end":{"line":16,"column":34}},"6":{"start":{"line":20,"column":4},"end":{"line":20,"column":32}},"7":{"start":{"line":21,"column":4},"end":{"line":23,"column":14}},"8":{"start":{"line":27,"column":4},"end":{"line":30,"column":14}},"9":{"start":{"line":34,"column":4},"end":{"line":38,"column":14}},"10":{"start":{"line":42,"column":4},"end":{"line":46,"column":14}},"11":{"start":{"line":50,"column":4},"end":{"line":54,"column":14}},"12":{"start":{"line":58,"column":4},"end":{"line":62,"column":14}},"13":{"start":{"line":66,"column":4},"end":{"line":66,"column":71}},"14":{"start":{"line":74,"column":4},"end":{"line":80,"column":14}},"15":{"start":{"line":84,"column":4},"end":{"line":88,"column":14}},"16":{"start":{"line":92,"column":4},"end":{"line":92,"column":67}},"17":{"start":{"line":96,"column":4},"end":{"line":96,"column":71}},"18":{"start":{"line":100,"column":4},"end":{"line":100,"column":71}},"19":{"start":{"line":104,"column":4},"end":{"line":104,"column":85}},"20":{"start":{"line":108,"column":4},"end":{"line":108,"column":85}},"21":{"start":{"line":112,"column":4},"end":{"line":112,"column":81}},"22":{"start":{"line":116,"column":4},"end":{"line":123,"column":14}},"23":{"start":{"line":127,"column":4},"end":{"line":133,"column":14}},"24":{"start":{"line":137,"column":4},"end":{"line":153,"column":14}},"25":{"start":{"line":157,"column":4},"end":{"line":171,"column":14}},"26":{"start":{"line":175,"column":4},"end":{"line":184,"column":14}},"27":{"start":{"line":5,"column":0},"end":{"line":5,"column":21}},"28":{"start":{"line":6,"column":17},"end":{"line":6,"column":54}},"29":{"start":{"line":7,"column":17},"end":{"line":7,"column":99}},"30":{"start":{"line":8,"column":17},"end":{"line":9,"column":88}}},"fnMap":{"0":{"name":"(anonymous_0)","decl":{"start":{"line":11,"column":9},"end":{"line":11,"column":15}},"loc":{"start":{"line":11,"column":39},"end":{"line":17,"column":3}}},"1":{"name":"(anonymous_1)","decl":{"start":{"line":19,"column":9},"end":{"line":19,"column":15}},"loc":{"start":{"line":19,"column":33},"end":{"line":24,"column":3}}},"2":{"name":"(anonymous_2)","decl":{"start":{"line":26,"column":9},"end":{"line":26,"column":15}},"loc":{"start":{"line":26,"column":47},"end":{"line":31,"column":3}}},"3":{"name":"(anonymous_3)","decl":{"start":{"line":33,"column":9},"end":{"line":33,"column":15}},"loc":{"start":{"line":33,"column":55},"end":{"line":39,"column":3}}},"4":{"name":"(anonymous_4)","decl":{"start":{"line":41,"column":9},"end":{"line":41,"column":15}},"loc":{"start":{"line":41,"column":67},"end":{"line":47,"column":3}}},"5":{"name":"(anonymous_5)","decl":{"start":{"line":49,"column":9},"end":{"line":49,"column":15}},"loc":{"start":{"line":49,"column":54},"end":{"line":55,"column":3}}},"6":{"name":"(anonymous_6)","decl":{"start":{"line":57,"column":9},"end":{"line":57,"column":15}},"loc":{"start":{"line":57,"column":41},"end":{"line":63,"column":3}}},"7":{"name":"(anonymous_7)","decl":{"start":{"line":65,"column":9},"end":{"line":65,"column":15}},"loc":{"start":{"line":65,"column":47},"end":{"line":67,"column":3}}},"8":{"name":"(anonymous_8)","decl":{"start":{"line":69,"column":9},"end":{"line":69,"column":15}},"loc":{"start":{"line":72,"column":17},"end":{"line":81,"column":3}}},"9":{"name":"(anonymous_9)","decl":{"start":{"line":83,"column":9},"end":{"line":83,"column":15}},"loc":{"start":{"line":83,"column":52},"end":{"line":89,"column":3}}},"10":{"name":"(anonymous_10)","decl":{"start":{"line":91,"column":9},"end":{"line":91,"column":15}},"loc":{"start":{"line":91,"column":29},"end":{"line":93,"column":3}}},"11":{"name":"(anonymous_11)","decl":{"start":{"line":95,"column":9},"end":{"line":95,"column":15}},"loc":{"start":{"line":95,"column":34},"end":{"line":97,"column":3}}},"12":{"name":"(anonymous_12)","decl":{"start":{"line":99,"column":9},"end":{"line":99,"column":15}},"loc":{"start":{"line":99,"column":32},"end":{"line":101,"column":3}}},"13":{"name":"(anonymous_13)","decl":{"start":{"line":103,"column":9},"end":{"line":103,"column":15}},"loc":{"start":{"line":103,"column":54},"end":{"line":105,"column":3}}},"14":{"name":"(anonymous_14)","decl":{"start":{"line":107,"column":9},"end":{"line":107,"column":15}},"loc":{"start":{"line":107,"column":52},"end":{"line":109,"column":3}}},"15":{"name":"(anonymous_15)","decl":{"start":{"line":111,"column":9},"end":{"line":111,"column":15}},"loc":{"start":{"line":111,"column":49},"end":{"line":113,"column":3}}},"16":{"name":"(anonymous_16)","decl":{"start":{"line":115,"column":10},"end":{"line":115,"column":16}},"loc":{"start":{"line":115,"column":65},"end":{"line":124,"column":3}}},"17":{"name":"(anonymous_17)","decl":{"start":{"line":126,"column":9},"end":{"line":126,"column":15}},"loc":{"start":{"line":126,"column":65},"end":{"line":134,"column":3}}},"18":{"name":"(anonymous_18)","decl":{"start":{"line":136,"column":9},"end":{"line":136,"column":15}},"loc":{"start":{"line":136,"column":60},"end":{"line":154,"column":3}}},"19":{"name":"(anonymous_19)","decl":{"start":{"line":156,"column":9},"end":{"line":156,"column":15}},"loc":{"start":{"line":156,"column":51},"end":{"line":172,"column":3}}},"20":{"name":"(anonymous_20)","decl":{"start":{"line":174,"column":9},"end":{"line":174,"column":15}},"loc":{"start":{"line":174,"column":55},"end":{"line":185,"column":3}}}},"branchMap":{},"s":{"0":6,"1":0,"2":0,"3":0,"4":0,"5":0,"6":0,"7":0,"8":0,"9":0,"10":0,"11":0,"12":0,"13":0,"14":0,"15":0,"16":0,"17":0,"18":0,"19":0,"20":0,"21":0,"22":0,"23":0,"24":0,"25":0,"26":0,"27":6,"28":6,"29":6,"30":6},"f":{"0":0,"1":0,"2":0,"3":0,"4":0,"5":0,"6":0,"7":0,"8":0,"9":0,"10":0,"11":0,"12":0,"13":0,"14":0,"15":0,"16":0,"17":0,"18":0,"19":0,"20":0},"b":{}}
,"/Users/nginx-iwnl/-nodejs-backend-architecture-typescript/src/database/repository/KeystoreRepo.ts": {"path":"/Users/nginx-iwnl/-nodejs-backend-architecture-typescript/src/database/repository/KeystoreRepo.ts","statementMap":{"0":{"start":{"line":1,"column":0},"end":{"line":1,"column":60}},"1":{"start":{"line":7,"column":4},"end":{"line":7,"column":91}},"2":{"start":{"line":11,"column":4},"end":{"line":11,"column":71}},"3":{"start":{"line":19,"column":4},"end":{"line":25,"column":14}},"4":{"start":{"line":33,"column":16},"end":{"line":33,"column":26}},"5":{"start":{"line":34,"column":21},"end":{"line":40,"column":18}},"6":{"start":{"line":41,"column":4},"end":{"line":41,"column":31}},"7":{"start":{"line":5,"column":0},"end":{"line":5,"column":21}}},"fnMap":{"0":{"name":"(anonymous_0)","decl":{"start":{"line":6,"column":9},"end":{"line":6,"column":15}},"loc":{"start":{"line":6,"column":52},"end":{"line":8,"column":3}}},"1":{"name":"(anonymous_1)","decl":{"start":{"line":10,"column":9},"end":{"line":10,"column":15}},"loc":{"start":{"line":10,"column":41},"end":{"line":12,"column":3}}},"2":{"name":"(anonymous_2)","decl":{"start":{"line":14,"column":9},"end":{"line":14,"column":15}},"loc":{"start":{"line":17,"column":24},"end":{"line":26,"column":3}}},"3":{"name":"(anonymous_3)","decl":{"start":{"line":28,"column":9},"end":{"line":28,"column":15}},"loc":{"start":{"line":31,"column":24},"end":{"line":42,"column":3}}}},"branchMap":{},"s":{"0":2,"1":0,"2":0,"3":0,"4":0,"5":0,"6":0,"7":2},"f":{"0":0,"1":0,"2":0,"3":0},"b":{}}
,"/Users/nginx-iwnl/-nodejs-backend-architecture-typescript/src/database/repository/RoleRepo.ts": {"path":"/Users/nginx-iwnl/-nodejs-backend-architecture-typescript/src/database/repository/RoleRepo.ts","statementMap":{"0":{"start":{"line":1,"column":0},"end":{"line":1,"column":48}},"1":{"start":{"line":5,"column":4},"end":{"line":5,"column":79}},"2":{"start":{"line":3,"column":0},"end":{"line":3,"column":21}}},"fnMap":{"0":{"name":"(anonymous_0)","decl":{"start":{"line":4,"column":9},"end":{"line":4,"column":15}},"loc":{"start":{"line":4,"column":39},"end":{"line":6,"column":3}}}},"branchMap":{},"s":{"0":6,"1":0,"2":6},"f":{"0":0},"b":{}}
,"/Users/nginx-iwnl/-nodejs-backend-architecture-typescript/src/database/repository/UserRepo.ts": {"path":"/Users/nginx-iwnl/-nodejs-backend-architecture-typescript/src/database/repository/UserRepo.ts","statementMap":{"0":{"start":{"line":1,"column":0},"end":{"line":1,"column":48}},"1":{"start":{"line":2,"column":0},"end":{"line":2,"column":48}},"2":{"start":{"line":3,"column":0},"end":{"line":3,"column":52}},"3":{"start":{"line":5,"column":0},"end":{"line":5,"column":42}},"4":{"start":{"line":11,"column":4},"end":{"line":18,"column":14}},"5":{"start":{"line":22,"column":4},"end":{"line":30,"column":14}},"6":{"start":{"line":34,"column":4},"end":{"line":42,"column":14}},"7":{"start":{"line":46,"column":4},"end":{"line":46,"column":76}},"8":{"start":{"line":55,"column":16},"end":{"line":55,"column":26}},"9":{"start":{"line":57,"column":17},"end":{"line":60,"column":13}},"10":{"start":{"line":61,"column":4},"end":{"line":61,"column":63}},"11":{"start":{"line":61,"column":15},"end":{"line":61,"column":63}},"12":{"start":{"line":63,"column":4},"end":{"line":63,"column":28}},"13":{"start":{"line":64,"column":4},"end":{"line":64,"column":42}},"14":{"start":{"line":65,"column":24},"end":{"line":65,"column":52}},"15":{"start":{"line":66,"column":21},"end":{"line":66,"column":96}},"16":{"start":{"line":67,"column":4},"end":{"line":67,"column":64}},"17":{"start":{"line":75,"column":4},"end":{"line":75,"column":32}},"18":{"start":{"line":76,"column":4},"end":{"line":78,"column":14}},"19":{"start":{"line":79,"column":21},"end":{"line":79,"column":89}},"20":{"start":{"line":80,"column":4},"end":{"line":80,"column":46}},"21":{"start":{"line":84,"column":4},"end":{"line":84,"column":32}},"22":{"start":{"line":85,"column":4},"end":{"line":87,"column":14}},"23":{"start":{"line":8,"column":0},"end":{"line":8,"column":21}}},"fnMap":{"0":{"name":"(anonymous_1)","decl":{"start":{"line":10,"column":9},"end":{"line":10,"column":15}},"loc":{"start":{"line":10,"column":43},"end":{"line":19,"column":3}}},"1":{"name":"(anonymous_2)","decl":{"start":{"line":21,"column":9},"end":{"line":21,"column":15}},"loc":{"start":{"line":21,"column":41},"end":{"line":31,"column":3}}},"2":{"name":"(anonymous_3)","decl":{"start":{"line":33,"column":9},"end":{"line":33,"column":15}},"loc":{"start":{"line":33,"column":50},"end":{"line":43,"column":3}}},"3":{"name":"(anonymous_4)","decl":{"start":{"line":45,"column":9},"end":{"line":45,"column":15}},"loc":{"start":{"line":45,"column":56},"end":{"line":47,"column":3}}},"4":{"name":"(anonymous_5)","decl":{"start":{"line":49,"column":9},"end":{"line":49,"column":15}},"loc":{"start":{"line":53,"column":20},"end":{"line":68,"column":3}}},"5":{"name":"(anonymous_6)","decl":{"start":{"line":70,"column":9},"end":{"line":70,"column":15}},"loc":{"start":{"line":73,"column":27},"end":{"line":81,"column":3}}},"6":{"name":"(anonymous_7)","decl":{"start":{"line":83,"column":9},"end":{"line":83,"column":15}},"loc":{"start":{"line":83,"column":37},"end":{"line":88,"column":3}}}},"branchMap":{"0":{"loc":{"start":{"line":61,"column":4},"end":{"line":61,"column":63}},"type":"if","locations":[{"start":{"line":61,"column":4},"end":{"line":61,"column":63}},{"start":{"line":61,"column":4},"end":{"line":61,"column":63}}]}},"s":{"0":2,"1":2,"2":2,"3":2,"4":0,"5":0,"6":0,"7":0,"8":0,"9":0,"10":0,"11":0,"12":0,"13":0,"14":0,"15":0,"16":0,"17":0,"18":0,"19":0,"20":0,"21":0,"22":0,"23":2},"f":{"0":0,"1":0,"2":0,"3":0,"4":0,"5":0,"6":0},"b":{"0":[0,0]}}
,"/Users/nginx-iwnl/-nodejs-backend-architecture-typescript/src/helpers/asyncHandler.ts": {"path":"/Users/nginx-iwnl/-nodejs-backend-architecture-typescript/src/helpers/asyncHandler.ts","statementMap":{"0":{"start":{"line":5,"column":0},"end":{"line":7,"column":2}},"1":{"start":{"line":5,"column":45},"end":{"line":7,"column":1}},"2":{"start":{"line":6,"column":2},"end":{"line":6,"column":40}}},"fnMap":{"0":{"name":"(anonymous_0)","decl":{"start":{"line":5,"column":15},"end":{"line":5,"column":16}},"loc":{"start":{"line":5,"column":45},"end":{"line":7,"column":1}}},"1":{"name":"(anonymous_1)","decl":{"start":{"line":5,"column":45},"end":{"line":5,"column":46}},"loc":{"start":{"line":5,"column":97},"end":{"line":7,"column":1}}}},"branchMap":{},"s":{"0":8,"1":256,"2":129},"f":{"0":256,"1":129},"b":{}}
,"/Users/nginx-iwnl/-nodejs-backend-architecture-typescript/src/helpers/role.ts": {"path":"/Users/nginx-iwnl/-nodejs-backend-architecture-typescript/src/helpers/role.ts","statementMap":{"0":{"start":{"line":5,"column":0},"end":{"line":8,"column":2}},"1":{"start":{"line":5,"column":39},"end":{"line":8,"column":1}},"2":{"start":{"line":6,"column":2},"end":{"line":6,"column":33}},"3":{"start":{"line":7,"column":2},"end":{"line":7,"column":9}}},"fnMap":{"0":{"name":"(anonymous_0)","decl":{"start":{"line":5,"column":15},"end":{"line":5,"column":16}},"loc":{"start":{"line":5,"column":39},"end":{"line":8,"column":1}}},"1":{"name":"(anonymous_1)","decl":{"start":{"line":5,"column":39},"end":{"line":5,"column":40}},"loc":{"start":{"line":5,"column":95},"end":{"line":8,"column":1}}}},"branchMap":{},"s":{"0":8,"1":16,"2":26,"3":26},"f":{"0":16,"1":26},"b":{}}
,"/Users/nginx-iwnl/-nodejs-backend-architecture-typescript/src/helpers/validator.ts": {"path":"/Users/nginx-iwnl/-nodejs-backend-architecture-typescript/src/helpers/validator.ts","statementMap":{"0":{"start":{"line":1,"column":0},"end":{"line":1,"column":28}},"1":{"start":{"line":3,"column":0},"end":{"line":3,"column":36}},"2":{"start":{"line":4,"column":0},"end":{"line":4,"column":51}},"3":{"start":{"line":5,"column":0},"end":{"line":5,"column":33}},"4":{"start":{"line":7,"column":0},"end":{"line":7,"column":null}},"5":{"start":{"line":8,"column":2},"end":{"line":8,"column":null}},"6":{"start":{"line":9,"column":2},"end":{"line":9,"column":null}},"7":{"start":{"line":10,"column":2},"end":{"line":10,"column":null}},"8":{"start":{"line":11,"column":2},"end":{"line":11,"column":null}},"9":{"start":{"line":14,"column":13},"end":{"line":18,"column":29}},"10":{"start":{"line":15,"column":2},"end":{"line":18,"column":28}},"11":{"start":{"line":16,"column":4},"end":{"line":16,"column":76}},"12":{"start":{"line":16,"column":40},"end":{"line":16,"column":76}},"13":{"start":{"line":17,"column":4},"end":{"line":17,"column":17}},"14":{"start":{"line":20,"column":13},"end":{"line":24,"column":32}},"15":{"start":{"line":21,"column":2},"end":{"line":24,"column":31}},"16":{"start":{"line":22,"column":4},"end":{"line":22,"column":67}},"17":{"start":{"line":22,"column":31},"end":{"line":22,"column":67}},"18":{"start":{"line":23,"column":4},"end":{"line":23,"column":17}},"19":{"start":{"line":26,"column":13},"end":{"line":31,"column":40}},"20":{"start":{"line":27,"column":2},"end":{"line":31,"column":39}},"21":{"start":{"line":28,"column":4},"end":{"line":28,"column":74}},"22":{"start":{"line":28,"column":38},"end":{"line":28,"column":74}},"23":{"start":{"line":29,"column":4},"end":{"line":29,"column":66}},"24":{"start":{"line":29,"column":30},"end":{"line":29,"column":66}},"25":{"start":{"line":30,"column":4},"end":{"line":30,"column":17}},"26":{"start":{"line":33,"column":0},"end":{"line":51,"column":2}},"27":{"start":{"line":33,"column":95},"end":{"line":51,"column":1}},"28":{"start":{"line":38,"column":2},"end":{"line":50,"column":null}},"29":{"start":{"line":39,"column":22},"end":{"line":39,"column":50}},"30":{"start":{"line":41,"column":4},"end":{"line":41,"column":30}},"31":{"start":{"line":41,"column":16},"end":{"line":41,"column":30}},"32":{"start":{"line":43,"column":24},"end":{"line":43,"column":29}},"33":{"start":{"line":44,"column":20},"end":{"line":44,"column":81}},"34":{"start":{"line":44,"column":39},"end":{"line":44,"column":70}},"35":{"start":{"line":45,"column":4},"end":{"line":45,"column":26}},"36":{"start":{"line":47,"column":4},"end":{"line":47,"column":39}},"37":{"start":{"line":49,"column":4},"end":{"line":49,"column":16}}},"fnMap":{"0":{"name":"(anonymous_1)","decl":{"start":{"line":7,"column":0},"end":{"line":7,"column":12}},"loc":{"start":{"line":7,"column":28},"end":{"line":12,"column":1}}},"1":{"name":"(anonymous_2)","decl":{"start":{"line":14,"column":27},"end":{"line":14,"column":30}},"loc":{"start":{"line":15,"column":2},"end":{"line":18,"column":28}}},"2":{"name":"(anonymous_3)","decl":{"start":{"line":15,"column":22},"end":{"line":15,"column":23}},"loc":{"start":{"line":15,"column":49},"end":{"line":18,"column":3}}},"3":{"name":"(anonymous_4)","decl":{"start":{"line":20,"column":30},"end":{"line":20,"column":33}},"loc":{"start":{"line":21,"column":2},"end":{"line":24,"column":31}}},"4":{"name":"(anonymous_5)","decl":{"start":{"line":21,"column":22},"end":{"line":21,"column":23}},"loc":{"start":{"line":21,"column":49},"end":{"line":24,"column":3}}},"5":{"name":"(anonymous_6)","decl":{"start":{"line":26,"column":29},"end":{"line":26,"column":32}},"loc":{"start":{"line":27,"column":2},"end":{"line":31,"column":39}}},"6":{"name":"(anonymous_7)","decl":{"start":{"line":27,"column":22},"end":{"line":27,"column":23}},"loc":{"start":{"line":27,"column":49},"end":{"line":31,"column":3}}},"7":{"name":"(anonymous_8)","decl":{"start":{"line":33,"column":15},"end":{"line":33,"column":16}},"loc":{"start":{"line":33,"column":95},"end":{"line":51,"column":1}}},"8":{"name":"(anonymous_9)","decl":{"start":{"line":33,"column":95},"end":{"line":33,"column":null}},"loc":{"start":{"line":37,"column":4},"end":{"line":51,"column":1}}},"9":{"name":"(anonymous_10)","decl":{"start":{"line":44,"column":32},"end":{"line":44,"column":33}},"loc":{"start":{"line":44,"column":39},"end":{"line":44,"column":70}}}},"branchMap":{"0":{"loc":{"start":{"line":7,"column":12},"end":{"line":7,"column":28}},"type":"binary-expr","locations":[{"start":{"line":7,"column":12},"end":{"line":7,"column":28}},{"start":{"line":7,"column":12},"end":{"line":7,"column":null}}]},"1":{"loc":{"start":{"line":16,"column":4},"end":{"line":16,"column":76}},"type":"if","locations":[{"start":{"line":16,"column":4},"end":{"line":16,"column":76}},{"start":{"line":16,"column":4},"end":{"line":16,"column":76}}]},"2":{"loc":{"start":{"line":22,"column":4},"end":{"line":22,"column":67}},"type":"if","locations":[{"start":{"line":22,"column":4},"end":{"line":22,"column":67}},{"start":{"line":22,"column":4},"end":{"line":22,"column":67}}]},"3":{"loc":{"start":{"line":28,"column":4},"end":{"line":28,"column":74}},"type":"if","locations":[{"start":{"line":28,"column":4},"end":{"line":28,"column":74}},{"start":{"line":28,"column":4},"end":{"line":28,"column":74}}]},"4":{"loc":{"start":{"line":29,"column":4},"end":{"line":29,"column":66}},"type":"if","locations":[{"start":{"line":29,"column":4},"end":{"line":29,"column":66}},{"start":{"line":29,"column":4},"end":{"line":29,"column":66}}]},"5":{"loc":{"start":{"line":33,"column":69},"end":{"line":33,"column":90}},"type":"default-arg","locations":[{"start":{"line":33,"column":69},"end":{"line":33,"column":90}}]},"6":{"loc":{"start":{"line":41,"column":4},"end":{"line":41,"column":30}},"type":"if","locations":[{"start":{"line":41,"column":4},"end":{"line":41,"column":30}},{"start":{"line":41,"column":4},"end":{"line":41,"column":30}}]}},"s":{"0":8,"1":8,"2":8,"3":8,"4":8,"5":8,"6":8,"7":8,"8":8,"9":8,"10":24,"11":16,"12":5,"13":11,"14":8,"15":24,"16":9,"17":1,"18":8,"19":8,"20":16,"21":29,"22":1,"23":28,"24":0,"25":28,"26":8,"27":208,"28":132,"29":132,"30":132,"31":103,"32":29,"33":29,"34":29,"35":29,"36":29,"37":0},"f":{"0":8,"1":24,"2":16,"3":24,"4":9,"5":16,"6":29,"7":208,"8":132,"9":29},"b":{"0":[8,8],"1":[5,11],"2":[1,8],"3":[1,28],"4":[0,28],"5":[48],"6":[103,29]}}
,"/Users/nginx-iwnl/-nodejs-backend-architecture-typescript/src/routes/v1/index.ts": {"path":"/Users/nginx-iwnl/-nodejs-backend-architecture-typescript/src/routes/v1/index.ts","statementMap":{"0":{"start":{"line":1,"column":0},"end":{"line":1,"column":30}},"1":{"start":{"line":2,"column":0},"end":{"line":2,"column":39}},"2":{"start":{"line":3,"column":0},"end":{"line":3,"column":37}},"3":{"start":{"line":4,"column":0},"end":{"line":4,"column":35}},"4":{"start":{"line":5,"column":0},"end":{"line":5,"column":37}},"5":{"start":{"line":6,"column":0},"end":{"line":6,"column":35}},"6":{"start":{"line":7,"column":0},"end":{"line":7,"column":39}},"7":{"start":{"line":8,"column":0},"end":{"line":8,"column":43}},"8":{"start":{"line":9,"column":0},"end":{"line":9,"column":35}},"9":{"start":{"line":10,"column":0},"end":{"line":10,"column":35}},"10":{"start":{"line":11,"column":0},"end":{"line":11,"column":34}},"11":{"start":{"line":13,"column":15},"end":{"line":13,"column":31}},"12":{"start":{"line":17,"column":0},"end":{"line":17,"column":24}},"13":{"start":{"line":20,"column":0},"end":{"line":20,"column":30}},"14":{"start":{"line":21,"column":0},"end":{"line":21,"column":28}},"15":{"start":{"line":22,"column":0},"end":{"line":22,"column":30}},"16":{"start":{"line":23,"column":0},"end":{"line":23,"column":28}},"17":{"start":{"line":24,"column":0},"end":{"line":24,"column":31}},"18":{"start":{"line":25,"column":0},"end":{"line":25,"column":32}},"19":{"start":{"line":26,"column":0},"end":{"line":26,"column":35}},"20":{"start":{"line":27,"column":0},"end":{"line":27,"column":35}},"21":{"start":{"line":28,"column":0},"end":{"line":28,"column":29}},"22":{"start":{"line":30,"column":0},"end":{"line":30,"column":22}}},"fnMap":{},"branchMap":{},"s":{"0":8,"1":8,"2":8,"3":8,"4":8,"5":8,"6":8,"7":8,"8":8,"9":8,"10":8,"11":8,"12":8,"13":8,"14":8,"15":8,"16":8,"17":8,"18":8,"19":8,"20":8,"21":8,"22":8},"f":{},"b":{}}
,"/Users/nginx-iwnl/-nodejs-backend-architecture-typescript/src/routes/v1/access/login.ts": {"path":"/Users/nginx-iwnl/-nodejs-backend-architecture-typescript/src/routes/v1/access/login.ts","statementMap":{"0":{"start":{"line":1,"column":0},"end":{"line":1,"column":30}},"1":{"start":{"line":2,"column":0},"end":{"line":2,"column":60}},"2":{"start":{"line":3,"column":0},"end":{"line":3,"column":28}},"3":{"start":{"line":4,"column":0},"end":{"line":4,"column":61}},"4":{"start":{"line":5,"column":0},"end":{"line":5,"column":75}},"5":{"start":{"line":6,"column":0},"end":{"line":6,"column":69}},"6":{"start":{"line":7,"column":0},"end":{"line":7,"column":55}},"7":{"start":{"line":8,"column":0},"end":{"line":8,"column":51}},"8":{"start":{"line":9,"column":0},"end":{"line":9,"column":30}},"9":{"start":{"line":10,"column":0},"end":{"line":10,"column":57}},"10":{"start":{"line":11,"column":0},"end":{"line":11,"column":28}},"11":{"start":{"line":12,"column":0},"end":{"line":12,"column":23}},"12":{"start":{"line":14,"column":15},"end":{"line":14,"column":31}},"13":{"start":{"line":16,"column":0},"end":{"line":38,"column":2}},"14":{"start":{"line":20,"column":17},"end":{"line":20,"column":59}},"15":{"start":{"line":21,"column":4},"end":{"line":21,"column":64}},"16":{"start":{"line":21,"column":15},"end":{"line":21,"column":64}},"17":{"start":{"line":22,"column":4},"end":{"line":22,"column":72}},"18":{"start":{"line":22,"column":24},"end":{"line":22,"column":72}},"19":{"start":{"line":24,"column":18},"end":{"line":24,"column":72}},"20":{"start":{"line":25,"column":4},"end":{"line":25,"column":69}},"21":{"start":{"line":25,"column":16},"end":{"line":25,"column":69}},"22":{"start":{"line":27,"column":27},"end":{"line":27,"column":65}},"23":{"start":{"line":28,"column":28},"end":{"line":28,"column":66}},"24":{"start":{"line":30,"column":4},"end":{"line":30,"column":73}},"25":{"start":{"line":31,"column":19},"end":{"line":31,"column":76}},"26":{"start":{"line":33,"column":4},"end":{"line":36,"column":17}}},"fnMap":{"0":{"name":"(anonymous_1)","decl":{"start":{"line":19,"column":15},"end":{"line":19,"column":20}},"loc":{"start":{"line":19,"column":34},"end":{"line":37,"column":3}}}},"branchMap":{"0":{"loc":{"start":{"line":21,"column":4},"end":{"line":21,"column":64}},"type":"if","locations":[{"start":{"line":21,"column":4},"end":{"line":21,"column":64}},{"start":{"line":21,"column":4},"end":{"line":21,"column":64}}]},"1":{"loc":{"start":{"line":22,"column":4},"end":{"line":22,"column":72}},"type":"if","locations":[{"start":{"line":22,"column":4},"end":{"line":22,"column":72}},{"start":{"line":22,"column":4},"end":{"line":22,"column":72}}]},"2":{"loc":{"start":{"line":25,"column":4},"end":{"line":25,"column":69}},"type":"if","locations":[{"start":{"line":25,"column":4},"end":{"line":25,"column":69}},{"start":{"line":25,"column":4},"end":{"line":25,"column":69}}]}},"s":{"0":8,"1":8,"2":8,"3":8,"4":8,"5":8,"6":8,"7":8,"8":8,"9":8,"10":8,"11":8,"12":8,"13":8,"14":3,"15":3,"16":1,"17":2,"18":0,"19":2,"20":2,"21":1,"22":1,"23":1,"24":1,"25":1,"26":1},"f":{"0":3},"b":{"0":[1,2],"1":[0,2],"2":[1,1]}}
,"/Users/nginx-iwnl/-nodejs-backend-architecture-typescript/src/routes/v1/access/logout.ts": {"path":"/Users/nginx-iwnl/-nodejs-backend-architecture-typescript/src/routes/v1/access/logout.ts","statementMap":{"0":{"start":{"line":1,"column":0},"end":{"line":1,"column":30}},"1":{"start":{"line":2,"column":0},"end":{"line":2,"column":69}},"2":{"start":{"line":4,"column":0},"end":{"line":4,"column":63}},"3":{"start":{"line":5,"column":0},"end":{"line":5,"column":57}},"4":{"start":{"line":6,"column":0},"end":{"line":6,"column":58}},"5":{"start":{"line":8,"column":15},"end":{"line":8,"column":31}},"6":{"start":{"line":12,"column":0},"end":{"line":12,"column":32}},"7":{"start":{"line":15,"column":0},"end":{"line":21,"column":2}},"8":{"start":{"line":18,"column":4},"end":{"line":18,"column":48}},"9":{"start":{"line":19,"column":4},"end":{"line":19,"column":55}},"10":{"start":{"line":23,"column":0},"end":{"line":23,"column":22}}},"fnMap":{"0":{"name":"(anonymous_1)","decl":{"start":{"line":17,"column":15},"end":{"line":17,"column":20}},"loc":{"start":{"line":17,"column":52},"end":{"line":20,"column":3}}}},"branchMap":{},"s":{"0":8,"1":8,"2":8,"3":8,"4":8,"5":8,"6":8,"7":8,"8":0,"9":0,"10":8},"f":{"0":0},"b":{}}
,"/Users/nginx-iwnl/-nodejs-backend-architecture-typescript/src/routes/v1/access/schema.ts": {"path":"/Users/nginx-iwnl/-nodejs-backend-architecture-typescript/src/routes/v1/access/schema.ts","statementMap":{"0":{"start":{"line":1,"column":0},"end":{"line":1,"column":28}},"1":{"start":{"line":2,"column":0},"end":{"line":2,"column":59}},"2":{"start":{"line":4,"column":0},"end":{"line":23,"column":2}}},"fnMap":{},"branchMap":{},"s":{"0":8,"1":8,"2":8},"f":{},"b":{}}
[...]
,"/Users/nginx-iwnl/-nodejs-backend-architecture-typescript/src/routes/v1/blog/schema.ts": {"path":"/Users/nginx-iwnl/-nodejs-backend-architecture-typescript/src/routes/v1/blog/schema.ts","statementMap":{"0":{"start":{"line":1,"column":0},"end":{"line":1,"column":28}},"1":{"start":{"line":2,"column":0},"end":{"line":2,"column":73}},"2":{"start":{"line":4,"column":0},"end":{"line":39,"column":2}}},"fnMap":{},"branchMap":{},"s":{"0":8,"1":8,"2":8},"f":{},"b":{}}
,"/Users/nginx-iwnl/-nodejs-backend-architecture-typescript/src/routes/v1/blog/writer.ts": {"path":"/Users/nginx-iwnl/-nodejs-backend-architecture-typescript/src/routes/v1/blog/writer.ts","statementMap":{"0":{"start":{"line":1,"column":0},"end":{"line":1,"column":30}},"1":{"start":{"line":2,"column":0},"end":{"line":2,"column":80}},"2":{"start":{"line":4,"column":0},"end":{"line":4,"column":73}},"3":{"start":{"line":5,"column":0},"end":{"line":5,"column":61}},"4":{"start":{"line":8,"column":0},"end":{"line":8,"column":33}},"5":{"start":{"line":9,"column":0},"end":{"line":9,"column":73}},"6":{"start":{"line":10,"column":0},"end":{"line":10,"column":30}},"7":{"start":{"line":11,"column":0},"end":{"line":11,"column":57}},"8":{"start":{"line":12,"column":0},"end":{"line":12,"column":58}},"9":{"start":{"line":13,"column":0},"end":{"line":13,"column":56}},"10":{"start":{"line":14,"column":0},"end":{"line":14,"column":41}},"11":{"start":{"line":16,"column":15},"end":{"line":16,"column":31}},"12":{"start":{"line":20,"column":0},"end":{"line":20,"column":70}},"13":{"start":{"line":23,"column":23},"end":{"line":23,"column":92}},"14":{"start":{"line":23,"column":45},"end":{"line":23,"column":92}},"15":{"start":{"line":25,"column":0},"end":{"line":49,"column":2}},"16":{"start":{"line":29,"column":4},"end":{"line":29,"column":56}},"17":{"start":{"line":31,"column":17},"end":{"line":31,"column":65}},"18":{"start":{"line":32,"column":4},"end":{"line":32,"column":77}},"19":{"start":{"line":32,"column":14},"end":{"line":32,"column":77}},"20":{"start":{"line":34,"column":24},"end":{"line":45,"column":14}},"21":{"start":{"line":47,"column":4},"end":{"line":47,"column":76}},"22":{"start":{"line":51,"column":0},"end":{"line":78,"column":2}},"23":{"start":{"line":56,"column":17},"end":{"line":56,"column":86}},"24":{"start":{"line":57,"column":4},"end":{"line":57,"column":72}},"25":{"start":{"line":57,"column":22},"end":{"line":57,"column":72}},"26":{"start":{"line":58,"column":4},"end":{"line":59,"column":71}},"27":{"start":{"line":59,"column":6},"end":{"line":59,"column":71}},"28":{"start":{"line":61,"column":4},"end":{"line":66,"column":null}},"29":{"start":{"line":62,"column":23},"end":{"line":62,"column":55}},"30":{"start":{"line":63,"column":27},"end":{"line":63,"column":67}},"31":{"start":{"line":64,"column":6},"end":{"line":64,"column":75}},"32":{"start":{"line":64,"column":24},"end":{"line":64,"column":75}},"33":{"start":{"line":65,"column":6},"end":{"line":65,"column":52}},"34":{"start":{"line":65,"column":28},"end":{"line":65,"column":52}},"35":{"start":{"line":68,"column":4},"end":{"line":68,"column":52}},"36":{"start":{"line":68,"column":24},"end":{"line":68,"column":52}},"37":{"start":{"line":69,"column":4},"end":{"line":69,"column":70}},"38":{"start":{"line":69,"column":30},"end":{"line":69,"column":70}},"39":{"start":{"line":70,"column":4},"end":{"line":70,"column":54}},"40":{"start":{"line":70,"column":23},"end":{"line":70,"column":54}},"41":{"start":{"line":71,"column":4},"end":{"line":71,"column":49}},"42":{"start":{"line":71,"column":23},"end":{"line":71,"column":49}},"43":{"start":{"line":72,"column":4},"end":{"line":72,"column":55}},"44":{"start":{"line":72,"column":25},"end":{"line":72,"column":55}},"45":{"start":{"line":73,"column":4},"end":{"line":73,"column":52}},"46":{"start":{"line":73,"column":24},"end":{"line":73,"column":52}},"47":{"start":{"line":75,"column":4},"end":{"line":75,"column":32}},"48":{"start":{"line":76,"column":4},"end":{"line":76,"column":69}},"49":{"start":{"line":80,"column":0},"end":{"line":95,"column":2}},"50":{"start":{"line":84,"column":17},"end":{"line":84,"column":86}},"51":{"start":{"line":85,"column":4},"end":{"line":85,"column":65}},"52":{"start":{"line":85,"column":15},"end":{"line":85,"column":65}},"53":{"start":{"line":86,"column":4},"end":{"line":87,"column":71}},"54":{"start":{"line":87,"column":6},"end":{"line":87,"column":71}},"55":{"start":{"line":89,"column":4},"end":{"line":89,"column":28}},"56":{"start":{"line":90,"column":4},"end":{"line":90,"column":25}},"57":{"start":{"line":92,"column":4},"end":{"line":92,"column":32}},"58":{"start":{"line":93,"column":4},"end":{"line":93,"column":75}},"59":{"start":{"line":97,"column":0},"end":{"line":112,"column":2}},"60":{"start":{"line":101,"column":17},"end":{"line":101,"column":86}},"61":{"start":{"line":102,"column":4},"end":{"line":102,"column":65}},"62":{"start":{"line":102,"column":15},"end":{"line":102,"column":65}},"63":{"start":{"line":103,"column":4},"end":{"line":104,"column":71}},"64":{"start":{"line":104,"column":6},"end":{"line":104,"column":71}},"65":{"start":{"line":106,"column":4},"end":{"line":106,"column":29}},"66":{"start":{"line":107,"column":4},"end":{"line":107,"column":24}},"67":{"start":{"line":109,"column":4},"end":{"line":109,"column":32}},"68":{"start":{"line":110,"column":4},"end":{"line":110,"column":75}},"69":{"start":{"line":114,"column":0},"end":{"line":134,"column":2}},"70":{"start":{"line":118,"column":17},"end":{"line":118,"column":86}},"71":{"start":{"line":119,"column":4},"end":{"line":119,"column":65}},"72":{"start":{"line":119,"column":15},"end":{"line":119,"column":65}},"73":{"start":{"line":120,"column":4},"end":{"line":121,"column":71}},"74":{"start":{"line":121,"column":6},"end":{"line":121,"column":71}},"75":{"start":{"line":123,"column":4},"end":{"line":129,"column":null}},"76":{"start":{"line":124,"column":6},"end":{"line":124,"column":27}},"77":{"start":{"line":126,"column":6},"end":{"line":126,"column":33}},"78":{"start":{"line":128,"column":6},"end":{"line":128,"column":26}},"79":{"start":{"line":131,"column":4},"end":{"line":131,"column":32}},"80":{"start":{"line":132,"column":4},"end":{"line":132,"column":73}},"81":{"start":{"line":136,"column":0},"end":{"line":142,"column":2}},"82":{"start":{"line":139,"column":18},"end":{"line":139,"column":70}},"83":{"start":{"line":140,"column":4},"end":{"line":140,"column":59}},"84":{"start":{"line":144,"column":0},"end":{"line":150,"column":2}},"85":{"start":{"line":147,"column":18},"end":{"line":147,"column":68}},"86":{"start":{"line":148,"column":4},"end":{"line":148,"column":59}},"87":{"start":{"line":152,"column":0},"end":{"line":158,"column":2}},"88":{"start":{"line":155,"column":18},"end":{"line":155,"column":65}},"89":{"start":{"line":156,"column":4},"end":{"line":156,"column":59}},"90":{"start":{"line":160,"column":0},"end":{"line":170,"column":2}},"91":{"start":{"line":164,"column":17},"end":{"line":164,"column":86}},"92":{"start":{"line":165,"column":4},"end":{"line":165,"column":65}},"93":{"start":{"line":165,"column":15},"end":{"line":165,"column":65}},"94":{"start":{"line":166,"column":4},"end":{"line":167,"column":71}},"95":{"start":{"line":167,"column":6},"end":{"line":167,"column":71}},"96":{"start":{"line":168,"column":4},"end":{"line":168,"column":51}},"97":{"start":{"line":172,"column":0},"end":{"line":172,"column":22}}},"fnMap":{"0":{"name":"(anonymous_7)","decl":{"start":{"line":23,"column":23},"end":{"line":23,"column":24}},"loc":{"start":{"line":23,"column":45},"end":{"line":23,"column":92}}},"1":{"name":"(anonymous_8)","decl":{"start":{"line":28,"column":15},"end":{"line":28,"column":20}},"loc":{"start":{"line":28,"column":52},"end":{"line":48,"column":3}}},"2":{"name":"(anonymous_9)","decl":{"start":{"line":55,"column":15},"end":{"line":55,"column":20}},"loc":{"start":{"line":55,"column":52},"end":{"line":77,"column":3}}},"3":{"name":"(anonymous_10)","decl":{"start":{"line":83,"column":15},"end":{"line":83,"column":20}},"loc":{"start":{"line":83,"column":52},"end":{"line":94,"column":3}}},"4":{"name":"(anonymous_11)","decl":{"start":{"line":100,"column":15},"end":{"line":100,"column":20}},"loc":{"start":{"line":100,"column":52},"end":{"line":111,"column":3}}},"5":{"name":"(anonymous_12)","decl":{"start":{"line":117,"column":15},"end":{"line":117,"column":20}},"loc":{"start":{"line":117,"column":52},"end":{"line":133,"column":3}}},"6":{"name":"(anonymous_13)","decl":{"start":{"line":138,"column":15},"end":{"line":138,"column":20}},"loc":{"start":{"line":138,"column":52},"end":{"line":141,"column":3}}},"7":{"name":"(anonymous_14)","decl":{"start":{"line":146,"column":15},"end":{"line":146,"column":20}},"loc":{"start":{"line":146,"column":52},"end":{"line":149,"column":3}}},"8":{"name":"(anonymous_15)","decl":{"start":{"line":154,"column":15},"end":{"line":154,"column":20}},"loc":{"start":{"line":154,"column":52},"end":{"line":157,"column":3}}},"9":{"name":"(anonymous_16)","decl":{"start":{"line":163,"column":15},"end":{"line":163,"column":20}},"loc":{"start":{"line":163,"column":52},"end":{"line":169,"column":3}}}},"branchMap":{"0":{"loc":{"start":{"line":32,"column":4},"end":{"line":32,"column":77}},"type":"if","locations":[{"start":{"line":32,"column":4},"end":{"line":32,"column":77}},{"start":{"line":32,"column":4},"end":{"line":32,"column":77}}]},"1":{"loc":{"start":{"line":57,"column":4},"end":{"line":57,"column":72}},"type":"if","locations":[{"start":{"line":57,"column":4},"end":{"line":57,"column":72}},{"start":{"line":57,"column":4},"end":{"line":57,"column":72}}]},"2":{"loc":{"start":{"line":58,"column":4},"end":{"line":59,"column":71}},"type":"if","locations":[{"start":{"line":58,"column":4},"end":{"line":59,"column":71}},{"start":{"line":58,"column":4},"end":{"line":59,"column":71}}]},"3":{"loc":{"start":{"line":61,"column":4},"end":{"line":66,"column":null}},"type":"if","locations":[{"start":{"line":61,"column":4},"end":{"line":66,"column":null}},{"start":{"line":61,"column":4},"end":{"line":66,"column":null}}]},"4":{"loc":{"start":{"line":64,"column":6},"end":{"line":64,"column":75}},"type":"if","locations":[{"start":{"line":64,"column":6},"end":{"line":64,"column":75}},{"start":{"line":64,"column":6},"end":{"line":64,"column":75}}]},"5":{"loc":{"start":{"line":65,"column":6},"end":{"line":65,"column":52}},"type":"if","locations":[{"start":{"line":65,"column":6},"end":{"line":65,"column":52}},{"start":{"line":65,"column":6},"end":{"line":65,"column":52}}]},"6":{"loc":{"start":{"line":68,"column":4},"end":{"line":68,"column":52}},"type":"if","locations":[{"start":{"line":68,"column":4},"end":{"line":68,"column":52}},{"start":{"line":68,"column":4},"end":{"line":68,"column":52}}]},"7":{"loc":{"start":{"line":69,"column":4},"end":{"line":69,"column":70}},"type":"if","locations":[{"start":{"line":69,"column":4},"end":{"line":69,"column":70}},{"start":{"line":69,"column":4},"end":{"line":69,"column":70}}]},"8":{"loc":{"start":{"line":70,"column":4},"end":{"line":70,"column":54}},"type":"if","locations":[{"start":{"line":70,"column":4},"end":{"line":70,"column":54}},{"start":{"line":70,"column":4},"end":{"line":70,"column":54}}]},"9":{"loc":{"start":{"line":71,"column":4},"end":{"line":71,"column":49}},"type":"if","locations":[{"start":{"line":71,"column":4},"end":{"line":71,"column":49}},{"start":{"line":71,"column":4},"end":{"line":71,"column":49}}]},"10":{"loc":{"start":{"line":72,"column":4},"end":{"line":72,"column":55}},"type":"if","locations":[{"start":{"line":72,"column":4},"end":{"line":72,"column":55}},{"start":{"line":72,"column":4},"end":{"line":72,"column":55}}]},"11":{"loc":{"start":{"line":73,"column":4},"end":{"line":73,"column":52}},"type":"if","locations":[{"start":{"line":73,"column":4},"end":{"line":73,"column":52}},{"start":{"line":73,"column":4},"end":{"line":73,"column":52}}]},"12":{"loc":{"start":{"line":85,"column":4},"end":{"line":85,"column":65}},"type":"if","locations":[{"start":{"line":85,"column":4},"end":{"line":85,"column":65}},{"start":{"line":85,"column":4},"end":{"line":85,"column":65}}]},"13":{"loc":{"start":{"line":86,"column":4},"end":{"line":87,"column":71}},"type":"if","locations":[{"start":{"line":86,"column":4},"end":{"line":87,"column":71}},{"start":{"line":86,"column":4},"end":{"line":87,"column":71}}]},"14":{"loc":{"start":{"line":102,"column":4},"end":{"line":102,"column":65}},"type":"if","locations":[{"start":{"line":102,"column":4},"end":{"line":102,"column":65}},{"start":{"line":102,"column":4},"end":{"line":102,"column":65}}]},"15":{"loc":{"start":{"line":103,"column":4},"end":{"line":104,"column":71}},"type":"if","locations":[{"start":{"line":103,"column":4},"end":{"line":104,"column":71}},{"start":{"line":103,"column":4},"end":{"line":104,"column":71}}]},"16":{"loc":{"start":{"line":119,"column":4},"end":{"line":119,"column":65}},"type":"if","locations":[{"start":{"line":119,"column":4},"end":{"line":119,"column":65}},{"start":{"line":119,"column":4},"end":{"line":119,"column":65}}]},"17":{"loc":{"start":{"line":120,"column":4},"end":{"line":121,"column":71}},"type":"if","locations":[{"start":{"line":120,"column":4},"end":{"line":121,"column":71}},{"start":{"line":120,"column":4},"end":{"line":121,"column":71}}]},"18":{"loc":{"start":{"line":123,"column":4},"end":{"line":129,"column":null}},"type":"if","locations":[{"start":{"line":123,"column":4},"end":{"line":129,"column":null}},{"start":{"line":123,"column":4},"end":{"line":129,"column":null}}]},"19":{"loc":{"start":{"line":165,"column":4},"end":{"line":165,"column":65}},"type":"if","locations":[{"start":{"line":165,"column":4},"end":{"line":165,"column":65}},{"start":{"line":165,"column":4},"end":{"line":165,"column":65}}]},"20":{"loc":{"start":{"line":166,"column":4},"end":{"line":167,"column":71}},"type":"if","locations":[{"start":{"line":166,"column":4},"end":{"line":167,"column":71}},{"start":{"line":166,"column":4},"end":{"line":167,"column":71}}]}},"s":{"0":8,"1":8,"2":8,"3":8,"4":8,"5":8,"6":8,"7":8,"8":8,"9":8,"10":8,"11":8,"12":8,"13":8,"14":2,"15":8,"16":2,"17":2,"18":2,"19":1,"20":1,"21":1,"22":8,"23":0,"24":0,"25":0,"26":0,"27":0,"28":0,"29":0,"30":0,"31":0,"32":0,"33":0,"34":0,"35":0,"36":0,"37":0,"38":0,"39":0,"40":0,"41":0,"42":0,"43":0,"44":0,"45":0,"46":0,"47":0,"48":0,"49":8,"50":2,"51":2,"52":1,"53":1,"54":0,"55":1,"56":1,"57":1,"58":1,"59":8,"60":2,"61":2,"62":1,"63":1,"64":0,"65":1,"66":1,"67":1,"68":1,"69":8,"70":2,"71":2,"72":1,"73":1,"74":0,"75":1,"76":0,"77":0,"78":1,"79":1,"80":1,"81":8,"82":0,"83":0,"84":8,"85":0,"86":0,"87":8,"88":0,"89":0,"90":8,"91":3,"92":3,"93":1,"94":2,"95":1,"96":1,"97":8},"f":{"0":2,"1":2,"2":0,"3":2,"4":2,"5":2,"6":0,"7":0,"8":0,"9":3},"b":{"0":[1,1],"1":[0,0],"2":[0,0],"3":[0,0],"4":[0,0],"5":[0,0],"6":[0,0],"7":[0,0],"8":[0,0],"9":[0,0],"10":[0,0],"11":[0,0],"12":[1,1],"13":[0,1],"14":[1,1],"15":[0,1],"16":[1,1],"17":[0,1],"18":[0,1],"19":[1,2],"20":[1,1]}}
,"/Users/nginx-iwnl/-nodejs-backend-architecture-typescript/src/routes/v1/profile/schema.ts": {"path":"/Users/nginx-iwnl/-nodejs-backend-architecture-typescript/src/routes/v1/profile/schema.ts","statementMap":{"0":{"start":{"line":1,"column":0},"end":{"line":1,"column":28}},"1":{"start":{"line":2,"column":0},"end":{"line":2,"column":57}},"2":{"start":{"line":4,"column":0},"end":{"line":12,"column":2}}},"fnMap":{},"branchMap":{},"s":{"0":8,"1":8,"2":8},"f":{},"b":{}}
,"/Users/nginx-iwnl/-nodejs-backend-architecture-typescript/src/routes/v1/profile/user.ts": {"path":"/Users/nginx-iwnl/-nodejs-backend-architecture-typescript/src/routes/v1/profile/user.ts","statementMap":{"0":{"start":{"line":1,"column":0},"end":{"line":1,"column":30}},"1":{"start":{"line":2,"column":0},"end":{"line":2,"column":60}},"2":{"start":{"line":3,"column":0},"end":{"line":3,"column":61}},"3":{"start":{"line":5,"column":0},"end":{"line":5,"column":57}},"4":{"start":{"line":6,"column":0},"end":{"line":6,"column":33}},"5":{"start":{"line":7,"column":0},"end":{"line":7,"column":73}},"6":{"start":{"line":8,"column":0},"end":{"line":8,"column":30}},"7":{"start":{"line":9,"column":0},"end":{"line":9,"column":57}},"8":{"start":{"line":10,"column":0},"end":{"line":10,"column":23}},"9":{"start":{"line":11,"column":0},"end":{"line":11,"column":58}},"10":{"start":{"line":13,"column":15},"end":{"line":13,"column":31}},"11":{"start":{"line":15,"column":0},"end":{"line":23,"column":2}},"12":{"start":{"line":19,"column":17},"end":{"line":19,"column":88}},"13":{"start":{"line":20,"column":4},"end":{"line":20,"column":64}},"14":{"start":{"line":20,"column":15},"end":{"line":20,"column":64}},"15":{"start":{"line":21,"column":4},"end":{"line":21,"column":93}},"16":{"start":{"line":27,"column":0},"end":{"line":27,"column":32}},"17":{"start":{"line":30,"column":0},"end":{"line":39,"column":2}},"18":{"start":{"line":33,"column":17},"end":{"line":33,"column":61}},"19":{"start":{"line":34,"column":4},"end":{"line":34,"column":64}},"20":{"start":{"line":34,"column":15},"end":{"line":34,"column":64}},"21":{"start":{"line":35,"column":4},"end":{"line":37,"column":6}},"22":{"start":{"line":41,"column":0},"end":{"line":57,"column":2}},"23":{"start":{"line":45,"column":17},"end":{"line":45,"column":61}},"24":{"start":{"line":46,"column":4},"end":{"line":46,"column":64}},"25":{"start":{"line":46,"column":15},"end":{"line":46,"column":64}},"26":{"start":{"line":48,"column":4},"end":{"line":48,"column":49}},"27":{"start":{"line":48,"column":23},"end":{"line":48,"column":49}},"28":{"start":{"line":49,"column":4},"end":{"line":49,"column":76}},"29":{"start":{"line":49,"column":32},"end":{"line":49,"column":76}},"30":{"start":{"line":51,"column":4},"end":{"line":51,"column":36}},"31":{"start":{"line":52,"column":4},"end":{"line":55,"column":16}},"32":{"start":{"line":59,"column":0},"end":{"line":59,"column":22}}},"fnMap":{"0":{"name":"(anonymous_7)","decl":{"start":{"line":18,"column":15},"end":{"line":18,"column":20}},"loc":{"start":{"line":18,"column":52},"end":{"line":22,"column":3}}},"1":{"name":"(anonymous_8)","decl":{"start":{"line":32,"column":15},"end":{"line":32,"column":20}},"loc":{"start":{"line":32,"column":52},"end":{"line":38,"column":3}}},"2":{"name":"(anonymous_9)","decl":{"start":{"line":44,"column":15},"end":{"line":44,"column":20}},"loc":{"start":{"line":44,"column":52},"end":{"line":56,"column":3}}}},"branchMap":{"0":{"loc":{"start":{"line":20,"column":4},"end":{"line":20,"column":64}},"type":"if","locations":[{"start":{"line":20,"column":4},"end":{"line":20,"column":64}},{"start":{"line":20,"column":4},"end":{"line":20,"column":64}}]},"1":{"loc":{"start":{"line":34,"column":4},"end":{"line":34,"column":64}},"type":"if","locations":[{"start":{"line":34,"column":4},"end":{"line":34,"column":64}},{"start":{"line":34,"column":4},"end":{"line":34,"column":64}}]},"2":{"loc":{"start":{"line":46,"column":4},"end":{"line":46,"column":64}},"type":"if","locations":[{"start":{"line":46,"column":4},"end":{"line":46,"column":64}},{"start":{"line":46,"column":4},"end":{"line":46,"column":64}}]},"3":{"loc":{"start":{"line":48,"column":4},"end":{"line":48,"column":49}},"type":"if","locations":[{"start":{"line":48,"column":4},"end":{"line":48,"column":49}},{"start":{"line":48,"column":4},"end":{"line":48,"column":49}}]},"4":{"loc":{"start":{"line":49,"column":4},"end":{"line":49,"column":76}},"type":"if","locations":[{"start":{"line":49,"column":4},"end":{"line":49,"column":76}},{"start":{"line":49,"column":4},"end":{"line":49,"column":76}}]}},"s":{"0":8,"1":8,"2":8,"3":8,"4":8,"5":8,"6":8,"7":8,"8":8,"9":8,"10":8,"11":8,"12":0,"13":0,"14":0,"15":0,"16":8,"17":8,"18":0,"19":0,"20":0,"21":0,"22":8,"23":0,"24":0,"25":0,"26":0,"27":0,"28":0,"29":0,"30":0,"31":0,"32":8},"f":{"0":0,"1":0,"2":0},"b":{"0":[0,0],"1":[0,0],"2":[0,0],"3":[0,0],"4":[0,0]}}
}
