{"/Users/nginx-iwnl/-nodejs-backend-architecture-typescript/src/config.ts": {"path":"/Users/nginx-iwnl/-nodejs-backend-architecture-typescript/src/config.ts","statementMap":{"0":{"start":{"line":2,"column":13},"end":{"line":2,"column":48}},"1":{"start":{"line":3,"column":13},"end":{"line":3,"column":37}},"2":{"start":{"line":6,"column":13},"end":{"line":13,"column":2}},"3":{"start":{"line":15,"column":13},"end":{"line":15,"column":44}},"4":{"start":{"line":17,"column":13},"end":{"line":22,"column":2}},"5":{"start":{"line":24,"column":13},"end":{"line":24,"column":48}}},"fnMap":{},"branchMap":{"0":{"loc":{"start":{"line":7,"column":7},"end":{"line":7,"column":25}},"type":"binary-expr","locations":[{"start":{"line":7,"column":7},"end":{"line":7,"column":25}},{"start":{"line":7,"column":29},"end":{"line":7,"column":31}}]},"1":{"loc":{"start":{"line":8,"column":8},"end":{"line":8,"column":27}},"type":"binary-expr","locations":[{"start":{"line":8,"column":8},"end":{"line":8,"column":27}},{"start":{"line":8,"column":31},"end":{"line":8,"column":33}}]},"2":{"loc":{"start":{"line":9,"column":8},"end":{"line":9,"column":27}},"type":"binary-expr","locations":[{"start":{"line":9,"column":8},"end":{"line":9,"column":27}},{"start":{"line":9,"column":31},"end":{"line":9,"column":33}}]},"3":{"loc":{"start":{"line":10,"column":8},"end":{"line":10,"column":27}},"type":"binary-expr","locations":[{"start":{"line":10,"column":8},"end":{"line":10,"column":27}},{"start":{"line":10,"column":31},"end":{"line":10,"column":33}}]},"4":{"loc":{"start":{"line":11,"column":8},"end":{"line":11,"column":27}},"type":"binary-expr","locations":[{"start":{"line":11,"column":8},"end":{"line":11,"column":27}},{"start":{"line":11,"column":31},"end":{"line":11,"column":33}}]},"5":{"loc":{"start":{"line":12,"column":12},"end":{"line":12,"column":35}},"type":"binary-expr","locations":[{"start":{"line":12,"column":12},"end":{"line":12,"column":35}},{"start":{"line":12,"column":39},"end":{"line":12,"column":41}}]},"6":{"loc":{"start":{"line":18,"column":36},"end":{"line":18,"column":73}},"type":"binary-expr","locations":[{"start":{"line":18,"column":36},"end":{"line":18,"column":73}},{"start":{"line":18,"column":77},"end":{"line":18,"column":80}}]},"7":{"loc":{"start":{"line":19,"column":37},"end":{"line":19,"column":75}},"type":"binary-expr","locations":[{"start":{"line":19,"column":37},"end":{"line":19,"column":75}},{"start":{"line":19,"column":79},"end":{"line":19,"column":82}}]},"8":{"loc":{"start":{"line":20,"column":10},"end":{"line":20,"column":34}},"type":"binary-expr","locations":[{"start":{"line":20,"column":10},"end":{"line":20,"column":34}},{"start":{"line":20,"column":38},"end":{"line":20,"column":40}}]},"9":{"loc":{"start":{"line":21,"column":12},"end":{"line":21,"column":38}},"type":"binary-expr","locations":[{"start":{"line":21,"column":12},"end":{"line":21,"column":38}},{"start":{"line":21,"column":42},"end":{"line":21,"column":44}}]}},"s":{"0":2,"1":2,"2":2,"3":2,"4":2,"5":2},"f":{},"b":{"0":[2,2],"1":[2,0],"2":[2,0],"3":[2,0],"4":[2,0],"5":[2,0],"6":[2,2],"7":[2,2],"8":[2,0],"9":[2,0]}}
,"/Users/nginx-iwnl/-nodejs-backend-architecture-typescript/src/auth/authUtils.ts": {"path":"/Users/nginx-iwnl/-nodejs-backend-architecture-typescript/src/auth/authUtils.ts","statementMap":{"0":{"start":{"line":2,"column":0},"end":{"line":2,"column":67}},"1":{"start":{"line":3,"column":0},"end":{"line":3,"column":46}},"2":{"start":{"line":4,"column":0},"end":{"line":4,"column":33}},"3":{"start":{"line":6,"column":0},"end":{"line":6,"column":38}},"4":{"start":{"line":8,"column":13},"end":{"line":12,"column":2}},"5":{"start":{"line":9,"column":2},"end":{"line":9,"column":74}},"6":{"start":{"line":9,"column":22},"end":{"line":9,"column":74}},"7":{"start":{"line":10,"column":2},"end":{"line":10,"column":96}},"8":{"start":{"line":10,"column":44},"end":{"line":10,"column":96}},"9":{"start":{"line":11,"column":2},"end":{"line":11,"column":37}},"10":{"start":{"line":14,"column":13},"end":{"line":27,"column":2}},"11":{"start":{"line":15,"column":2},"end":{"line":25,"column":55}},"12":{"start":{"line":25,"column":4},"end":{"line":25,"column":55}},"13":{"start":{"line":26,"column":2},"end":{"line":26,"column":14}},"14":{"start":{"line":29,"column":13},"end":{"line":62,"column":2}},"15":{"start":{"line":34,"column":22},"end":{"line":41,"column":null}},"16":{"start":{"line":44,"column":2},"end":{"line":44,"column":46}},"17":{"start":{"line":44,"column":20},"end":{"line":44,"column":46}},"18":{"start":{"line":46,"column":23},"end":{"line":53,"column":null}},"19":{"start":{"line":56,"column":2},"end":{"line":56,"column":47}},"20":{"start":{"line":56,"column":21},"end":{"line":56,"column":47}},"21":{"start":{"line":58,"column":2},"end":{"line":61,"column":14}}},"fnMap":{"0":{"name":"(anonymous_6)","decl":{"start":{"line":8,"column":30},"end":{"line":8,"column":31}},"loc":{"start":{"line":8,"column":57},"end":{"line":12,"column":1}}},"1":{"name":"(anonymous_7)","decl":{"start":{"line":14,"column":33},"end":{"line":14,"column":34}},"loc":{"start":{"line":14,"column":66},"end":{"line":27,"column":1}}},"2":{"name":"(anonymous_8)","decl":{"start":{"line":29,"column":28},"end":{"line":29,"column":33}},"loc":{"start":{"line":33,"column":21},"end":{"line":62,"column":1}}}},"branchMap":{"0":{"loc":{"start":{"line":9,"column":2},"end":{"line":9,"column":74}},"type":"if","locations":[{"start":{"line":9,"column":2},"end":{"line":9,"column":74}},{"start":{"line":9,"column":2},"end":{"line":9,"column":74}}]},"1":{"loc":{"start":{"line":10,"column":2},"end":{"line":10,"column":96}},"type":"if","locations":[{"start":{"line":10,"column":2},"end":{"line":10,"column":96}},{"start":{"line":10,"column":2},"end":{"line":10,"column":96}}]},"2":{"loc":{"start":{"line":15,"column":2},"end":{"line":25,"column":55}},"type":"if","locations":[{"start":{"line":15,"column":2},"end":{"line":25,"column":55}},{"start":{"line":15,"column":2},"end":{"line":25,"column":55}}]},"3":{"loc":{"start":{"line":16,"column":4},"end":{"line":16,"column":12}},"type":"binary-expr","locations":[{"start":{"line":16,"column":4},"end":{"line":16,"column":12}},{"start":{"line":17,"column":4},"end":{"line":17,"column":16}},{"start":{"line":18,"column":4},"end":{"line":18,"column":16}},{"start":{"line":19,"column":4},"end":{"line":19,"column":16}},{"start":{"line":20,"column":4},"end":{"line":20,"column":16}},{"start":{"line":21,"column":4},"end":{"line":21,"column":36}},{"start":{"line":22,"column":4},"end":{"line":22,"column":38}},{"start":{"line":23,"column":4},"end":{"line":23,"column":40}}]},"4":{"loc":{"start":{"line":44,"column":2},"end":{"line":44,"column":46}},"type":"if","locations":[{"start":{"line":44,"column":2},"end":{"line":44,"column":46}},{"start":{"line":44,"column":2},"end":{"line":44,"column":46}}]},"5":{"loc":{"start":{"line":56,"column":2},"end":{"line":56,"column":47}},"type":"if","locations":[{"start":{"line":56,"column":2},"end":{"line":56,"column":47}},{"start":{"line":56,"column":2},"end":{"line":56,"column":47}}]}},"s":{"0":1,"1":1,"2":1,"3":1,"4":1,"5":0,"6":0,"7":0,"8":0,"9":0,"10":1,"11":3,"12":1,"13":2,"14":1,"15":1,"16":1,"17":0,"18":1,"19":1,"20":0,"21":1},"f":{"0":0,"1":3,"2":1},"b":{"0":[0,0],"1":[0,0],"2":[1,2],"3":[3,3,3,3,3,3,3,3],"4":[0,1],"5":[0,1]}}
,"/Users/nginx-iwnl/-nodejs-backend-architecture-typescript/src/core/ApiError.ts": {"path":"/Users/nginx-iwnl/-nodejs-backend-architecture-typescript/src/core/ApiError.ts","statementMap":{"0":{"start":{"line":2,"column":0},"end":{"line":2,"column":40}},"1":{"start":{"line":3,"column":0},"end":{"line":3,"column":null}},"2":{"start":{"line":12,"column":0},"end":{"line":12,"column":null}},"3":{"start":{"line":13,"column":2},"end":{"line":13,"column":null}},"4":{"start":{"line":14,"column":2},"end":{"line":14,"column":null}},"5":{"start":{"line":15,"column":2},"end":{"line":15,"column":null}},"6":{"start":{"line":16,"column":2},"end":{"line":16,"column":null}},"7":{"start":{"line":17,"column":2},"end":{"line":17,"column":null}},"8":{"start":{"line":18,"column":2},"end":{"line":18,"column":null}},"9":{"start":{"line":19,"column":2},"end":{"line":19,"column":null}},"10":{"start":{"line":20,"column":2},"end":{"line":20,"column":null}},"11":{"start":{"line":21,"column":2},"end":{"line":21,"column":null}},"12":{"start":{"line":22,"column":2},"end":{"line":22,"column":null}},"13":{"start":{"line":27,"column":4},"end":{"line":27,"column":16}},"14":{"start":{"line":26,"column":21},"end":{"line":26,"column":36}},"15":{"start":{"line":26,"column":45},"end":{"line":26,"column":63}},"16":{"start":{"line":31,"column":4},"end":{"line":54,"column":null}},"17":{"start":{"line":35,"column":8},"end":{"line":35,"column":62}},"18":{"start":{"line":37,"column":8},"end":{"line":37,"column":67}},"19":{"start":{"line":39,"column":8},"end":{"line":39,"column":64}},"20":{"start":{"line":43,"column":8},"end":{"line":43,"column":59}},"21":{"start":{"line":45,"column":8},"end":{"line":45,"column":61}},"22":{"start":{"line":47,"column":8},"end":{"line":47,"column":60}},"23":{"start":{"line":49,"column":22},"end":{"line":49,"column":33}},"24":{"start":{"line":51,"column":8},"end":{"line":51,"column":80}},"25":{"start":{"line":51,"column":42},"end":{"line":51,"column":80}},"26":{"start":{"line":52,"column":8},"end":{"line":52,"column":60}},"27":{"start":{"line":25,"column":0},"end":{"line":25,"column":22}},"28":{"start":{"line":60,"column":4},"end":{"line":60,"column":43}},"29":{"start":{"line":58,"column":0},"end":{"line":58,"column":13}},"30":{"start":{"line":66,"column":4},"end":{"line":66,"column":39}},"31":{"start":{"line":64,"column":0},"end":{"line":64,"column":13}},"32":{"start":{"line":72,"column":4},"end":{"line":72,"column":42}},"33":{"start":{"line":70,"column":0},"end":{"line":70,"column":13}},"34":{"start":{"line":78,"column":4},"end":{"line":78,"column":40}},"35":{"start":{"line":76,"column":0},"end":{"line":76,"column":13}},"36":{"start":{"line":84,"column":4},"end":{"line":84,"column":40}},"37":{"start":{"line":82,"column":0},"end":{"line":82,"column":13}},"38":{"start":{"line":90,"column":4},"end":{"line":90,"column":39}},"39":{"start":{"line":88,"column":0},"end":{"line":88,"column":13}},"40":{"start":{"line":96,"column":4},"end":{"line":96,"column":40}},"41":{"start":{"line":94,"column":0},"end":{"line":94,"column":13}},"42":{"start":{"line":102,"column":4},"end":{"line":102,"column":44}},"43":{"start":{"line":100,"column":0},"end":{"line":100,"column":13}},"44":{"start":{"line":108,"column":4},"end":{"line":108,"column":38}},"45":{"start":{"line":106,"column":0},"end":{"line":106,"column":13}},"46":{"start":{"line":114,"column":4},"end":{"line":114,"column":43}},"47":{"start":{"line":112,"column":0},"end":{"line":112,"column":13}}},"fnMap":{"0":{"name":"(anonymous_0)","decl":{"start":{"line":12,"column":0},"end":{"line":12,"column":5}},"loc":{"start":{"line":12,"column":14},"end":{"line":23,"column":1}}},"1":{"name":"(anonymous_1)","decl":{"start":{"line":26,"column":2},"end":{"line":26,"column":21}},"loc":{"start":{"line":26,"column":70},"end":{"line":28,"column":3}}},"2":{"name":"(anonymous_2)","decl":{"start":{"line":30,"column":9},"end":{"line":30,"column":15}},"loc":{"start":{"line":30,"column":51},"end":{"line":55,"column":3}}},"3":{"name":"(anonymous_3)","decl":{"start":{"line":59,"column":2},"end":{"line":59,"column":14}},"loc":{"start":{"line":59,"column":45},"end":{"line":61,"column":3}}},"4":{"name":"(anonymous_4)","decl":{"start":{"line":65,"column":2},"end":{"line":65,"column":14}},"loc":{"start":{"line":65,"column":40},"end":{"line":67,"column":3}}},"5":{"name":"(anonymous_5)","decl":{"start":{"line":71,"column":2},"end":{"line":71,"column":14}},"loc":{"start":{"line":71,"column":37},"end":{"line":73,"column":3}}},"6":{"name":"(anonymous_6)","decl":{"start":{"line":77,"column":2},"end":{"line":77,"column":14}},"loc":{"start":{"line":77,"column":35},"end":{"line":79,"column":3}}},"7":{"name":"(anonymous_7)","decl":{"start":{"line":83,"column":2},"end":{"line":83,"column":14}},"loc":{"start":{"line":83,"column":43},"end":{"line":85,"column":3}}},"8":{"name":"(anonymous_8)","decl":{"start":{"line":89,"column":2},"end":{"line":89,"column":14}},"loc":{"start":{"line":89,"column":44},"end":{"line":91,"column":3}}},"9":{"name":"(anonymous_9)","decl":{"start":{"line":95,"column":2},"end":{"line":95,"column":14}},"loc":{"start":{"line":95,"column":44},"end":{"line":97,"column":3}}},"10":{"name":"(anonymous_10)","decl":{"start":{"line":101,"column":2},"end":{"line":101,"column":14}},"loc":{"start":{"line":101,"column":42},"end":{"line":103,"column":3}}},"11":{"name":"(anonymous_11)","decl":{"start":{"line":107,"column":2},"end":{"line":107,"column":14}},"loc":{"start":{"line":107,"column":43},"end":{"line":109,"column":3}}},"12":{"name":"(anonymous_12)","decl":{"start":{"line":113,"column":2},"end":{"line":113,"column":14}},"loc":{"start":{"line":113,"column":46},"end":{"line":115,"column":3}}}},"branchMap":{"0":{"loc":{"start":{"line":12,"column":5},"end":{"line":12,"column":14}},"type":"binary-expr","locations":[{"start":{"line":12,"column":5},"end":{"line":12,"column":14}},{"start":{"line":12,"column":5},"end":{"line":12,"column":null}}]},"1":{"loc":{"start":{"line":26,"column":63},"end":{"line":26,"column":70}},"type":"default-arg","locations":[{"start":{"line":26,"column":63},"end":{"line":26,"column":70}}]},"2":{"loc":{"start":{"line":32,"column":6},"end":{"line":32,"column":31}},"type":"switch","locations":[{"start":{"line":32,"column":6},"end":{"line":32,"column":31}},{"start":{"line":33,"column":6},"end":{"line":33,"column":35}},{"start":{"line":34,"column":6},"end":{"line":35,"column":62}},{"start":{"line":36,"column":6},"end":{"line":37,"column":67}},{"start":{"line":38,"column":6},"end":{"line":39,"column":64}},{"start":{"line":40,"column":6},"end":{"line":40,"column":31}},{"start":{"line":41,"column":6},"end":{"line":41,"column":30}},{"start":{"line":42,"column":6},"end":{"line":43,"column":59}},{"start":{"line":44,"column":6},"end":{"line":45,"column":61}},{"start":{"line":46,"column":6},"end":{"line":47,"column":60}},{"start":{"line":48,"column":6},"end":{"line":53,"column":null}}]},"3":{"loc":{"start":{"line":51,"column":8},"end":{"line":51,"column":80}},"type":"if","locations":[{"start":{"line":51,"column":8},"end":{"line":51,"column":80}},{"start":{"line":51,"column":8},"end":{"line":51,"column":80}}]},"4":{"loc":{"start":{"line":59,"column":24},"end":{"line":59,"column":45}},"type":"default-arg","locations":[{"start":{"line":59,"column":24},"end":{"line":59,"column":45}}]},"5":{"loc":{"start":{"line":65,"column":24},"end":{"line":65,"column":40}},"type":"default-arg","locations":[{"start":{"line":65,"column":24},"end":{"line":65,"column":40}}]},"6":{"loc":{"start":{"line":71,"column":24},"end":{"line":71,"column":37}},"type":"default-arg","locations":[{"start":{"line":71,"column":24},"end":{"line":71,"column":37}}]},"7":{"loc":{"start":{"line":77,"column":24},"end":{"line":77,"column":35}},"type":"default-arg","locations":[{"start":{"line":77,"column":24},"end":{"line":77,"column":35}}]},"8":{"loc":{"start":{"line":83,"column":24},"end":{"line":83,"column":43}},"type":"default-arg","locations":[{"start":{"line":83,"column":24},"end":{"line":83,"column":43}}]},"9":{"loc":{"start":{"line":89,"column":24},"end":{"line":89,"column":44}},"type":"default-arg","locations":[{"start":{"line":89,"column":24},"end":{"line":89,"column":44}}]},"10":{"loc":{"start":{"line":95,"column":24},"end":{"line":95,"column":44}},"type":"default-arg","locations":[{"start":{"line":95,"column":24},"end":{"line":95,"column":44}}]},"11":{"loc":{"start":{"line":101,"column":24},"end":{"line":101,"column":42}},"type":"default-arg","locations":[{"start":{"line":101,"column":24},"end":{"line":101,"column":42}}]},"12":{"loc":{"start":{"line":107,"column":24},"end":{"line":107,"column":43}},"type":"default-arg","locations":[{"start":{"line":107,"column":24},"end":{"line":107,"column":43}}]},"13":{"loc":{"start":{"line":113,"column":24},"end":{"line":113,"column":46}},"type":"default-arg","locations":[{"start":{"line":113,"column":24},"end":{"line":113,"column":46}}]}},"s":{"0":2,"1":2,"2":2,"3":2,"4":2,"5":2,"6":2,"7":2,"8":2,"9":2,"10":2,"11":2,"12":2,"13":4,"14":4,"15":4,"16":0,"17":0,"18":0,"19":0,"20":0,"21":0,"22":0,"23":0,"24":0,"25":0,"26":0,"27":2,"28":1,"29":2,"30":0,"31":2,"32":0,"33":2,"34":0,"35":2,"36":0,"37":2,"38":0,"39":2,"40":2,"41":2,"42":1,"43":2,"44":0,"45":2,"46":0,"47":2},"f":{"0":2,"1":4,"2":0,"3":1,"4":0,"5":0,"6":0,"7":0,"8":0,"9":2,"10":1,"11":0,"12":0},"b":{"0":[2,2],"1":[0],"2":[0,0,0,0,0,0,0,0,0,0,0],"3":[0,0],"4":[0],"5":[0],"6":[0],"7":[0],"8":[0],"9":[0],"10":[2],"11":[1],"12":[0],"13":[0]}}
,"/Users/nginx-iwnl/-nodejs-backend-architecture-typescript/src/core/ApiResponse.ts": {"path":"/Users/nginx-iwnl/-nodejs-backend-architecture-typescript/src/core/ApiResponse.ts","statementMap":{"0":{"start":{"line":4,"column":0},"end":{"line":4,"column":null}},"1":{"start":{"line":5,"column":2},"end":{"line":5,"column":null}},"2":{"start":{"line":6,"column":2},"end":{"line":6,"column":null}},"3":{"start":{"line":7,"column":2},"end":{"line":7,"column":null}},"4":{"start":{"line":8,"column":2},"end":{"line":8,"column":null}},"5":{"start":{"line":11,"column":0},"end":{"line":11,"column":null}},"6":{"start":{"line":12,"column":2},"end":{"line":12,"column":null}},"7":{"start":{"line":13,"column":2},"end":{"line":13,"column":null}},"8":{"start":{"line":14,"column":2},"end":{"line":14,"column":null}},"9":{"start":{"line":15,"column":2},"end":{"line":15,"column":null}},"10":{"start":{"line":16,"column":2},"end":{"line":16,"column":null}},"11":{"start":{"line":17,"column":2},"end":{"line":17,"column":null}},"12":{"start":{"line":22,"column":14},"end":{"line":22,"column":36}},"13":{"start":{"line":23,"column":14},"end":{"line":23,"column":36}},"14":{"start":{"line":24,"column":14},"end":{"line":24,"column":29}},"15":{"start":{"line":28,"column":4},"end":{"line":28,"column":72}},"16":{"start":{"line":32,"column":4},"end":{"line":32,"column":48}},"17":{"start":{"line":36,"column":21},"end":{"line":36,"column":28}},"18":{"start":{"line":37,"column":4},"end":{"line":37,"column":35}},"19":{"start":{"line":39,"column":4},"end":{"line":39,"column":24}},"20":{"start":{"line":40,"column":4},"end":{"line":40,"column":80}},"21":{"start":{"line":40,"column":27},"end":{"line":40,"column":80}},"22":{"start":{"line":40,"column":64},"end":{"line":40,"column":80}},"23":{"start":{"line":41,"column":4},"end":{"line":41,"column":17}},"24":{"start":{"line":47,"column":4},"end":{"line":47,"column":68}},"25":{"start":{"line":45,"column":0},"end":{"line":45,"column":13}},"26":{"start":{"line":55,"column":4},"end":{"line":55,"column":65}},"27":{"start":{"line":59,"column":4},"end":{"line":59,"column":36}},"28":{"start":{"line":60,"column":4},"end":{"line":60,"column":54}},"29":{"start":{"line":51,"column":0},"end":{"line":51,"column":13}},"30":{"start":{"line":66,"column":4},"end":{"line":66,"column":65}},"31":{"start":{"line":64,"column":0},"end":{"line":64,"column":13}},"32":{"start":{"line":72,"column":4},"end":{"line":72,"column":67}},"33":{"start":{"line":70,"column":0},"end":{"line":70,"column":13}},"34":{"start":{"line":78,"column":4},"end":{"line":78,"column":70}},"35":{"start":{"line":76,"column":0},"end":{"line":76,"column":13}},"36":{"start":{"line":84,"column":4},"end":{"line":84,"column":63}},"37":{"start":{"line":82,"column":0},"end":{"line":82,"column":13}},"38":{"start":{"line":90,"column":4},"end":{"line":90,"column":63}},"39":{"start":{"line":88,"column":0},"end":{"line":88,"column":13}},"40":{"start":{"line":96,"column":4},"end":{"line":96,"column":63}},"41":{"start":{"line":95,"column":39},"end":{"line":95,"column":46}},"42":{"start":{"line":100,"column":4},"end":{"line":100,"column":56}},"43":{"start":{"line":94,"column":0},"end":{"line":94,"column":13}},"44":{"start":{"line":108,"column":4},"end":{"line":108,"column":81}},"45":{"start":{"line":105,"column":10},"end":{"line":105,"column":40}},"46":{"start":{"line":112,"column":4},"end":{"line":112,"column":51}},"47":{"start":{"line":113,"column":4},"end":{"line":113,"column":62}},"48":{"start":{"line":104,"column":0},"end":{"line":104,"column":13}},"49":{"start":{"line":119,"column":4},"end":{"line":119,"column":63}},"50":{"start":{"line":118,"column":39},"end":{"line":118,"column":58}},"51":{"start":{"line":118,"column":68},"end":{"line":118,"column":88}},"52":{"start":{"line":123,"column":4},"end":{"line":123,"column":58}},"53":{"start":{"line":117,"column":0},"end":{"line":117,"column":13}}},"fnMap":{"0":{"name":"(anonymous_0)","decl":{"start":{"line":4,"column":0},"end":{"line":4,"column":5}},"loc":{"start":{"line":4,"column":15},"end":{"line":9,"column":1}}},"1":{"name":"(anonymous_1)","decl":{"start":{"line":11,"column":0},"end":{"line":11,"column":5}},"loc":{"start":{"line":11,"column":19},"end":{"line":18,"column":1}}},"2":{"name":"(anonymous_2)","decl":{"start":{"line":21,"column":2},"end":{"line":21,"column":null}},"loc":{"start":{"line":24,"column":29},"end":{"line":25,"column":6}}},"3":{"name":"(anonymous_3)","decl":{"start":{"line":27,"column":12},"end":{"line":27,"column":19}},"loc":{"start":{"line":27,"column":69},"end":{"line":29,"column":3}}},"4":{"name":"(anonymous_4)","decl":{"start":{"line":31,"column":9},"end":{"line":31,"column":13}},"loc":{"start":{"line":31,"column":27},"end":{"line":33,"column":3}}},"5":{"name":"(anonymous_5)","decl":{"start":{"line":35,"column":10},"end":{"line":35,"column":16}},"loc":{"start":{"line":35,"column":60},"end":{"line":42,"column":3}}},"6":{"name":"(anonymous_6)","decl":{"start":{"line":46,"column":2},"end":{"line":46,"column":14}},"loc":{"start":{"line":46,"column":48},"end":{"line":48,"column":3}}},"7":{"name":"(anonymous_7)","decl":{"start":{"line":54,"column":2},"end":{"line":54,"column":14}},"loc":{"start":{"line":54,"column":35},"end":{"line":56,"column":3}}},"8":{"name":"(anonymous_8)","decl":{"start":{"line":58,"column":2},"end":{"line":58,"column":6}},"loc":{"start":{"line":58,"column":20},"end":{"line":61,"column":3}}},"9":{"name":"(anonymous_9)","decl":{"start":{"line":65,"column":2},"end":{"line":65,"column":14}},"loc":{"start":{"line":65,"column":35},"end":{"line":67,"column":3}}},"10":{"name":"(anonymous_10)","decl":{"start":{"line":71,"column":2},"end":{"line":71,"column":14}},"loc":{"start":{"line":71,"column":40},"end":{"line":73,"column":3}}},"11":{"name":"(anonymous_11)","decl":{"start":{"line":77,"column":2},"end":{"line":77,"column":14}},"loc":{"start":{"line":77,"column":40},"end":{"line":79,"column":3}}},"12":{"name":"(anonymous_12)","decl":{"start":{"line":83,"column":2},"end":{"line":83,"column":14}},"loc":{"start":{"line":83,"column":29},"end":{"line":85,"column":3}}},"13":{"name":"(anonymous_13)","decl":{"start":{"line":89,"column":2},"end":{"line":89,"column":14}},"loc":{"start":{"line":89,"column":29},"end":{"line":91,"column":3}}},"14":{"name":"(anonymous_14)","decl":{"start":{"line":95,"column":2},"end":{"line":95,"column":14}},"loc":{"start":{"line":95,"column":46},"end":{"line":97,"column":3}}},"15":{"name":"(anonymous_15)","decl":{"start":{"line":99,"column":2},"end":{"line":99,"column":6}},"loc":{"start":{"line":99,"column":20},"end":{"line":101,"column":3}}},"16":{"name":"(anonymous_16)","decl":{"start":{"line":107,"column":2},"end":{"line":107,"column":14}},"loc":{"start":{"line":107,"column":46},"end":{"line":109,"column":3}}},"17":{"name":"(anonymous_17)","decl":{"start":{"line":111,"column":2},"end":{"line":111,"column":6}},"loc":{"start":{"line":111,"column":20},"end":{"line":114,"column":3}}},"18":{"name":"(anonymous_18)","decl":{"start":{"line":118,"column":2},"end":{"line":118,"column":14}},"loc":{"start":{"line":118,"column":88},"end":{"line":120,"column":3}}},"19":{"name":"(anonymous_19)","decl":{"start":{"line":122,"column":2},"end":{"line":122,"column":6}},"loc":{"start":{"line":122,"column":20},"end":{"line":124,"column":3}}}},"branchMap":{"0":{"loc":{"start":{"line":4,"column":5},"end":{"line":4,"column":15}},"type":"binary-expr","locations":[{"start":{"line":4,"column":5},"end":{"line":4,"column":15}},{"start":{"line":4,"column":5},"end":{"line":4,"column":null}}]},"1":{"loc":{"start":{"line":11,"column":5},"end":{"line":11,"column":19}},"type":"binary-expr","locations":[{"start":{"line":11,"column":5},"end":{"line":11,"column":19}},{"start":{"line":11,"column":5},"end":{"line":11,"column":null}}]},"2":{"loc":{"start":{"line":40,"column":27},"end":{"line":40,"column":80}},"type":"if","locations":[{"start":{"line":40,"column":27},"end":{"line":40,"column":80}},{"start":{"line":40,"column":27},"end":{"line":40,"column":80}}]},"3":{"loc":{"start":{"line":46,"column":24},"end":{"line":46,"column":48}},"type":"default-arg","locations":[{"start":{"line":46,"column":24},"end":{"line":46,"column":48}}]},"4":{"loc":{"start":{"line":54,"column":24},"end":{"line":54,"column":35}},"type":"default-arg","locations":[{"start":{"line":54,"column":24},"end":{"line":54,"column":35}}]},"5":{"loc":{"start":{"line":59,"column":22},"end":{"line":59,"column":24}},"type":"cond-expr","locations":[{"start":{"line":59,"column":22},"end":{"line":59,"column":24}},{"start":{"line":59,"column":22},"end":{"line":59,"column":35}}]},"6":{"loc":{"start":{"line":59,"column":12},"end":{"line":59,"column":24}},"type":"binary-expr","locations":[{"start":{"line":59,"column":12},"end":{"line":59,"column":24}},{"start":{"line":59,"column":22},"end":{"line":59,"column":24}}]},"7":{"loc":{"start":{"line":65,"column":24},"end":{"line":65,"column":35}},"type":"default-arg","locations":[{"start":{"line":65,"column":24},"end":{"line":65,"column":35}}]},"8":{"loc":{"start":{"line":71,"column":24},"end":{"line":71,"column":40}},"type":"default-arg","locations":[{"start":{"line":71,"column":24},"end":{"line":71,"column":40}}]},"9":{"loc":{"start":{"line":77,"column":24},"end":{"line":77,"column":40}},"type":"default-arg","locations":[{"start":{"line":77,"column":24},"end":{"line":77,"column":40}}]},"10":{"loc":{"start":{"line":107,"column":24},"end":{"line":107,"column":46}},"type":"default-arg","locations":[{"start":{"line":107,"column":24},"end":{"line":107,"column":46}}]}},"s":{"0":2,"1":2,"2":2,"3":2,"4":2,"5":2,"6":2,"7":2,"8":2,"9":2,"10":2,"11":2,"12":0,"13":0,"14":0,"15":0,"16":0,"17":0,"18":0,"19":0,"20":0,"21":0,"22":0,"23":0,"24":0,"25":2,"26":0,"27":0,"28":0,"29":2,"30":0,"31":2,"32":0,"33":2,"34":0,"35":2,"36":0,"37":2,"38":0,"39":2,"40":0,"41":0,"42":0,"43":2,"44":0,"45":0,"46":0,"47":0,"48":2,"49":0,"50":0,"51":0,"52":0,"53":2},"f":{"0":2,"1":2,"2":0,"3":0,"4":0,"5":0,"6":0,"7":0,"8":0,"9":0,"10":0,"11":0,"12":0,"13":0,"14":0,"15":0,"16":0,"17":0,"18":0,"19":0},"b":{"0":[2,2],"1":[2,2],"2":[0,0],"3":[0],"4":[0],"5":[0,0],"6":[0,0],"7":[0],"8":[0],"9":[0],"10":[0]}}
,"/Users/nginx-iwnl/-nodejs-backend-architecture-typescript/src/core/JWT.ts": {"path":"/Users/nginx-iwnl/-nodejs-backend-architecture-typescript/src/core/JWT.ts","statementMap":{"0":{"start":{"line":1,"column":0},"end":{"line":1,"column":24}},"1":{"start":{"line":2,"column":0},"end":{"line":2,"column":30}},"2":{"start":{"line":3,"column":0},"end":{"line":3,"column":33}},"3":{"start":{"line":4,"column":0},"end":{"line":4,"column":44}},"4":{"start":{"line":5,"column":0},"end":{"line":5,"column":77}},"5":{"start":{"line":6,"column":0},"end":{"line":6,"column":30}},"6":{"start":{"line":18,"column":4},"end":{"line":18,"column":86}},"7":{"start":{"line":22,"column":4},"end":{"line":22,"column":87}},"8":{"start":{"line":26,"column":17},"end":{"line":26,"column":44}},"9":{"start":{"line":27,"column":4},"end":{"line":27,"column":67}},"10":{"start":{"line":27,"column":15},"end":{"line":27,"column":67}},"11":{"start":{"line":29,"column":4},"end":{"line":29,"column":73}},"12":{"start":{"line":36,"column":17},"end":{"line":36,"column":43}},"13":{"start":{"line":37,"column":4},"end":{"line":45,"column":null}},"14":{"start":{"line":39,"column":6},"end":{"line":39,"column":66}},"15":{"start":{"line":41,"column":6},"end":{"line":41,"column":22}},"16":{"start":{"line":42,"column":6},"end":{"line":42,"column":77}},"17":{"start":{"line":42,"column":47},"end":{"line":42,"column":77}},"18":{"start":{"line":44,"column":6},"end":{"line":44,"column":32}},"19":{"start":{"line":52,"column":17},"end":{"line":52,"column":43}},"20":{"start":{"line":53,"column":4},"end":{"line":59,"column":null}},"21":{"start":{"line":55,"column":6},"end":{"line":55,"column":94}},"22":{"start":{"line":57,"column":6},"end":{"line":57,"column":22}},"23":{"start":{"line":58,"column":6},"end":{"line":58,"column":32}},"24":{"start":{"line":16,"column":0},"end":{"line":16,"column":21}},"25":{"start":{"line":72,"column":4},"end":{"line":72,"column":22}},"26":{"start":{"line":73,"column":4},"end":{"line":73,"column":24}},"27":{"start":{"line":74,"column":4},"end":{"line":74,"column":23}},"28":{"start":{"line":75,"column":4},"end":{"line":75,"column":45}},"29":{"start":{"line":76,"column":4},"end":{"line":76,"column":50}},"30":{"start":{"line":77,"column":4},"end":{"line":77,"column":21}},"31":{"start":{"line":63,"column":0},"end":{"line":63,"column":13}}},"fnMap":{"0":{"name":"(anonymous_1)","decl":{"start":{"line":17,"column":10},"end":{"line":17,"column":16}},"loc":{"start":{"line":17,"column":30},"end":{"line":19,"column":3}}},"1":{"name":"(anonymous_2)","decl":{"start":{"line":21,"column":10},"end":{"line":21,"column":16}},"loc":{"start":{"line":21,"column":31},"end":{"line":23,"column":3}}},"2":{"name":"(anonymous_3)","decl":{"start":{"line":25,"column":9},"end":{"line":25,"column":15}},"loc":{"start":{"line":25,"column":48},"end":{"line":30,"column":3}}},"3":{"name":"(anonymous_4)","decl":{"start":{"line":35,"column":9},"end":{"line":35,"column":15}},"loc":{"start":{"line":35,"column":44},"end":{"line":46,"column":3}}},"4":{"name":"(anonymous_5)","decl":{"start":{"line":51,"column":9},"end":{"line":51,"column":15}},"loc":{"start":{"line":51,"column":42},"end":{"line":60,"column":3}}},"5":{"name":"(anonymous_6)","decl":{"start":{"line":71,"column":2},"end":{"line":71,"column":14}},"loc":{"start":{"line":71,"column":96},"end":{"line":78,"column":3}}}},"branchMap":{"0":{"loc":{"start":{"line":27,"column":4},"end":{"line":27,"column":67}},"type":"if","locations":[{"start":{"line":27,"column":4},"end":{"line":27,"column":67}},{"start":{"line":27,"column":4},"end":{"line":27,"column":67}}]},"1":{"loc":{"start":{"line":42,"column":6},"end":{"line":42,"column":77}},"type":"if","locations":[{"start":{"line":42,"column":6},"end":{"line":42,"column":77}},{"start":{"line":42,"column":6},"end":{"line":42,"column":77}}]},"2":{"loc":{"start":{"line":42,"column":10},"end":{"line":42,"column":11}},"type":"binary-expr","locations":[{"start":{"line":42,"column":10},"end":{"line":42,"column":11}},{"start":{"line":42,"column":15},"end":{"line":42,"column":45}}]}},"s":{"0":2,"1":2,"2":2,"3":2,"4":2,"5":2,"6":6,"7":7,"8":7,"9":7,"10":0,"11":7,"12":3,"13":3,"14":3,"15":2,"16":2,"17":1,"18":1,"19":3,"20":3,"21":3,"22":1,"23":1,"24":2,"25":8,"26":8,"27":8,"28":8,"29":8,"30":8,"31":2},"f":{"0":6,"1":7,"2":7,"3":3,"4":3,"5":8},"b":{"0":[0,7],"1":[1,1],"2":[2,2]}}
,"/Users/nginx-iwnl/-nodejs-backend-architecture-typescript/src/core/Logger.ts": {"path":"/Users/nginx-iwnl/-nodejs-backend-architecture-typescript/src/core/Logger.ts","statementMap":{"0":{"start":{"line":1,"column":0},"end":{"line":1,"column":59}},"1":{"start":{"line":2,"column":0},"end":{"line":2,"column":20}},"2":{"start":{"line":3,"column":0},"end":{"line":3,"column":24}},"3":{"start":{"line":4,"column":0},"end":{"line":4,"column":56}},"4":{"start":{"line":5,"column":0},"end":{"line":5,"column":54}},"5":{"start":{"line":7,"column":10},"end":{"line":7,"column":22}},"6":{"start":{"line":8,"column":0},"end":{"line":8,"column":37}},"7":{"start":{"line":8,"column":10},"end":{"line":8,"column":37}},"8":{"start":{"line":11,"column":0},"end":{"line":14,"column":null}},"9":{"start":{"line":13,"column":2},"end":{"line":13,"column":20}},"10":{"start":{"line":16,"column":17},"end":{"line":16,"column":65}},"11":{"start":{"line":18,"column":16},"end":{"line":33,"column":2}},"12":{"start":{"line":35,"column":0},"end":{"line":44,"column":3}}},"fnMap":{},"branchMap":{"0":{"loc":{"start":{"line":8,"column":0},"end":{"line":8,"column":37}},"type":"if","locations":[{"start":{"line":8,"column":0},"end":{"line":8,"column":37}},{"start":{"line":8,"column":0},"end":{"line":8,"column":37}}]},"1":{"loc":{"start":{"line":11,"column":0},"end":{"line":14,"column":null}},"type":"if","locations":[{"start":{"line":11,"column":0},"end":{"line":14,"column":null}},{"start":{"line":11,"column":0},"end":{"line":14,"column":null}}]},"2":{"loc":{"start":{"line":16,"column":49},"end":{"line":16,"column":56}},"type":"cond-expr","locations":[{"start":{"line":16,"column":49},"end":{"line":16,"column":56}},{"start":{"line":16,"column":59},"end":{"line":16,"column":65}}]}},"s":{"0":2,"1":2,"2":2,"3":2,"4":2,"5":2,"6":2,"7":2,"8":2,"9":0,"10":2,"11":2,"12":2},"f":{},"b":{"0":[2,0],"1":[0,2],"2":[0,2]}}
}
