TN:
SF:src/app.ts
FN:10,(anonymous_1)
FN:24,(anonymous_2)
FN:28,(anonymous_3)
FNF:3
FNH:2
FNDA:0,(anonymous_1)
FNDA:3,(anonymous_2)
FNDA:47,(anonymous_3)
DA:1,8
DA:2,8
DA:3,8
DA:4,8
DA:5,8
DA:6,8
DA:7,8
DA:8,8
DA:10,8
DA:11,0
DA:14,8
DA:16,8
DA:17,8
DA:18,8
DA:21,8
DA:24,8
DA:28,8
DA:29,47
DA:30,47
DA:32,0
DA:33,0
DA:34,0
DA:36,0
DA:40,8
LF:24
LH:19
BRDA:29,0,0,47
BRDA:29,0,1,0
BRDA:32,1,0,0
BRDA:32,1,1,0
BRF:4
BRH:1
end_of_record
TN:
SF:src/config.ts
FNF:0
FNH:0
DA:2,10
DA:3,10
DA:5,10
DA:13,10
DA:15,10
DA:22,10
LF:6
LH:6
BRDA:6,0,0,10
BRDA:6,0,1,0
BRDA:7,1,0,10
BRDA:7,1,1,0
BRDA:8,2,0,10
BRDA:8,2,1,0
BRDA:9,3,0,10
BRDA:9,3,1,0
BRDA:10,4,0,10
BRDA:10,4,1,0
BRDA:16,5,0,10
BRDA:16,5,1,10
BRDA:17,6,0,10
BRDA:17,6,1,10
BRDA:18,7,0,10
BRDA:18,7,1,0
BRDA:19,8,0,10
BRDA:19,8,1,0
BRF:18
BRH:11
end_of_record
TN:
SF:src/auth/apikey.ts
FN:14,(anonymous_7)
FNF:1
FNH:1
FNDA:55,(anonymous_7)
DA:1,8
DA:2,8
DA:3,8
DA:4,8
DA:6,8
DA:7,8
DA:8,8
DA:10,8
DA:12,8
DA:16,55
DA:18,55
DA:19,55
DA:21,55
DA:22,54
LF:14
LH:14
BRDA:21,0,0,1
BRDA:21,0,1,54
BRF:2
BRH:2
end_of_record
TN:
SF:src/auth/authUtils.ts
FN:8,(anonymous_6)
FN:14,(anonymous_7)
FN:29,(anonymous_8)
FNF:3
FNH:3
FNDA:28,(anonymous_6)
FNDA:30,(anonymous_7)
FNDA:3,(anonymous_8)
DA:2,9
DA:3,9
DA:4,9
DA:6,9
DA:8,9
DA:9,28
DA:10,28
DA:11,28
DA:14,9
DA:15,30
DA:25,1
DA:26,29
DA:29,9
DA:34,3
DA:44,3
DA:46,3
DA:56,3
DA:58,3
LF:18
LH:18
BRDA:9,0,0,0
BRDA:9,0,1,28
BRDA:10,1,0,0
BRDA:10,1,1,28
BRDA:15,2,0,1
BRDA:15,2,1,29
BRDA:16,3,0,30
BRDA:16,3,1,30
BRDA:16,3,2,30
BRDA:16,3,3,30
BRDA:16,3,4,30
BRDA:16,3,5,30
BRDA:16,3,6,30
BRDA:16,3,7,30
BRDA:44,4,0,0
BRDA:44,4,1,3
BRDA:56,5,0,0
BRDA:56,5,1,3
BRF:18
BRH:14
end_of_record
TN:
SF:src/auth/authentication.ts
FN:17,(anonymous_7)
FNF:1
FNH:1
FNDA:28,(anonymous_7)
DA:1,8
DA:3,8
DA:4,8
DA:5,8
DA:6,8
DA:7,8
DA:8,8
DA:9,8
DA:10,8
DA:11,8
DA:13,8
DA:15,8
DA:18,28
DA:20,28
DA:21,28
DA:22,27
DA:24,27
DA:25,27
DA:26,27
DA:28,27
DA:29,27
DA:30,27
DA:32,27
DA:34,1
DA:35,1
LF:25
LH:25
BRDA:25,0,0,0
BRDA:25,0,1,27
BRDA:29,1,0,0
BRDA:29,1,1,27
BRDA:34,2,0,0
BRDA:34,2,1,1
BRF:6
BRH:3
end_of_record
TN:
SF:src/auth/authorization.ts
FN:10,(anonymous_1)
FN:18,(anonymous_2)
FNF:2
FNH:2
FNDA:26,(anonymous_1)
FNDA:50,(anonymous_2)
DA:1,8
DA:3,8
DA:4,8
DA:5,8
DA:7,8
DA:9,8
DA:11,26
DA:12,0
DA:14,26
DA:15,26
DA:17,26
DA:18,50
DA:21,26
DA:23,24
LF:14
LH:13
BRDA:11,0,0,0
BRDA:11,0,1,26
BRDA:11,1,0,26
BRDA:11,1,1,26
BRDA:11,1,2,26
BRDA:15,2,0,0
BRDA:15,2,1,26
BRDA:21,3,0,2
BRDA:21,3,1,24
BRDA:21,4,0,26
BRDA:21,4,1,26
BRF:11
BRH:9
end_of_record
TN:
SF:src/auth/schema.ts
FNF:0
FNH:0
DA:1,8
DA:2,8
DA:4,8
LF:3
LH:3
BRF:0
BRH:0
end_of_record
TN:
SF:src/core/ApiError.ts
FN:12,(anonymous_0)
FN:26,(anonymous_1)
FN:30,(anonymous_2)
FN:59,(anonymous_3)
FN:65,(anonymous_4)
FN:71,(anonymous_5)
FN:77,(anonymous_6)
FN:83,(anonymous_7)
FN:89,(anonymous_8)
FN:95,(anonymous_9)
FN:101,(anonymous_10)
FN:107,(anonymous_11)
FN:113,(anonymous_12)
FNF:13
FNH:9
FNDA:10,(anonymous_0)
FNDA:51,(anonymous_1)
FNDA:47,(anonymous_2)
FNDA:4,(anonymous_3)
FNDA:0,(anonymous_4)
FNDA:38,(anonymous_5)
FNDA:3,(anonymous_6)
FNDA:2,(anonymous_7)
FNDA:0,(anonymous_8)
FNDA:3,(anonymous_9)
FNDA:1,(anonymous_10)
FNDA:0,(anonymous_11)
FNDA:0,(anonymous_12)
DA:2,10
DA:3,10
DA:12,10
DA:13,10
DA:14,10
DA:15,10
DA:16,10
DA:17,10
DA:18,10
DA:19,10
DA:20,10
DA:21,10
DA:22,10
DA:25,10
DA:26,51
DA:27,51
DA:31,47
DA:35,4
DA:37,0
DA:39,0
DA:43,3
DA:45,38
DA:47,2
DA:49,0
DA:51,0
DA:52,0
DA:58,10
DA:60,4
DA:64,10
DA:66,0
DA:70,10
DA:72,38
DA:76,10
DA:78,3
DA:82,10
DA:84,2
DA:88,10
DA:90,0
DA:94,10
DA:96,3
DA:100,10
DA:102,1
DA:106,10
DA:108,0
DA:112,10
DA:114,0
LF:46
LH:37
BRDA:12,0,0,10
BRDA:12,0,1,10
BRDA:26,1,0,0
BRDA:32,2,0,1
BRDA:32,2,1,1
BRDA:32,2,2,4
BRDA:32,2,3,0
BRDA:32,2,4,0
BRDA:32,2,5,3
BRDA:32,2,6,3
BRDA:32,2,7,3
BRDA:32,2,8,38
BRDA:32,2,9,2
BRDA:32,2,10,0
BRDA:51,3,0,0
BRDA:51,3,1,0
BRDA:59,4,0,0
BRDA:65,5,0,0
BRDA:71,6,0,0
BRDA:77,7,0,3
BRDA:83,8,0,1
BRDA:89,9,0,0
BRDA:95,10,0,3
BRDA:101,11,0,1
BRDA:107,12,0,0
BRDA:113,13,0,0
BRF:26
BRH:14
end_of_record
TN:
SF:src/core/ApiResponse.ts
FN:4,(anonymous_0)
FN:11,(anonymous_1)
FN:21,(anonymous_2)
FN:27,(anonymous_3)
FN:31,(anonymous_4)
FN:35,(anonymous_5)
FN:46,(anonymous_6)
FN:54,(anonymous_7)
FN:58,(anonymous_8)
FN:65,(anonymous_9)
FN:71,(anonymous_10)
FN:77,(anonymous_11)
FN:83,(anonymous_12)
FN:89,(anonymous_13)
FN:95,(anonymous_14)
FN:99,(anonymous_15)
FN:107,(anonymous_16)
FN:111,(anonymous_17)
FN:118,(anonymous_18)
FN:122,(anonymous_19)
FNF:20
FNH:14
FNDA:10,(anonymous_0)
FNDA:10,(anonymous_1)
FNDA:56,(anonymous_2)
FNDA:56,(anonymous_3)
FNDA:47,(anonymous_4)
FNDA:56,(anonymous_5)
FNDA:4,(anonymous_6)
FNDA:3,(anonymous_7)
FNDA:3,(anonymous_8)
FNDA:2,(anonymous_9)
FNDA:38,(anonymous_10)
FNDA:0,(anonymous_11)
FNDA:3,(anonymous_12)
FNDA:0,(anonymous_13)
FNDA:6,(anonymous_14)
FNDA:6,(anonymous_15)
FNDA:0,(anonymous_16)
FNDA:0,(anonymous_17)
FNDA:0,(anonymous_18)
FNDA:0,(anonymous_19)
DA:4,10
DA:5,10
DA:6,10
DA:7,10
DA:8,10
DA:11,10
DA:12,10
DA:13,10
DA:14,10
DA:15,10
DA:16,10
DA:17,10
DA:22,56
DA:23,56
DA:24,56
DA:28,56
DA:32,47
DA:36,56
DA:37,56
DA:39,56
DA:40,121
DA:41,56
DA:45,10
DA:47,4
DA:51,10
DA:55,3
DA:59,3
DA:60,3
DA:64,10
DA:66,2
DA:70,10
DA:72,38
DA:76,10
DA:78,0
DA:82,10
DA:84,3
DA:88,10
DA:90,0
DA:94,10
DA:95,6
DA:96,6
DA:100,6
DA:104,10
DA:105,0
DA:108,0
DA:112,0
DA:113,0
DA:117,10
DA:118,0
DA:119,0
DA:123,0
LF:51
LH:42
BRDA:4,0,0,10
BRDA:4,0,1,10
BRDA:11,1,0,10
BRDA:11,1,1,10
BRDA:40,2,0,0
BRDA:40,2,1,121
BRDA:46,3,0,0
BRDA:54,4,0,0
BRDA:59,5,0,0
BRDA:59,5,1,3
BRDA:59,6,0,3
BRDA:59,6,1,3
BRDA:65,7,0,0
BRDA:71,8,0,0
BRDA:77,9,0,0
BRDA:107,10,0,0
BRF:16
BRH:8
end_of_record
TN:
SF:src/core/JWT.ts
FN:17,(anonymous_1)
FN:21,(anonymous_2)
FN:25,(anonymous_3)
FN:35,(anonymous_4)
FN:51,(anonymous_5)
FN:71,(anonymous_6)
FNF:6
FNH:6
FNDA:6,(anonymous_1)
FNDA:11,(anonymous_2)
FNDA:11,(anonymous_3)
FNDA:3,(anonymous_4)
FNDA:3,(anonymous_5)
FNDA:12,(anonymous_6)
DA:1,10
DA:2,10
DA:3,10
DA:4,10
DA:5,10
DA:6,10
DA:16,10
DA:18,6
DA:22,11
DA:26,11
DA:27,11
DA:29,11
DA:36,3
DA:37,3
DA:39,3
DA:41,2
DA:42,2
DA:44,1
DA:52,3
DA:53,3
DA:55,3
DA:57,1
DA:58,1
DA:63,10
DA:72,12
DA:73,12
DA:74,12
DA:75,12
DA:76,12
DA:77,12
LF:30
LH:30
BRDA:27,0,0,0
BRDA:27,0,1,11
BRDA:42,1,0,1
BRDA:42,1,1,1
BRDA:42,2,0,2
BRDA:42,2,1,2
BRF:6
BRH:5
end_of_record
TN:
SF:src/core/Logger.ts
FNF:0
FNH:0
DA:1,10
DA:2,10
DA:3,10
DA:4,10
DA:5,10
DA:7,10
DA:8,10
DA:11,10
DA:13,1
DA:16,10
DA:18,10
DA:35,10
LF:12
LH:12
BRDA:8,0,0,10
BRDA:8,0,1,0
BRDA:11,1,0,1
BRDA:11,1,1,9
BRDA:16,2,0,0
BRDA:16,2,1,10
BRF:6
BRH:4
end_of_record
TN:
SF:src/database/index.ts
FN:28,(anonymous_1)
FN:31,(anonymous_2)
FN:38,(anonymous_3)
FN:43,(anonymous_4)
FN:48,(anonymous_5)
FN:53,(anonymous_6)
FN:54,(anonymous_7)
FNF:7
FNH:3
FNDA:0,(anonymous_1)
FNDA:8,(anonymous_2)
FNDA:0,(anonymous_3)
FNDA:8,(anonymous_4)
FNDA:8,(anonymous_5)
FNDA:0,(anonymous_6)
FNDA:0,(anonymous_7)
DA:1,8
DA:2,8
DA:3,8
DA:6,8
DA:10,8
DA:23,8
DA:26,8
DA:29,0
DA:32,8
DA:33,8
DA:38,8
DA:39,0
DA:43,8
DA:44,8
DA:48,8
DA:49,8
DA:53,8
DA:54,0
DA:55,0
DA:56,0
LF:20
LH:15
BRF:0
BRH:0
end_of_record
TN:
SF:src/database/model/ApiKey.ts
FNF:0
FNH:0
DA:1,1
DA:3,1
DA:4,1
DA:15,1
DA:53,1
LF:5
LH:5
BRF:0
BRH:0
end_of_record
TN:
SF:src/database/model/Blog.ts
FNF:0
FNH:0
DA:1,6
DA:4,6
DA:5,6
DA:29,6
DA:149,6
LF:5
LH:5
BRF:0
BRH:0
end_of_record
TN:
SF:src/database/model/Keystore.ts
FNF:0
FNH:0
DA:1,2
DA:4,2
DA:5,2
DA:16,2
DA:51,2
DA:52,2
DA:54,2
LF:7
LH:7
BRF:0
BRH:0
end_of_record
TN:
SF:src/database/model/Role.ts
FNF:0
FNH:0
DA:1,6
DA:3,6
DA:4,6
DA:20,6
DA:47,6
LF:5
LH:5
BRF:0
BRH:0
end_of_record
TN:
SF:src/database/model/User.ts
FNF:0
FNH:0
DA:1,2
DA:4,2
DA:5,2
DA:19,2
DA:76,2
LF:5
LH:5
BRF:0
BRH:0
end_of_record
TN:
SF:src/database/repository/ApiKeyRepo.ts
FN:4,(anonymous_0)
FNF:1
FNH:0
FNDA:0,(anonymous_0)
DA:1,1
DA:3,1
DA:5,0
LF:3
LH:2
BRF:0
BRH:0
end_of_record
TN:
SF:src/database/repository/BlogRepo.ts
FN:11,(anonymous_0)
FN:19,(anonymous_1)
FN:26,(anonymous_2)
FN:33,(anonymous_3)
FN:41,(anonymous_4)
FN:49,(anonymous_5)
FN:57,(anonymous_6)
FN:65,(anonymous_7)
FN:69,(anonymous_8)
FN:83,(anonymous_9)
FN:91,(anonymous_10)
FN:95,(anonymous_11)
FN:99,(anonymous_12)
FN:103,(anonymous_13)
FN:107,(anonymous_14)
FN:111,(anonymous_15)
FN:115,(anonymous_16)
FN:126,(anonymous_17)
FN:136,(anonymous_18)
FN:156,(anonymous_19)
FN:174,(anonymous_20)
FNF:21
FNH:0
FNDA:0,(anonymous_0)
FNDA:0,(anonymous_1)
FNDA:0,(anonymous_2)
FNDA:0,(anonymous_3)
FNDA:0,(anonymous_4)
FNDA:0,(anonymous_5)
FNDA:0,(anonymous_6)
FNDA:0,(anonymous_7)
FNDA:0,(anonymous_8)
FNDA:0,(anonymous_9)
FNDA:0,(anonymous_10)
FNDA:0,(anonymous_11)
FNDA:0,(anonymous_12)
FNDA:0,(anonymous_13)
FNDA:0,(anonymous_14)
FNDA:0,(anonymous_15)
FNDA:0,(anonymous_16)
FNDA:0,(anonymous_17)
FNDA:0,(anonymous_18)
FNDA:0,(anonymous_19)
FNDA:0,(anonymous_20)
DA:1,6
DA:5,6
DA:6,6
DA:7,6
DA:8,6
DA:12,0
DA:13,0
DA:14,0
DA:15,0
DA:16,0
DA:20,0
DA:21,0
DA:27,0
DA:34,0
DA:42,0
DA:50,0
DA:58,0
DA:66,0
DA:74,0
DA:84,0
DA:92,0
DA:96,0
DA:100,0
DA:104,0
DA:108,0
DA:112,0
DA:116,0
DA:127,0
DA:137,0
DA:157,0
DA:175,0
LF:31
LH:5
BRF:0
BRH:0
end_of_record
TN:
SF:src/database/repository/KeystoreRepo.ts
FN:6,(anonymous_0)
FN:10,(anonymous_1)
FN:14,(anonymous_2)
FN:28,(anonymous_3)
FNF:4
FNH:0
FNDA:0,(anonymous_0)
FNDA:0,(anonymous_1)
FNDA:0,(anonymous_2)
FNDA:0,(anonymous_3)
DA:1,2
DA:5,2
DA:7,0
DA:11,0
DA:19,0
DA:33,0
DA:34,0
DA:41,0
LF:8
LH:2
BRF:0
BRH:0
end_of_record
TN:
SF:src/database/repository/RoleRepo.ts
FN:4,(anonymous_0)
FNF:1
FNH:0
FNDA:0,(anonymous_0)
DA:1,6
DA:3,6
DA:5,0
LF:3
LH:2
BRF:0
BRH:0
end_of_record
TN:
SF:src/database/repository/UserRepo.ts
FN:10,(anonymous_1)
FN:21,(anonymous_2)
FN:33,(anonymous_3)
FN:45,(anonymous_4)
FN:49,(anonymous_5)
FN:70,(anonymous_6)
FN:83,(anonymous_7)
FNF:7
FNH:0
FNDA:0,(anonymous_1)
FNDA:0,(anonymous_2)
FNDA:0,(anonymous_3)
FNDA:0,(anonymous_4)
FNDA:0,(anonymous_5)
FNDA:0,(anonymous_6)
FNDA:0,(anonymous_7)
DA:1,2
DA:2,2
DA:3,2
DA:5,2
DA:8,2
DA:11,0
DA:22,0
DA:34,0
DA:46,0
DA:55,0
DA:57,0
DA:61,0
DA:63,0
DA:64,0
DA:65,0
DA:66,0
DA:67,0
DA:75,0
DA:76,0
DA:79,0
DA:80,0
DA:84,0
DA:85,0
LF:23
LH:5
BRDA:61,0,0,0
BRDA:61,0,1,0
BRF:2
BRH:0
end_of_record
TN:
SF:src/helpers/asyncHandler.ts
FN:5,(anonymous_0)
FN:5,(anonymous_1)
FNF:2
FNH:2
FNDA:256,(anonymous_0)
FNDA:129,(anonymous_1)
DA:5,256
DA:6,129
LF:2
LH:2
BRF:0
BRH:0
end_of_record
TN:
SF:src/helpers/role.ts
FN:5,(anonymous_0)
FN:5,(anonymous_1)
FNF:2
FNH:2
FNDA:16,(anonymous_0)
FNDA:26,(anonymous_1)
DA:5,16
DA:6,26
DA:7,26
LF:3
LH:3
BRF:0
BRH:0
end_of_record
TN:
SF:src/helpers/validator.ts
FN:7,(anonymous_1)
FN:14,(anonymous_2)
FN:15,(anonymous_3)
FN:20,(anonymous_4)
FN:21,(anonymous_5)
FN:26,(anonymous_6)
FN:27,(anonymous_7)
FN:33,(anonymous_8)
FN:33,(anonymous_9)
FN:44,(anonymous_10)
FNF:10
FNH:10
FNDA:8,(anonymous_1)
FNDA:24,(anonymous_2)
FNDA:16,(anonymous_3)
FNDA:24,(anonymous_4)
FNDA:9,(anonymous_5)
FNDA:16,(anonymous_6)
FNDA:29,(anonymous_7)
FNDA:208,(anonymous_8)
FNDA:132,(anonymous_9)
FNDA:29,(anonymous_10)
DA:1,8
DA:3,8
DA:4,8
DA:5,8
DA:7,8
DA:8,8
DA:9,8
DA:10,8
DA:11,8
DA:14,8
DA:15,24
DA:16,16
DA:17,11
DA:20,8
DA:21,24
DA:22,9
DA:23,8
DA:26,8
DA:27,16
DA:28,29
DA:29,28
DA:30,28
DA:33,208
DA:38,132
DA:39,132
DA:41,132
DA:43,29
DA:44,29
DA:45,29
DA:47,29
DA:49,0
LF:31
LH:30
BRDA:7,0,0,8
BRDA:7,0,1,8
BRDA:16,1,0,5
BRDA:16,1,1,11
BRDA:22,2,0,1
BRDA:22,2,1,8
BRDA:28,3,0,1
BRDA:28,3,1,28
BRDA:29,4,0,0
BRDA:29,4,1,28
BRDA:33,5,0,48
BRDA:41,6,0,103
BRDA:41,6,1,29
BRF:13
BRH:12
end_of_record
TN:
SF:src/routes/v1/index.ts
FNF:0
FNH:0
DA:1,8
DA:2,8
DA:3,8
DA:4,8
DA:5,8
DA:6,8
DA:7,8
DA:8,8
DA:9,8
DA:10,8
DA:11,8
DA:13,8
DA:17,8
DA:20,8
DA:21,8
DA:22,8
DA:23,8
DA:24,8
DA:25,8
DA:26,8
DA:27,8
DA:28,8
DA:30,8
LF:23
LH:23
BRF:0
BRH:0
end_of_record
TN:
SF:src/routes/v1/access/login.ts
FN:19,(anonymous_1)
FNF:1
FNH:1
FNDA:3,(anonymous_1)
DA:1,8
DA:2,8
DA:3,8
DA:4,8
DA:5,8
DA:6,8
DA:7,8
DA:8,8
DA:9,8
DA:10,8
DA:11,8
DA:12,8
DA:14,8
DA:16,8
DA:20,3
DA:21,3
DA:22,2
DA:24,2
DA:25,2
DA:27,1
DA:28,1
DA:30,1
DA:31,1
DA:33,1
LF:24
LH:24
BRDA:21,0,0,1
BRDA:21,0,1,2
BRDA:22,1,0,0
BRDA:22,1,1,2
BRDA:25,2,0,1
BRDA:25,2,1,1
BRF:6
BRH:5
end_of_record
TN:
SF:src/routes/v1/access/logout.ts
FN:17,(anonymous_1)
FNF:1
FNH:0
FNDA:0,(anonymous_1)
DA:1,8
DA:2,8
DA:4,8
DA:5,8
DA:6,8
DA:8,8
DA:12,8
DA:15,8
DA:18,0
DA:19,0
DA:23,8
LF:11
LH:9
BRF:0
BRH:0
end_of_record
TN:
SF:src/routes/v1/access/schema.ts
FNF:0
FNH:0
DA:1,8
DA:2,8
DA:4,8
LF:3
LH:3
BRF:0
BRH:0
end_of_record
TN:
SF:src/routes/v1/access/signup.ts
FN:21,(anonymous_1)
FNF:1
FNH:1
FNDA:2,(anonymous_1)
DA:1,8
DA:2,8
DA:4,8
DA:5,8
DA:6,8
DA:8,8
DA:9,8
DA:10,8
DA:11,8
DA:12,8
DA:13,8
DA:16,8
DA:18,8
DA:22,2
DA:23,2
DA:25,1
DA:26,1
DA:27,1
DA:29,1
DA:41,1
DA:42,1
DA:49,8
LF:22
LH:22
BRDA:23,0,0,1
BRDA:23,0,1,1
BRF:2
BRH:2
end_of_record
TN:
SF:src/routes/v1/access/token.ts
FN:21,(anonymous_7)
FNF:1
FNH:0
FNDA:0,(anonymous_7)
DA:1,8
DA:2,8
DA:4,8
DA:5,8
DA:6,8
DA:7,8
DA:8,8
DA:9,8
DA:10,8
DA:11,8
DA:12,8
DA:13,8
DA:15,8
DA:17,8
DA:22,0
DA:24,0
DA:25,0
DA:27,0
DA:28,0
DA:29,0
DA:31,0
DA:32,0
DA:34,0
DA:35,0
DA:37,0
DA:43,0
DA:44,0
DA:46,0
DA:47,0
DA:49,0
DA:50,0
DA:52,0
DA:56,8
LF:33
LH:15
BRDA:28,0,0,0
BRDA:28,0,1,0
BRDA:34,1,0,0
BRDA:34,1,1,0
BRDA:43,2,0,0
BRDA:43,2,1,0
BRF:6
BRH:0
end_of_record
TN:
SF:src/routes/v1/blog/blogDetail.ts
FN:15,(anonymous_7)
FN:25,(anonymous_8)
FNF:2
FNH:2
FNDA:2,(anonymous_7)
FNDA:2,(anonymous_8)
DA:1,8
DA:2,8
DA:3,8
DA:4,8
DA:5,8
DA:6,8
DA:7,8
DA:8,8
DA:10,8
DA:12,8
DA:16,2
DA:17,2
DA:18,1
DA:22,8
DA:26,2
DA:27,2
DA:28,1
DA:32,8
LF:18
LH:18
BRDA:17,0,0,1
BRDA:17,0,1,1
BRDA:27,1,0,1
BRDA:27,1,1,1
BRF:4
BRH:4
end_of_record
TN:
SF:src/routes/v1/blog/blogList.ts
FN:17,(anonymous_7)
FN:33,(anonymous_8)
FN:47,(anonymous_9)
FN:62,(anonymous_10)
FNF:4
FNH:0
FNDA:0,(anonymous_7)
FNDA:0,(anonymous_8)
FNDA:0,(anonymous_9)
FNDA:0,(anonymous_10)
DA:1,8
DA:2,8
DA:3,8
DA:4,8
DA:5,8
DA:6,8
DA:7,8
DA:8,8
DA:11,8
DA:13,8
DA:18,0
DA:24,0
DA:26,0
DA:30,8
DA:34,0
DA:38,0
DA:40,0
DA:44,8
DA:48,0
DA:53,0
DA:55,0
DA:59,8
DA:63,0
DA:64,0
DA:66,0
DA:67,0
DA:69,0
DA:73,8
LF:28
LH:14
BRDA:24,0,0,0
BRDA:24,0,1,0
BRDA:24,1,0,0
BRDA:24,1,1,0
BRDA:38,2,0,0
BRDA:38,2,1,0
BRDA:38,3,0,0
BRDA:38,3,1,0
BRDA:53,4,0,0
BRDA:53,4,1,0
BRDA:53,5,0,0
BRDA:53,5,1,0
BRDA:64,6,0,0
BRDA:64,6,1,0
BRDA:64,7,0,0
BRDA:64,7,1,0
BRDA:67,8,0,0
BRDA:67,8,1,0
BRDA:67,9,0,0
BRDA:67,9,1,0
BRF:20
BRH:0
end_of_record
TN:
SF:src/routes/v1/blog/editor.ts
FN:25,(anonymous_7)
FN:43,(anonymous_8)
FN:59,(anonymous_9)
FN:72,(anonymous_10)
FN:80,(anonymous_11)
FN:88,(anonymous_12)
FN:97,(anonymous_13)
FNF:7
FNH:0
FNDA:0,(anonymous_7)
FNDA:0,(anonymous_8)
FNDA:0,(anonymous_9)
FNDA:0,(anonymous_10)
FNDA:0,(anonymous_11)
FNDA:0,(anonymous_12)
FNDA:0,(anonymous_13)
DA:1,8
DA:2,8
DA:4,8
DA:5,8
DA:7,8
DA:8,8
DA:9,8
DA:10,8
DA:11,8
DA:12,8
DA:13,8
DA:15,8
DA:19,8
DA:22,8
DA:26,0
DA:27,0
DA:29,0
DA:30,0
DA:31,0
DA:32,0
DA:33,0
DA:35,0
DA:36,0
DA:40,8
DA:44,0
DA:45,0
DA:47,0
DA:48,0
DA:49,0
DA:51,0
DA:52,0
DA:56,8
DA:60,0
DA:61,0
DA:63,0
DA:65,0
DA:66,0
DA:70,8
DA:73,0
DA:74,0
DA:78,8
DA:81,0
DA:82,0
DA:86,8
DA:89,0
DA:90,0
DA:94,8
DA:98,0
DA:100,0
DA:101,0
DA:103,0
DA:107,8
LF:52
LH:21
BRDA:27,0,0,0
BRDA:27,0,1,0
BRDA:33,1,0,0
BRDA:33,1,1,0
BRDA:45,2,0,0
BRDA:45,2,1,0
BRDA:61,3,0,0
BRDA:61,3,1,0
BRDA:100,4,0,0
BRDA:100,4,1,0
BRDA:101,5,0,0
BRDA:101,5,1,0
BRDA:101,6,0,0
BRDA:101,6,1,0
BRF:14
BRH:0
end_of_record
TN:
SF:src/routes/v1/blog/schema.ts
FNF:0
FNH:0
DA:1,8
DA:2,8
DA:4,8
LF:3
LH:3
BRF:0
BRH:0
end_of_record
TN:
SF:src/routes/v1/blog/writer.ts
FN:23,(anonymous_7)
FN:28,(anonymous_8)
FN:55,(anonymous_9)
FN:83,(anonymous_10)
FN:100,(anonymous_11)
FN:117,(anonymous_12)
FN:138,(anonymous_13)
FN:146,(anonymous_14)
FN:154,(anonymous_15)
FN:163,(anonymous_16)
FNF:10
FNH:6
FNDA:2,(anonymous_7)
FNDA:2,(anonymous_8)
FNDA:0,(anonymous_9)
FNDA:2,(anonymous_10)
FNDA:2,(anonymous_11)
FNDA:2,(anonymous_12)
FNDA:0,(anonymous_13)
FNDA:0,(anonymous_14)
FNDA:0,(anonymous_15)
FNDA:3,(anonymous_16)
DA:1,8
DA:2,8
DA:4,8
DA:5,8
DA:8,8
DA:9,8
DA:10,8
DA:11,8
DA:12,8
DA:13,8
DA:14,8
DA:16,8
DA:20,8
DA:23,8
DA:25,8
DA:29,2
DA:31,2
DA:32,2
DA:34,1
DA:47,1
DA:51,8
DA:56,0
DA:57,0
DA:58,0
DA:59,0
DA:61,0
DA:62,0
DA:63,0
DA:64,0
DA:65,0
DA:68,0
DA:69,0
DA:70,0
DA:71,0
DA:72,0
DA:73,0
DA:75,0
DA:76,0
DA:80,8
DA:84,2
DA:85,2
DA:86,1
DA:87,0
DA:89,1
DA:90,1
DA:92,1
DA:93,1
DA:97,8
DA:101,2
DA:102,2
DA:103,1
DA:104,0
DA:106,1
DA:107,1
DA:109,1
DA:110,1
DA:114,8
DA:118,2
DA:119,2
DA:120,1
DA:121,0
DA:123,1
DA:124,0
DA:126,0
DA:128,1
DA:131,1
DA:132,1
DA:136,8
DA:139,0
DA:140,0
DA:144,8
DA:147,0
DA:148,0
DA:152,8
DA:155,0
DA:156,0
DA:160,8
DA:164,3
DA:165,3
DA:166,2
DA:167,1
DA:168,1
DA:172,8
LF:83
LH:55
BRDA:32,0,0,1
BRDA:32,0,1,1
BRDA:57,1,0,0
BRDA:57,1,1,0
BRDA:58,2,0,0
BRDA:58,2,1,0
BRDA:61,3,0,0
BRDA:61,3,1,0
BRDA:64,4,0,0
BRDA:64,4,1,0
BRDA:65,5,0,0
BRDA:65,5,1,0
BRDA:68,6,0,0
BRDA:68,6,1,0
BRDA:69,7,0,0
BRDA:69,7,1,0
BRDA:70,8,0,0
BRDA:70,8,1,0
BRDA:71,9,0,0
BRDA:71,9,1,0
BRDA:72,10,0,0
BRDA:72,10,1,0
BRDA:73,11,0,0
BRDA:73,11,1,0
BRDA:85,12,0,1
BRDA:85,12,1,1
BRDA:86,13,0,0
BRDA:86,13,1,1
BRDA:102,14,0,1
BRDA:102,14,1,1
BRDA:103,15,0,0
BRDA:103,15,1,1
BRDA:119,16,0,1
BRDA:119,16,1,1
BRDA:120,17,0,0
BRDA:120,17,1,1
BRDA:123,18,0,0
BRDA:123,18,1,1
BRDA:165,19,0,1
BRDA:165,19,1,2
BRDA:166,20,0,1
BRDA:166,20,1,1
BRF:42
BRH:16
end_of_record
TN:
SF:src/routes/v1/profile/schema.ts
FNF:0
FNH:0
DA:1,8
DA:2,8
DA:4,8
LF:3
LH:3
BRF:0
BRH:0
end_of_record
TN:
SF:src/routes/v1/profile/user.ts
FN:18,(anonymous_7)
FN:32,(anonymous_8)
FN:44,(anonymous_9)
FNF:3
FNH:0
FNDA:0,(anonymous_7)
FNDA:0,(anonymous_8)
FNDA:0,(anonymous_9)
DA:1,8
DA:2,8
DA:3,8
DA:5,8
DA:6,8
DA:7,8
DA:8,8
DA:9,8
DA:10,8
DA:11,8
DA:13,8
DA:15,8
DA:19,0
DA:20,0
DA:21,0
DA:27,8
DA:30,8
DA:33,0
DA:34,0
DA:35,0
DA:41,8
DA:45,0
DA:46,0
DA:48,0
DA:49,0
DA:51,0
DA:52,0
DA:59,8
LF:28
LH:16
BRDA:20,0,0,0
BRDA:20,0,1,0
BRDA:34,1,0,0
BRDA:34,1,1,0
BRDA:46,2,0,0
BRDA:46,2,1,0
BRDA:48,3,0,0
BRDA:48,3,1,0
BRDA:49,4,0,0
BRDA:49,4,1,0
BRF:10
BRH:0
end_of_record
