TN:
SF:src/config.ts
FNF:0
FNH:0
DA:2,2
DA:3,2
DA:6,2
DA:15,2
DA:17,2
DA:24,2
LF:6
LH:6
BRDA:7,0,0,2
BRDA:7,0,1,2
BRDA:8,1,0,2
BRDA:8,1,1,0
BRDA:9,2,0,2
BRDA:9,2,1,0
BRDA:10,3,0,2
BRDA:10,3,1,0
BRDA:11,4,0,2
BRDA:11,4,1,0
BRDA:12,5,0,2
BRDA:12,5,1,0
BRDA:18,6,0,2
BRDA:18,6,1,2
BRDA:19,7,0,2
BRDA:19,7,1,2
BRDA:20,8,0,2
BRDA:20,8,1,0
BRDA:21,9,0,2
BRDA:21,9,1,0
BRF:20
BRH:13
end_of_record
TN:
SF:src/auth/authUtils.ts
FN:8,(anonymous_6)
FN:14,(anonymous_7)
FN:29,(anonymous_8)
FNF:3
FNH:2
FNDA:0,(anonymous_6)
FNDA:3,(anonymous_7)
FNDA:1,(anonymous_8)
DA:2,1
DA:3,1
DA:4,1
DA:6,1
DA:8,1
DA:9,0
DA:10,0
DA:11,0
DA:14,1
DA:15,3
DA:25,1
DA:26,2
DA:29,1
DA:34,1
DA:44,1
DA:46,1
DA:56,1
DA:58,1
LF:18
LH:15
BRDA:9,0,0,0
BRDA:9,0,1,0
BRDA:10,1,0,0
BRDA:10,1,1,0
BRDA:15,2,0,1
BRDA:15,2,1,2
BRDA:16,3,0,3
BRDA:16,3,1,3
BRDA:16,3,2,3
BRDA:16,3,3,3
BRDA:16,3,4,3
BRDA:16,3,5,3
BRDA:16,3,6,3
BRDA:16,3,7,3
BRDA:44,4,0,0
BRDA:44,4,1,1
BRDA:56,5,0,0
BRDA:56,5,1,1
BRF:18
BRH:12
end_of_record
TN:
SF:src/core/ApiError.ts
FN:12,(anonymous_0)
FN:26,(anonymous_1)
FN:30,(anonymous_2)
FN:59,(anonymous_3)
FN:65,(anonymous_4)
FN:71,(anonymous_5)
FN:77,(anonymous_6)
FN:83,(anonymous_7)
FN:89,(anonymous_8)
FN:95,(anonymous_9)
FN:101,(anonymous_10)
FN:107,(anonymous_11)
FN:113,(anonymous_12)
FNF:13
FNH:5
FNDA:2,(anonymous_0)
FNDA:4,(anonymous_1)
FNDA:0,(anonymous_2)
FNDA:1,(anonymous_3)
FNDA:0,(anonymous_4)
FNDA:0,(anonymous_5)
FNDA:0,(anonymous_6)
FNDA:0,(anonymous_7)
FNDA:0,(anonymous_8)
FNDA:2,(anonymous_9)
FNDA:1,(anonymous_10)
FNDA:0,(anonymous_11)
FNDA:0,(anonymous_12)
DA:2,2
DA:3,2
DA:12,2
DA:13,2
DA:14,2
DA:15,2
DA:16,2
DA:17,2
DA:18,2
DA:19,2
DA:20,2
DA:21,2
DA:22,2
DA:25,2
DA:26,4
DA:27,4
DA:31,0
DA:35,0
DA:37,0
DA:39,0
DA:43,0
DA:45,0
DA:47,0
DA:49,0
DA:51,0
DA:52,0
DA:58,2
DA:60,1
DA:64,2
DA:66,0
DA:70,2
DA:72,0
DA:76,2
DA:78,0
DA:82,2
DA:84,0
DA:88,2
DA:90,0
DA:94,2
DA:96,2
DA:100,2
DA:102,1
DA:106,2
DA:108,0
DA:112,2
DA:114,0
LF:46
LH:29
BRDA:12,0,0,2
BRDA:12,0,1,2
BRDA:26,1,0,0
BRDA:32,2,0,0
BRDA:32,2,1,0
BRDA:32,2,2,0
BRDA:32,2,3,0
BRDA:32,2,4,0
BRDA:32,2,5,0
BRDA:32,2,6,0
BRDA:32,2,7,0
BRDA:32,2,8,0
BRDA:32,2,9,0
BRDA:32,2,10,0
BRDA:51,3,0,0
BRDA:51,3,1,0
BRDA:59,4,0,0
BRDA:65,5,0,0
BRDA:71,6,0,0
BRDA:77,7,0,0
BRDA:83,8,0,0
BRDA:89,9,0,0
BRDA:95,10,0,2
BRDA:101,11,0,1
BRDA:107,12,0,0
BRDA:113,13,0,0
BRF:26
BRH:4
end_of_record
TN:
SF:src/core/ApiResponse.ts
FN:4,(anonymous_0)
FN:11,(anonymous_1)
FN:21,(anonymous_2)
FN:27,(anonymous_3)
FN:31,(anonymous_4)
FN:35,(anonymous_5)
FN:46,(anonymous_6)
FN:54,(anonymous_7)
FN:58,(anonymous_8)
FN:65,(anonymous_9)
FN:71,(anonymous_10)
FN:77,(anonymous_11)
FN:83,(anonymous_12)
FN:89,(anonymous_13)
FN:95,(anonymous_14)
FN:99,(anonymous_15)
FN:107,(anonymous_16)
FN:111,(anonymous_17)
FN:118,(anonymous_18)
FN:122,(anonymous_19)
FNF:20
FNH:2
FNDA:2,(anonymous_0)
FNDA:2,(anonymous_1)
FNDA:0,(anonymous_2)
FNDA:0,(anonymous_3)
FNDA:0,(anonymous_4)
FNDA:0,(anonymous_5)
FNDA:0,(anonymous_6)
FNDA:0,(anonymous_7)
FNDA:0,(anonymous_8)
FNDA:0,(anonymous_9)
FNDA:0,(anonymous_10)
FNDA:0,(anonymous_11)
FNDA:0,(anonymous_12)
FNDA:0,(anonymous_13)
FNDA:0,(anonymous_14)
FNDA:0,(anonymous_15)
FNDA:0,(anonymous_16)
FNDA:0,(anonymous_17)
FNDA:0,(anonymous_18)
FNDA:0,(anonymous_19)
DA:4,2
DA:5,2
DA:6,2
DA:7,2
DA:8,2
DA:11,2
DA:12,2
DA:13,2
DA:14,2
DA:15,2
DA:16,2
DA:17,2
DA:22,0
DA:23,0
DA:24,0
DA:28,0
DA:32,0
DA:36,0
DA:37,0
DA:39,0
DA:40,0
DA:41,0
DA:45,2
DA:47,0
DA:51,2
DA:55,0
DA:59,0
DA:60,0
DA:64,2
DA:66,0
DA:70,2
DA:72,0
DA:76,2
DA:78,0
DA:82,2
DA:84,0
DA:88,2
DA:90,0
DA:94,2
DA:95,0
DA:96,0
DA:100,0
DA:104,2
DA:105,0
DA:108,0
DA:112,0
DA:113,0
DA:117,2
DA:118,0
DA:119,0
DA:123,0
LF:51
LH:22
BRDA:4,0,0,2
BRDA:4,0,1,2
BRDA:11,1,0,2
BRDA:11,1,1,2
BRDA:40,2,0,0
BRDA:40,2,1,0
BRDA:46,3,0,0
BRDA:54,4,0,0
BRDA:59,5,0,0
BRDA:59,5,1,0
BRDA:59,6,0,0
BRDA:59,6,1,0
BRDA:65,7,0,0
BRDA:71,8,0,0
BRDA:77,9,0,0
BRDA:107,10,0,0
BRF:16
BRH:4
end_of_record
TN:
SF:src/core/JWT.ts
FN:17,(anonymous_1)
FN:21,(anonymous_2)
FN:25,(anonymous_3)
FN:35,(anonymous_4)
FN:51,(anonymous_5)
FN:71,(anonymous_6)
FNF:6
FNH:6
FNDA:6,(anonymous_1)
FNDA:7,(anonymous_2)
FNDA:7,(anonymous_3)
FNDA:3,(anonymous_4)
FNDA:3,(anonymous_5)
FNDA:8,(anonymous_6)
DA:1,2
DA:2,2
DA:3,2
DA:4,2
DA:5,2
DA:6,2
DA:16,2
DA:18,6
DA:22,7
DA:26,7
DA:27,7
DA:29,7
DA:36,3
DA:37,3
DA:39,3
DA:41,2
DA:42,2
DA:44,1
DA:52,3
DA:53,3
DA:55,3
DA:57,1
DA:58,1
DA:63,2
DA:72,8
DA:73,8
DA:74,8
DA:75,8
DA:76,8
DA:77,8
LF:30
LH:30
BRDA:27,0,0,0
BRDA:27,0,1,7
BRDA:42,1,0,1
BRDA:42,1,1,1
BRDA:42,2,0,2
BRDA:42,2,1,2
BRF:6
BRH:5
end_of_record
TN:
SF:src/core/Logger.ts
FNF:0
FNH:0
DA:1,2
DA:2,2
DA:3,2
DA:4,2
DA:5,2
DA:7,2
DA:8,2
DA:11,2
DA:13,0
DA:16,2
DA:18,2
DA:35,2
LF:12
LH:11
BRDA:8,0,0,2
BRDA:8,0,1,0
BRDA:11,1,0,0
BRDA:11,1,1,2
BRDA:16,2,0,0
BRDA:16,2,1,2
BRF:6
BRH:3
end_of_record
